Using pre-set license
Built from '2021.3/staging' branch; Version is '2021.3.5f1 (40eb3a945986) revision 4254522'; Using compiler version '192829333'; Build Type 'Release'
OS: 'Windows 10  (10.0.19044) 64bit Professional' Language: 'ru' Physical Memory: 16304 MB
BatchMode: 1, IsHumanControllingUs: 0, StartBugReporterOnCrash: 0, Is64bit: 1, IsPro: 1

COMMAND LINE ARGUMENTS:
D:\unity\2021.3.5f1\Editor\Unity.exe
-adb2
-batchMode
-noUpm
-name
AssetImportWorker4
-projectPath
D:/GameUnity/Hide & Seek Alarm Clocks
-logFile
Logs/AssetImportWorker4.log
-srvPort
52093
Successfully changed project path to: D:/GameUnity/Hide & Seek Alarm Clocks
D:/GameUnity/Hide & Seek Alarm Clocks
[UnityMemory] Configuration Parameters - Can be set up in boot.config
    "memorysetup-bucket-allocator-granularity=16"
    "memorysetup-bucket-allocator-bucket-count=8"
    "memorysetup-bucket-allocator-block-size=33554432"
    "memorysetup-bucket-allocator-block-count=8"
    "memorysetup-main-allocator-block-size=16777216"
    "memorysetup-thread-allocator-block-size=16777216"
    "memorysetup-gfx-main-allocator-block-size=16777216"
    "memorysetup-gfx-thread-allocator-block-size=16777216"
    "memorysetup-cache-allocator-block-size=4194304"
    "memorysetup-typetree-allocator-block-size=2097152"
    "memorysetup-profiler-bucket-allocator-granularity=16"
    "memorysetup-profiler-bucket-allocator-bucket-count=8"
    "memorysetup-profiler-bucket-allocator-block-size=33554432"
    "memorysetup-profiler-bucket-allocator-block-count=8"
    "memorysetup-profiler-allocator-block-size=16777216"
    "memorysetup-profiler-editor-allocator-block-size=1048576"
    "memorysetup-temp-allocator-size-main=16777216"
    "memorysetup-job-temp-allocator-block-size=2097152"
    "memorysetup-job-temp-allocator-block-size-background=1048576"
    "memorysetup-job-temp-allocator-reduction-small-platforms=262144"
    "memorysetup-temp-allocator-size-background-worker=32768"
    "memorysetup-temp-allocator-size-job-worker=262144"
    "memorysetup-temp-allocator-size-preload-manager=33554432"
    "memorysetup-temp-allocator-size-nav-mesh-worker=65536"
    "memorysetup-temp-allocator-size-audio-worker=65536"
    "memorysetup-temp-allocator-size-cloud-worker=32768"
    "memorysetup-temp-allocator-size-gi-baking-worker=262144"
    "memorysetup-temp-allocator-size-gfx=262144"
Refreshing native plugins compatible for Editor in 125.43 ms, found 3 plugins.
Preloading 0 native plugins for Editor in 0.00 ms.
Initialize engine version: 2021.3.5f1 (40eb3a945986)
[Subsystems] Discovering subsystems at path D:/unity/2021.3.5f1/Editor/Data/Resources/UnitySubsystems
[Subsystems] Discovering subsystems at path D:/GameUnity/Hide & Seek Alarm Clocks/Assets
GfxDevice: creating device client; threaded=0; jobified=0
Direct3D:
    Version:  Direct3D 11.0 [level 11.1]
    Renderer: NVIDIA GeForce GTX 1060 6GB (ID=0x1c03)
    Vendor:   NVIDIA
    VRAM:     6052 MB
    Driver:   30.0.15.1123
Initialize mono
Mono path[0] = 'D:/unity/2021.3.5f1/Editor/Data/Managed'
Mono path[1] = 'D:/unity/2021.3.5f1/Editor/Data/MonoBleedingEdge/lib/mono/unityjit-win32'
Mono config path = 'D:/unity/2021.3.5f1/Editor/Data/MonoBleedingEdge/etc'
Using monoOptions --debugger-agent=transport=dt_socket,embedding=1,server=y,suspend=n,address=127.0.0.1:56908
Begin MonoManager ReloadAssembly
Registering precompiled unity dll's ...
Register platform support module: D:/unity/2021.3.5f1/Editor/Data/PlaybackEngines/WebGLSupport/UnityEditor.WebGL.Extensions.dll
Register platform support module: D:/unity/2021.3.5f1/Editor/Data/PlaybackEngines/WindowsStandaloneSupport/UnityEditor.WindowsStandalone.Extensions.dll
Registered in 0.004743 seconds.
Native extension for WindowsStandalone target not found
Native extension for WebGL target not found
Refreshing native plugins compatible for Editor in 123.26 ms, found 3 plugins.
Preloading 0 native plugins for Editor in 0.00 ms.
Mono: successfully reloaded assembly
- Completed reload, in  0.902 seconds
Domain Reload Profiling:
	ReloadAssembly (903ms)
		BeginReloadAssembly (98ms)
			ExecutionOrderSort (0ms)
			DisableScriptedObjects (0ms)
			BackupInstance (0ms)
			ReleaseScriptingObjects (0ms)
			CreateAndSetChildDomain (1ms)
		EndReloadAssembly (652ms)
			LoadAssemblies (97ms)
			RebuildTransferFunctionScriptingTraits (0ms)
			SetupTypeCache (151ms)
			ReleaseScriptCaches (0ms)
			RebuildScriptCaches (41ms)
			SetupLoadedEditorAssemblies (391ms)
				LogAssemblyErrors (0ms)
				InitializePlatformSupportModulesInManaged (11ms)
				SetLoadedEditorAssemblies (0ms)
				RefreshPlugins (123ms)
				BeforeProcessingInitializeOnLoad (2ms)
				ProcessInitializeOnLoadAttributes (186ms)
				ProcessInitializeOnLoadMethodAttributes (68ms)
				AfterProcessingInitializeOnLoad (0ms)
				EditorAssembliesLoaded (0ms)
			ExecutionOrderSort2 (0ms)
			AwakeInstancesAfterBackupRestoration (0ms)
Platform modules already initialized, skipping
Registering precompiled user dll's ...
Registered in 0.005676 seconds.
Begin MonoManager ReloadAssembly
Symbol file LoadedFromMemory doesn't match image D:\GameUnity\Hide & Seek Alarm Clocks\Library\PackageCache\com.unity.visualscripting@1.7.8\Editor\VisualScripting.Core\Dependencies\YamlDotNet\Unity.VisualScripting.YamlDotNet.dll
Symbol file LoadedFromMemory doesn't match image D:\GameUnity\Hide & Seek Alarm Clocks\Library\PackageCache\com.unity.visualscripting@1.7.8\Editor\VisualScripting.Core\Dependencies\DotNetZip\Unity.VisualScripting.IonicZip.dll
Native extension for WindowsStandalone target not found
Native extension for WebGL target not found
Refreshing native plugins compatible for Editor in 0.81 ms, found 3 plugins.
Preloading 0 native plugins for Editor in 0.00 ms.
Mono: successfully reloaded assembly
- Completed reload, in  1.446 seconds
Domain Reload Profiling:
	ReloadAssembly (1448ms)
		BeginReloadAssembly (148ms)
			ExecutionOrderSort (0ms)
			DisableScriptedObjects (9ms)
			BackupInstance (0ms)
			ReleaseScriptingObjects (0ms)
			CreateAndSetChildDomain (24ms)
		EndReloadAssembly (1138ms)
			LoadAssemblies (103ms)
			RebuildTransferFunctionScriptingTraits (0ms)
			SetupTypeCache (377ms)
			ReleaseScriptCaches (1ms)
			RebuildScriptCaches (82ms)
			SetupLoadedEditorAssemblies (518ms)
				LogAssemblyErrors (0ms)
				InitializePlatformSupportModulesInManaged (8ms)
				SetLoadedEditorAssemblies (1ms)
				RefreshPlugins (1ms)
				BeforeProcessingInitializeOnLoad (123ms)
				ProcessInitializeOnLoadAttributes (340ms)
				ProcessInitializeOnLoadMethodAttributes (41ms)
				AfterProcessingInitializeOnLoad (5ms)
				EditorAssembliesLoaded (0ms)
			ExecutionOrderSort2 (0ms)
			AwakeInstancesAfterBackupRestoration (9ms)
Platform modules already initialized, skipping
========================================================================
Worker process is ready to serve import requests
Launched and connected shader compiler UnityShaderCompiler.exe after 0.11 seconds
Refreshing native plugins compatible for Editor in 0.88 ms, found 3 plugins.
Preloading 0 native plugins for Editor in 0.00 ms.
Unloading 3510 Unused Serialized files (Serialized files now loaded: 0)
Unloading 31 unused Assets / (396.3 KB). Loaded Objects now: 3963.
Memory consumption went from 127.8 MB to 127.4 MB.
Total: 4.031200 ms (FindLiveObjects: 0.312500 ms CreateObjectMapping: 0.170100 ms MarkObjects: 3.384900 ms  DeleteObjects: 0.162100 ms)

AssetImportParameters requested are different than current active one (requested -> active):
  custom:video-decoder-ogg-theora: a1e56fd34408186e4bbccfd4996cb3dc -> 
  custom:container-muxer-webm: aa71ff27fc2769a1b78a27578f13a17b -> 
  custom:container-demuxer-webm: 4f35f7cbe854078d1ac9338744f61a02 -> 
  custom:video-encoder-webm-vp8: eb34c28f22e8b96e1ab97ce403110664 -> 
  custom:audio-encoder-webm-vorbis: bf7c407c2cedff20999df2af8eb42d56 -> 
  custom:framework-win-MediaFoundation: 216162199b28c13a410421893ffa2e32 -> 
  custom:container-demuxer-ogg: 62fdf1f143b41e24485cea50d1cbac27 -> 
  custom:video-decoder-webm-vp8: 9c59270c3fd7afecdb556c50c9e8de78 -> 
  custom:audio-decoder-ogg-vorbis: bf7c407c2cedff20999df2af8eb42d56 -> 
========================================================================
Received Import Request.
  Time since last request: 146465.808634 seconds.
  path: Assets/Content/Textures/New Material.mat
  artifactKey: Guid(8e7e820fea2a9944c985bce949c6c9b7) Importer(815301076,1909f56bfc062723c751e8b465ee728b)
Start importing Assets/Content/Textures/New Material.mat using Guid(8e7e820fea2a9944c985bce949c6c9b7) Importer(815301076,1909f56bfc062723c751e8b465ee728b)  -> (artifact id: '97bc5807cc299449ca62dbf409a6b787') in 0.163264 seconds 
========================================================================
Received Import Request.
  Time since last request: 25.281408 seconds.
  path: Assets/Content/Materials/Wallpaper-1.mat
  artifactKey: Guid(c4c3f6bf144da654abfc2ab0d7d625b7) Importer(815301076,1909f56bfc062723c751e8b465ee728b)
Start importing Assets/Content/Materials/Wallpaper-1.mat using Guid(c4c3f6bf144da654abfc2ab0d7d625b7) Importer(815301076,1909f56bfc062723c751e8b465ee728b)  -> (artifact id: 'd7df9373e62d4693e01de94769311c4a') in 0.008778 seconds 
========================================================================
Received Import Request.
  Time since last request: 6.326849 seconds.
  path: Assets/Content/Materials/Wallpaper-2.mat
  artifactKey: Guid(2a9080d0daef906469fc88dab585a38d) Importer(815301076,1909f56bfc062723c751e8b465ee728b)
Start importing Assets/Content/Materials/Wallpaper-2.mat using Guid(2a9080d0daef906469fc88dab585a38d) Importer(815301076,1909f56bfc062723c751e8b465ee728b)  -> (artifact id: '3610dd8a6431dc142426ff8efa9c482b') in 0.007735 seconds 
========================================================================
Received Import Request.
  Time since last request: 10.238386 seconds.
  path: Assets/Content/Materials/Wallpaper-3.mat
  artifactKey: Guid(817a4c67b151e5341a65d8eadda0bd8e) Importer(815301076,1909f56bfc062723c751e8b465ee728b)
Start importing Assets/Content/Materials/Wallpaper-3.mat using Guid(817a4c67b151e5341a65d8eadda0bd8e) Importer(815301076,1909f56bfc062723c751e8b465ee728b)  -> (artifact id: 'fa2341d967184b3d723b7ff6abf2adcd') in 0.008809 seconds 
========================================================================
Received Import Request.
  Time since last request: 17.518159 seconds.
  path: Assets/Content/Materials/Wallpaper-3 1.mat
  artifactKey: Guid(d559c13eae56d574faee81254f6eb9bf) Importer(815301076,1909f56bfc062723c751e8b465ee728b)
Start importing Assets/Content/Materials/Wallpaper-3 1.mat using Guid(d559c13eae56d574faee81254f6eb9bf) Importer(815301076,1909f56bfc062723c751e8b465ee728b)  -> (artifact id: 'f3f194a9211077b99dd9e07f31363b31') in 0.008996 seconds 
========================================================================
Received Import Request.
  Time since last request: 0.797067 seconds.
  path: Assets/Content/Materials/Wallpaper-3 2.mat
  artifactKey: Guid(56f69d77ea8a3574cbf8671ff5efd143) Importer(815301076,1909f56bfc062723c751e8b465ee728b)
Start importing Assets/Content/Materials/Wallpaper-3 2.mat using Guid(56f69d77ea8a3574cbf8671ff5efd143) Importer(815301076,1909f56bfc062723c751e8b465ee728b)  -> (artifact id: '61f02b8ec85bdf9da50d62c84c4e9bbe') in 0.008193 seconds 
========================================================================
Received Import Request.
  Time since last request: 3.736317 seconds.
  path: Assets/Content/Materials/Wallpaper-3 3.mat
  artifactKey: Guid(03157718a947e804484abdfd082d11f6) Importer(815301076,1909f56bfc062723c751e8b465ee728b)
Start importing Assets/Content/Materials/Wallpaper-3 3.mat using Guid(03157718a947e804484abdfd082d11f6) Importer(815301076,1909f56bfc062723c751e8b465ee728b)  -> (artifact id: '54620538dd7b00da6c3dab8cd8d8da82') in 0.007797 seconds 
========================================================================
Received Import Request.
  Time since last request: 0.539819 seconds.
  path: Assets/Content/Materials/Wallpaper-3 4.mat
  artifactKey: Guid(a8be58e599d78a14ba3a4fac4f6740ba) Importer(815301076,1909f56bfc062723c751e8b465ee728b)
Start importing Assets/Content/Materials/Wallpaper-3 4.mat using Guid(a8be58e599d78a14ba3a4fac4f6740ba) Importer(815301076,1909f56bfc062723c751e8b465ee728b)  -> (artifact id: '110e3ad5e574ac950d644aa36f963cad') in 0.007592 seconds 
========================================================================
Received Import Request.
  Time since last request: 2.251372 seconds.
  path: Assets/Content/Materials/Wallpaper-3 5.mat
  artifactKey: Guid(81ac488ed1d84bf40ba2073972d24197) Importer(815301076,1909f56bfc062723c751e8b465ee728b)
Start importing Assets/Content/Materials/Wallpaper-3 5.mat using Guid(81ac488ed1d84bf40ba2073972d24197) Importer(815301076,1909f56bfc062723c751e8b465ee728b)  -> (artifact id: 'fc82c6473fb825397bbf511f6b9cf80e') in 0.007831 seconds 
========================================================================
Received Import Request.
  Time since last request: 10.680071 seconds.
  path: Assets/Content/Materials/Wallpaper-4.mat
  artifactKey: Guid(d559c13eae56d574faee81254f6eb9bf) Importer(815301076,1909f56bfc062723c751e8b465ee728b)
Start importing Assets/Content/Materials/Wallpaper-4.mat using Guid(d559c13eae56d574faee81254f6eb9bf) Importer(815301076,1909f56bfc062723c751e8b465ee728b)  -> (artifact id: '9bf44a654bbed3f58c2a158a95fa72e2') in 0.008693 seconds 
========================================================================
Received Import Request.
  Time since last request: 12.534473 seconds.
  path: Assets/Content/Materials/Wallpaper-5.mat
  artifactKey: Guid(56f69d77ea8a3574cbf8671ff5efd143) Importer(815301076,1909f56bfc062723c751e8b465ee728b)
Start importing Assets/Content/Materials/Wallpaper-5.mat using Guid(56f69d77ea8a3574cbf8671ff5efd143) Importer(815301076,1909f56bfc062723c751e8b465ee728b)  -> (artifact id: 'a3664e9c787aa21db2a4cc12821864e8') in 0.008707 seconds 
========================================================================
Received Import Request.
  Time since last request: 6.682022 seconds.
  path: Assets/Content/Materials/Wallpaper-6.mat
  artifactKey: Guid(03157718a947e804484abdfd082d11f6) Importer(815301076,1909f56bfc062723c751e8b465ee728b)
Start importing Assets/Content/Materials/Wallpaper-6.mat using Guid(03157718a947e804484abdfd082d11f6) Importer(815301076,1909f56bfc062723c751e8b465ee728b)  -> (artifact id: '580cb99428c3532f67aed8b037963b71') in 0.008242 seconds 
========================================================================
Received Import Request.
  Time since last request: 12.544386 seconds.
  path: Assets/Content/Materials/Wallpaper-7.mat
  artifactKey: Guid(a8be58e599d78a14ba3a4fac4f6740ba) Importer(815301076,1909f56bfc062723c751e8b465ee728b)
Start importing Assets/Content/Materials/Wallpaper-7.mat using Guid(a8be58e599d78a14ba3a4fac4f6740ba) Importer(815301076,1909f56bfc062723c751e8b465ee728b)  -> (artifact id: '504ed92ac8b434d1c52da26f5e3fd17e') in 0.007728 seconds 
========================================================================
Received Import Request.
  Time since last request: 6.370425 seconds.
  path: Assets/Content/Materials/Wallpaper-8.mat
  artifactKey: Guid(81ac488ed1d84bf40ba2073972d24197) Importer(815301076,1909f56bfc062723c751e8b465ee728b)
Start importing Assets/Content/Materials/Wallpaper-8.mat using Guid(81ac488ed1d84bf40ba2073972d24197) Importer(815301076,1909f56bfc062723c751e8b465ee728b)  -> (artifact id: 'a6e76be2e79c99bc798786551b9bef8c') in 0.007874 seconds 
========================================================================
Received Import Request.
  Time since last request: 70.036524 seconds.
  path: Assets/Content/Materials/Ceiling-1.mat
  artifactKey: Guid(4dd223ee77913524b997102e1a9f006c) Importer(815301076,1909f56bfc062723c751e8b465ee728b)
Start importing Assets/Content/Materials/Ceiling-1.mat using Guid(4dd223ee77913524b997102e1a9f006c) Importer(815301076,1909f56bfc062723c751e8b465ee728b)  -> (artifact id: '7b496112b94a2afeca0d5c9ae99711a3') in 0.007980 seconds 
========================================================================
Received Import Request.
  Time since last request: 21.174797 seconds.
  path: Assets/Content/Materials/Tile-.mat
  artifactKey: Guid(ad969d6a9945cac4384a87ef82ef512e) Importer(815301076,1909f56bfc062723c751e8b465ee728b)
Start importing Assets/Content/Materials/Tile-.mat using Guid(ad969d6a9945cac4384a87ef82ef512e) Importer(815301076,1909f56bfc062723c751e8b465ee728b)  -> (artifact id: '658347c6e0c7332960bb8daaf83c24ef') in 0.007804 seconds 
========================================================================
Received Import Request.
  Time since last request: 1.570563 seconds.
  path: Assets/Content/Materials/Tile- 1.mat
  artifactKey: Guid(270a6897e0f1bb542a939e90dd06b921) Importer(815301076,1909f56bfc062723c751e8b465ee728b)
Start importing Assets/Content/Materials/Tile- 1.mat using Guid(270a6897e0f1bb542a939e90dd06b921) Importer(815301076,1909f56bfc062723c751e8b465ee728b)  -> (artifact id: 'c201eff29535c36694e37365c8798eed') in 0.007932 seconds 
========================================================================
Received Import Request.
  Time since last request: 6.893367 seconds.
  path: Assets/Content/Materials/Tile-1.mat
  artifactKey: Guid(270a6897e0f1bb542a939e90dd06b921) Importer(815301076,1909f56bfc062723c751e8b465ee728b)
Start importing Assets/Content/Materials/Tile-1.mat using Guid(270a6897e0f1bb542a939e90dd06b921) Importer(815301076,1909f56bfc062723c751e8b465ee728b)  -> (artifact id: '1071af40f4a72da1e080a793ed10d087') in 0.008190 seconds 
========================================================================
Received Import Request.
  Time since last request: 4.298489 seconds.
  path: Assets/Content/Materials/Tile-2.mat
  artifactKey: Guid(ad969d6a9945cac4384a87ef82ef512e) Importer(815301076,1909f56bfc062723c751e8b465ee728b)
Start importing Assets/Content/Materials/Tile-2.mat using Guid(ad969d6a9945cac4384a87ef82ef512e) Importer(815301076,1909f56bfc062723c751e8b465ee728b)  -> (artifact id: '75a0db0615001de2af49bbe13c1ea0ef') in 0.007886 seconds 
========================================================================
Received Import Request.
  Time since last request: 19.438521 seconds.
  path: Assets/Content/Materials/Wood-1.mat
  artifactKey: Guid(fe2b51ae09552eb458e4dac2d3653f59) Importer(815301076,1909f56bfc062723c751e8b465ee728b)
Start importing Assets/Content/Materials/Wood-1.mat using Guid(fe2b51ae09552eb458e4dac2d3653f59) Importer(815301076,1909f56bfc062723c751e8b465ee728b)  -> (artifact id: '946dcb2277ca4132a3d15c7614467eeb') in 0.008051 seconds 
========================================================================
Received Import Request.
  Time since last request: 6.942440 seconds.
  path: Assets/Content/Materials/Wood-2.mat
  artifactKey: Guid(36abd0a4b55626b4d8bf6637529a03b7) Importer(815301076,1909f56bfc062723c751e8b465ee728b)
Start importing Assets/Content/Materials/Wood-2.mat using Guid(36abd0a4b55626b4d8bf6637529a03b7) Importer(815301076,1909f56bfc062723c751e8b465ee728b)  -> (artifact id: 'b20f9543816af8c4e6e39e24271934e4') in 0.007665 seconds 
========================================================================
Received Import Request.
  Time since last request: 7.553372 seconds.
  path: Assets/Content/Materials/Wood-3.mat
  artifactKey: Guid(664791398538dbf4a960c2edf39d62de) Importer(815301076,1909f56bfc062723c751e8b465ee728b)
Start importing Assets/Content/Materials/Wood-3.mat using Guid(664791398538dbf4a960c2edf39d62de) Importer(815301076,1909f56bfc062723c751e8b465ee728b)  -> (artifact id: '99956bf1c0590af9bc3d2224b9db9436') in 0.008087 seconds 
========================================================================
Received Import Request.
  Time since last request: 117.211202 seconds.
  path: Assets/TMI - Living Room/Textures/3x3 Shelf.png
  artifactKey: Guid(9b81d4cf2937e9b44b36ea0bfbc42494) Importer(815301076,1909f56bfc062723c751e8b465ee728b)
Start importing Assets/TMI - Living Room/Textures/3x3 Shelf.png using Guid(9b81d4cf2937e9b44b36ea0bfbc42494) Importer(815301076,1909f56bfc062723c751e8b465ee728b)  -> (artifact id: 'ccb3151b34fd4a6a11c141c36cc25419') in 0.057057 seconds 
========================================================================
Received Import Request.
  Time since last request: 0.000025 seconds.
  path: Assets/TMI - Living Room/Textures/bookA.png
  artifactKey: Guid(502eef5f381044c4d8f295ffdf5a6826) Importer(815301076,1909f56bfc062723c751e8b465ee728b)
Start importing Assets/TMI - Living Room/Textures/bookA.png using Guid(502eef5f381044c4d8f295ffdf5a6826) Importer(815301076,1909f56bfc062723c751e8b465ee728b)  -> (artifact id: 'c4918ceeb0387337b793f72fa87b8008') in 0.014963 seconds 
========================================================================
Received Import Request.
  Time since last request: 0.000031 seconds.
  path: Assets/TMI - Living Room/Textures/bookB.png
  artifactKey: Guid(a78116bd8bcfa6740971f28783fb86aa) Importer(815301076,1909f56bfc062723c751e8b465ee728b)
Start importing Assets/TMI - Living Room/Textures/bookB.png using Guid(a78116bd8bcfa6740971f28783fb86aa) Importer(815301076,1909f56bfc062723c751e8b465ee728b)  -> (artifact id: '48cf3d25dacb47cc0b8a3d95ec97d6a6') in 0.007162 seconds 
========================================================================
Received Import Request.
  Time since last request: 0.000023 seconds.
  path: Assets/VIRTI/VOXEL-Forniture-FREE/Example/Standard Assets/CrossPlatformInput/Sprites/ButtonArrowOverSprite.png
  artifactKey: Guid(49b611e658efbf443b686a4036f74fe3) Importer(815301076,1909f56bfc062723c751e8b465ee728b)
Start importing Assets/VIRTI/VOXEL-Forniture-FREE/Example/Standard Assets/CrossPlatformInput/Sprites/ButtonArrowOverSprite.png using Guid(49b611e658efbf443b686a4036f74fe3) Importer(815301076,1909f56bfc062723c751e8b465ee728b)  -> (artifact id: 'c8cecaedb94b36dfa9d63185300d9172') in 0.033355 seconds 
========================================================================
Received Import Request.
  Time since last request: 0.000021 seconds.
  path: Assets/VIRTI/VOXEL-Forniture-FREE/Example/Standard Assets/CrossPlatformInput/Sprites/ButtonArrowUpSprite.png
  artifactKey: Guid(4db017495c69e8140a56a0e2b669e3f8) Importer(815301076,1909f56bfc062723c751e8b465ee728b)
Start importing Assets/VIRTI/VOXEL-Forniture-FREE/Example/Standard Assets/CrossPlatformInput/Sprites/ButtonArrowUpSprite.png using Guid(4db017495c69e8140a56a0e2b669e3f8) Importer(815301076,1909f56bfc062723c751e8b465ee728b)  -> (artifact id: '97f3a89913983e664895a96a33b6ace9') in 0.016306 seconds 
========================================================================
Received Import Request.
  Time since last request: 0.000022 seconds.
  path: Assets/VIRTI/VOXEL-Forniture-FREE/Example/Standard Assets/CrossPlatformInput/Sprites/ButtonAcceleratorUpSprite.png
  artifactKey: Guid(f588d850485d0ae479d73cf3bd0b7b00) Importer(815301076,1909f56bfc062723c751e8b465ee728b)
Start importing Assets/VIRTI/VOXEL-Forniture-FREE/Example/Standard Assets/CrossPlatformInput/Sprites/ButtonAcceleratorUpSprite.png using Guid(f588d850485d0ae479d73cf3bd0b7b00) Importer(815301076,1909f56bfc062723c751e8b465ee728b)  -> (artifact id: '09023796e88cece542faa1c7e44a83ff') in 0.015227 seconds 
========================================================================
Received Import Request.
  Time since last request: 2.503619 seconds.
  path: Assets/VIRTI/VOXEL-Forniture-FREE/Example/Standard Assets/CrossPlatformInput/Sprites/ButtonBrakeOverSprite.png
  artifactKey: Guid(5b1a64ea234fb2343b8d0686c51280de) Importer(815301076,1909f56bfc062723c751e8b465ee728b)
Start importing Assets/VIRTI/VOXEL-Forniture-FREE/Example/Standard Assets/CrossPlatformInput/Sprites/ButtonBrakeOverSprite.png using Guid(5b1a64ea234fb2343b8d0686c51280de) Importer(815301076,1909f56bfc062723c751e8b465ee728b)  -> (artifact id: 'a79526cc89284228909a4826fe069e85') in 0.016978 seconds 
========================================================================
Received Import Request.
  Time since last request: 0.370900 seconds.
  path: Assets/VIRTI/VOXEL-Forniture-FREE/Example/Standard Assets/CrossPlatformInput/Sprites/ButtonCameraCycleUpSprite.png
  artifactKey: Guid(a3983c59ebf804b4abba687bd7c9e92f) Importer(815301076,1909f56bfc062723c751e8b465ee728b)
Start importing Assets/VIRTI/VOXEL-Forniture-FREE/Example/Standard Assets/CrossPlatformInput/Sprites/ButtonCameraCycleUpSprite.png using Guid(a3983c59ebf804b4abba687bd7c9e92f) Importer(815301076,1909f56bfc062723c751e8b465ee728b)  -> (artifact id: '0d7c4f682203c0c409053af8ad7c223c') in 0.014735 seconds 
========================================================================
Received Import Request.
  Time since last request: 0.022690 seconds.
  path: Assets/VIRTI/VOXEL-Forniture-FREE/Example/Standard Assets/CrossPlatformInput/Sprites/ButtonSpacebarSprite.png
  artifactKey: Guid(3d8675433a508ec47b8f895201eacf20) Importer(815301076,1909f56bfc062723c751e8b465ee728b)
Start importing Assets/VIRTI/VOXEL-Forniture-FREE/Example/Standard Assets/CrossPlatformInput/Sprites/ButtonSpacebarSprite.png using Guid(3d8675433a508ec47b8f895201eacf20) Importer(815301076,1909f56bfc062723c751e8b465ee728b)  -> (artifact id: '988a431309040c8ab561baa89a7f70bf') in 0.030358 seconds 
========================================================================
Received Import Request.
  Time since last request: 0.203697 seconds.
  path: Assets/VIRTI/VOXEL-Forniture-FREE/Example/Standard Assets/CrossPlatformInput/Sprites/ButtonThumbstickUpSprite.png
  artifactKey: Guid(9866a92691696b346901281f2b329034) Importer(815301076,1909f56bfc062723c751e8b465ee728b)
Start importing Assets/VIRTI/VOXEL-Forniture-FREE/Example/Standard Assets/CrossPlatformInput/Sprites/ButtonThumbstickUpSprite.png using Guid(9866a92691696b346901281f2b329034) Importer(815301076,1909f56bfc062723c751e8b465ee728b)  -> (artifact id: 'f67ac3b09507ee25b0c5601e73941f56') in 0.014676 seconds 
========================================================================
Received Import Request.
  Time since last request: 0.956451 seconds.
  path: Assets/VIRTI/VOXEL-Forniture-FREE/Example/Standard Assets/CrossPlatformInput/Sprites/ButtonTimescaleSlowUpSprite.png
  artifactKey: Guid(9d7c6e4896067aa4fa512a00f692ac1c) Importer(815301076,1909f56bfc062723c751e8b465ee728b)
Start importing Assets/VIRTI/VOXEL-Forniture-FREE/Example/Standard Assets/CrossPlatformInput/Sprites/ButtonTimescaleSlowUpSprite.png using Guid(9d7c6e4896067aa4fa512a00f692ac1c) Importer(815301076,1909f56bfc062723c751e8b465ee728b)  -> (artifact id: '2f18caced37cea7e50d16c1e4d9ad052') in 0.014216 seconds 
========================================================================
Received Import Request.
  Time since last request: 0.000021 seconds.
  path: Assets/TMI - Kitchen/Models/champagne cup.png
  artifactKey: Guid(f665752b28222b346a81138fc4780819) Importer(815301076,1909f56bfc062723c751e8b465ee728b)
Start importing Assets/TMI - Kitchen/Models/champagne cup.png using Guid(f665752b28222b346a81138fc4780819) Importer(815301076,1909f56bfc062723c751e8b465ee728b)  -> (artifact id: '08197588968d64b6e2af25597c58e35c') in 0.006750 seconds 
========================================================================
Received Import Request.
  Time since last request: 0.017673 seconds.
  path: Assets/TMI - Living Room/Textures/circle rug.png
  artifactKey: Guid(f805fd14a22b1bd478d5431e25a8505d) Importer(815301076,1909f56bfc062723c751e8b465ee728b)
Start importing Assets/TMI - Living Room/Textures/circle rug.png using Guid(f805fd14a22b1bd478d5431e25a8505d) Importer(815301076,1909f56bfc062723c751e8b465ee728b)  -> (artifact id: '0f42098ee4670eb57efea890d764c540') in 0.007195 seconds 
========================================================================
Received Import Request.
  Time since last request: 0.000025 seconds.
  path: Assets/TMI - Kitchen/Models/cooking pot 2.png
  artifactKey: Guid(d3301691c81ffb14d90e4f61c4bdbb5f) Importer(815301076,1909f56bfc062723c751e8b465ee728b)
Start importing Assets/TMI - Kitchen/Models/cooking pot 2.png using Guid(d3301691c81ffb14d90e4f61c4bdbb5f) Importer(815301076,1909f56bfc062723c751e8b465ee728b)  -> (artifact id: 'ad20d310274ba5f35268a92ab606b97c') in 0.006781 seconds 
========================================================================
Received Import Request.
  Time since last request: 0.000024 seconds.
  path: Assets/TMI - Living Room/Textures/decoration.png
  artifactKey: Guid(b49f2160dd9fa354ead3ed86ea3bff86) Importer(815301076,1909f56bfc062723c751e8b465ee728b)
Start importing Assets/TMI - Living Room/Textures/decoration.png using Guid(b49f2160dd9fa354ead3ed86ea3bff86) Importer(815301076,1909f56bfc062723c751e8b465ee728b)  -> (artifact id: '482a300efdf702a730ba9ace2b5415fb') in 0.006826 seconds 
========================================================================
Received Import Request.
  Time since last request: 0.000022 seconds.
  path: Assets/TMI - Living Room/Textures/frame.png
  artifactKey: Guid(2b70f00de15860d4b9b707d5a84a5be7) Importer(815301076,1909f56bfc062723c751e8b465ee728b)
Start importing Assets/TMI - Living Room/Textures/frame.png using Guid(2b70f00de15860d4b9b707d5a84a5be7) Importer(815301076,1909f56bfc062723c751e8b465ee728b)  -> (artifact id: '42de95ec0af98fead80130b357a33a6d') in 0.007326 seconds 
========================================================================
Received Import Request.
  Time since last request: 0.000022 seconds.
  path: Assets/TMI - Kitchen/Models/glass.png
  artifactKey: Guid(b0666f70a12dad049bbd2d259e7db97d) Importer(815301076,1909f56bfc062723c751e8b465ee728b)
Start importing Assets/TMI - Kitchen/Models/glass.png using Guid(b0666f70a12dad049bbd2d259e7db97d) Importer(815301076,1909f56bfc062723c751e8b465ee728b)  -> (artifact id: '437ca871830073d9ab105323e4045f05') in 0.008364 seconds 
========================================================================
Received Import Request.
  Time since last request: 0.000021 seconds.
  path: Assets/TMI - Kitchen/Models/fridge.png
  artifactKey: Guid(c846ee341e1538645b0f06bb9a533552) Importer(815301076,1909f56bfc062723c751e8b465ee728b)
Start importing Assets/TMI - Kitchen/Models/fridge.png using Guid(c846ee341e1538645b0f06bb9a533552) Importer(815301076,1909f56bfc062723c751e8b465ee728b)  -> (artifact id: '85ec59151a4cfb43042ca111263f9fbd') in 0.006393 seconds 
========================================================================
Received Import Request.
  Time since last request: 0.000022 seconds.
  path: Assets/TMI - Kitchen/Models/kitchen_stand door 2.png
  artifactKey: Guid(72802928afb57cc47b698c66b0bce4a1) Importer(815301076,1909f56bfc062723c751e8b465ee728b)
Start importing Assets/TMI - Kitchen/Models/kitchen_stand door 2.png using Guid(72802928afb57cc47b698c66b0bce4a1) Importer(815301076,1909f56bfc062723c751e8b465ee728b)  -> (artifact id: 'ff0a6a6536a5aab5a5296282010d8384') in 0.008421 seconds 
========================================================================
Received Import Request.
  Time since last request: 0.000023 seconds.
  path: Assets/VIRTI/VOXEL-Forniture-FREE/Example/PostProcessing/Resources/Bluenoise64/LDR_LLL1_5.png
  artifactKey: Guid(a1ae041906217ae44a774d4ca139af50) Importer(815301076,1909f56bfc062723c751e8b465ee728b)
Start importing Assets/VIRTI/VOXEL-Forniture-FREE/Example/PostProcessing/Resources/Bluenoise64/LDR_LLL1_5.png using Guid(a1ae041906217ae44a774d4ca139af50) Importer(815301076,1909f56bfc062723c751e8b465ee728b)  -> (artifact id: '47b4edbbb993c8a87ab69b8d8bc588bc') in 0.013037 seconds 
========================================================================
Received Import Request.
  Time since last request: 0.000026 seconds.
  path: Assets/VIRTI/VOXEL-Forniture-FREE/Example/PostProcessing/Resources/Bluenoise64/LDR_LLL1_6.png
  artifactKey: Guid(79b86f3419b87f3429164a956da8cfab) Importer(815301076,1909f56bfc062723c751e8b465ee728b)
Start importing Assets/VIRTI/VOXEL-Forniture-FREE/Example/PostProcessing/Resources/Bluenoise64/LDR_LLL1_6.png using Guid(79b86f3419b87f3429164a956da8cfab) Importer(815301076,1909f56bfc062723c751e8b465ee728b)  -> (artifact id: 'f714596fe3f31aa1f506e7ef9bd1c270') in 0.007571 seconds 
========================================================================
Received Import Request.
  Time since last request: 0.000041 seconds.
  path: Assets/VIRTI/VOXEL-Forniture-FREE/Example/PostProcessing/Resources/Bluenoise64/LDR_LLL1_8.png
  artifactKey: Guid(c55042318a938344ab23cd7f09dd0076) Importer(815301076,1909f56bfc062723c751e8b465ee728b)
Start importing Assets/VIRTI/VOXEL-Forniture-FREE/Example/PostProcessing/Resources/Bluenoise64/LDR_LLL1_8.png using Guid(c55042318a938344ab23cd7f09dd0076) Importer(815301076,1909f56bfc062723c751e8b465ee728b)  -> (artifact id: '8f79cf0e200c899e897cb224aaa8538e') in 0.009801 seconds 
========================================================================
Received Import Request.
  Time since last request: 0.000034 seconds.
  path: Assets/VIRTI/VOXEL-Forniture-FREE/Example/PostProcessing/Resources/Bluenoise64/LDR_LLL1_16.png
  artifactKey: Guid(153f7d6dfbe713d4884df0f1e243ba92) Importer(815301076,1909f56bfc062723c751e8b465ee728b)
Start importing Assets/VIRTI/VOXEL-Forniture-FREE/Example/PostProcessing/Resources/Bluenoise64/LDR_LLL1_16.png using Guid(153f7d6dfbe713d4884df0f1e243ba92) Importer(815301076,1909f56bfc062723c751e8b465ee728b)  -> (artifact id: 'b53867a9a3b0d5130eec8db679f849fe') in 0.008206 seconds 
========================================================================
Received Import Request.
  Time since last request: 0.000032 seconds.
  path: Assets/VIRTI/VOXEL-Forniture-FREE/Example/PostProcessing/Resources/Bluenoise64/LDR_LLL1_15.png
  artifactKey: Guid(2ee161d8945169243b5698fec114e1b7) Importer(815301076,1909f56bfc062723c751e8b465ee728b)
Start importing Assets/VIRTI/VOXEL-Forniture-FREE/Example/PostProcessing/Resources/Bluenoise64/LDR_LLL1_15.png using Guid(2ee161d8945169243b5698fec114e1b7) Importer(815301076,1909f56bfc062723c751e8b465ee728b)  -> (artifact id: 'e7bc4fbc990e0fda602275ca78959772') in 0.008469 seconds 
========================================================================
Received Import Request.
  Time since last request: 0.000030 seconds.
  path: Assets/VIRTI/VOXEL-Forniture-FREE/Example/PostProcessing/Resources/Bluenoise64/LDR_LLL1_21.png
  artifactKey: Guid(b7f000750830ddb4bbc80065b9314ce9) Importer(815301076,1909f56bfc062723c751e8b465ee728b)
Start importing Assets/VIRTI/VOXEL-Forniture-FREE/Example/PostProcessing/Resources/Bluenoise64/LDR_LLL1_21.png using Guid(b7f000750830ddb4bbc80065b9314ce9) Importer(815301076,1909f56bfc062723c751e8b465ee728b)  -> (artifact id: '39e77d648b19d5ac06a07b6875842983') in 0.008550 seconds 
========================================================================
Received Import Request.
  Time since last request: 0.000027 seconds.
  path: Assets/VIRTI/VOXEL-Forniture-FREE/Example/PostProcessing/Resources/Bluenoise64/LDR_LLL1_23.png
  artifactKey: Guid(bfe953600e8fb1849a804ee08ace7b4c) Importer(815301076,1909f56bfc062723c751e8b465ee728b)
Start importing Assets/VIRTI/VOXEL-Forniture-FREE/Example/PostProcessing/Resources/Bluenoise64/LDR_LLL1_23.png using Guid(bfe953600e8fb1849a804ee08ace7b4c) Importer(815301076,1909f56bfc062723c751e8b465ee728b)  -> (artifact id: '666c1f081ba7646e7f36db30d62b754d') in 0.007379 seconds 
========================================================================
Received Import Request.
  Time since last request: 0.000024 seconds.
  path: Assets/VIRTI/VOXEL-Forniture-FREE/Example/PostProcessing/Resources/Bluenoise64/LDR_LLL1_29.png
  artifactKey: Guid(aa80dc44aa4fe4c43bb9d51d90cf2958) Importer(815301076,1909f56bfc062723c751e8b465ee728b)
Start importing Assets/VIRTI/VOXEL-Forniture-FREE/Example/PostProcessing/Resources/Bluenoise64/LDR_LLL1_29.png using Guid(aa80dc44aa4fe4c43bb9d51d90cf2958) Importer(815301076,1909f56bfc062723c751e8b465ee728b)  -> (artifact id: '8b01369a54953a098567024181d452a7') in 0.009123 seconds 
========================================================================
Received Import Request.
  Time since last request: 0.000023 seconds.
  path: Assets/VIRTI/VOXEL-Forniture-FREE/Example/PostProcessing/Resources/Bluenoise64/LDR_LLL1_28.png
  artifactKey: Guid(02c0a84bd64c6f044954d8bde9b46ec8) Importer(815301076,1909f56bfc062723c751e8b465ee728b)
Start importing Assets/VIRTI/VOXEL-Forniture-FREE/Example/PostProcessing/Resources/Bluenoise64/LDR_LLL1_28.png using Guid(02c0a84bd64c6f044954d8bde9b46ec8) Importer(815301076,1909f56bfc062723c751e8b465ee728b)  -> (artifact id: 'b675338ca1fe84e9d99e823044498ca0') in 0.007461 seconds 
========================================================================
Received Import Request.
  Time since last request: 0.000025 seconds.
  path: Assets/VIRTI/VOXEL-Forniture-FREE/Example/PostProcessing/Resources/Bluenoise64/LDR_LLL1_22.png
  artifactKey: Guid(df01d03f056c6f445b4b8a0ae054207c) Importer(815301076,1909f56bfc062723c751e8b465ee728b)
Start importing Assets/VIRTI/VOXEL-Forniture-FREE/Example/PostProcessing/Resources/Bluenoise64/LDR_LLL1_22.png using Guid(df01d03f056c6f445b4b8a0ae054207c) Importer(815301076,1909f56bfc062723c751e8b465ee728b)  -> (artifact id: '95b803585e38d812b49dca2a0a27201d') in 0.006839 seconds 
========================================================================
Received Import Request.
  Time since last request: 0.000024 seconds.
  path: Assets/VIRTI/VOXEL-Forniture-FREE/Example/PostProcessing/Resources/Bluenoise64/LDR_LLL1_38.png
  artifactKey: Guid(9660a4ca1ca8425408ac25c641932977) Importer(815301076,1909f56bfc062723c751e8b465ee728b)
Start importing Assets/VIRTI/VOXEL-Forniture-FREE/Example/PostProcessing/Resources/Bluenoise64/LDR_LLL1_38.png using Guid(9660a4ca1ca8425408ac25c641932977) Importer(815301076,1909f56bfc062723c751e8b465ee728b)  -> (artifact id: '9ad6828a3c7eebeb486595649ff5ad79') in 0.008031 seconds 
========================================================================
Received Import Request.
  Time since last request: 0.000031 seconds.
  path: Assets/VIRTI/VOXEL-Forniture-FREE/Example/PostProcessing/Resources/Bluenoise64/LDR_LLL1_36.png
  artifactKey: Guid(351e95d0e20a54849bd4ce5f9b498934) Importer(815301076,1909f56bfc062723c751e8b465ee728b)
Start importing Assets/VIRTI/VOXEL-Forniture-FREE/Example/PostProcessing/Resources/Bluenoise64/LDR_LLL1_36.png using Guid(351e95d0e20a54849bd4ce5f9b498934) Importer(815301076,1909f56bfc062723c751e8b465ee728b)  -> (artifact id: 'c704278ada8097d2986d14af82481427') in 0.006828 seconds 
========================================================================
Received Import Request.
  Time since last request: 0.000023 seconds.
  path: Assets/VIRTI/VOXEL-Forniture-FREE/Example/PostProcessing/Resources/Bluenoise64/LDR_LLL1_13.png
  artifactKey: Guid(68613e6a221be1a4b9f31d7fa1c2d1bf) Importer(815301076,1909f56bfc062723c751e8b465ee728b)
Start importing Assets/VIRTI/VOXEL-Forniture-FREE/Example/PostProcessing/Resources/Bluenoise64/LDR_LLL1_13.png using Guid(68613e6a221be1a4b9f31d7fa1c2d1bf) Importer(815301076,1909f56bfc062723c751e8b465ee728b)  -> (artifact id: 'c49da48c262f323045cd8b704b732e0d') in 0.006977 seconds 
========================================================================
Received Import Request.
  Time since last request: 0.000027 seconds.
  path: Assets/VIRTI/VOXEL-Forniture-FREE/Example/PostProcessing/Resources/Bluenoise64/LDR_LLL1_40.png
  artifactKey: Guid(1a9ce5640cde5934aae0022f020464a6) Importer(815301076,1909f56bfc062723c751e8b465ee728b)
Start importing Assets/VIRTI/VOXEL-Forniture-FREE/Example/PostProcessing/Resources/Bluenoise64/LDR_LLL1_40.png using Guid(1a9ce5640cde5934aae0022f020464a6) Importer(815301076,1909f56bfc062723c751e8b465ee728b)  -> (artifact id: '25abfc9afba684f0fb33a5b17180dee3') in 0.008469 seconds 
========================================================================
Received Import Request.
  Time since last request: 0.000031 seconds.
  path: Assets/VIRTI/VOXEL-Forniture-FREE/Example/PostProcessing/Resources/Bluenoise64/LDR_LLL1_33.png
  artifactKey: Guid(b71bb466b71fd13449dd736f63caeb67) Importer(815301076,1909f56bfc062723c751e8b465ee728b)
Start importing Assets/VIRTI/VOXEL-Forniture-FREE/Example/PostProcessing/Resources/Bluenoise64/LDR_LLL1_33.png using Guid(b71bb466b71fd13449dd736f63caeb67) Importer(815301076,1909f56bfc062723c751e8b465ee728b)  -> (artifact id: '3cfd18fd17017debc7e24f3cfafab0d1') in 0.007293 seconds 
========================================================================
Received Import Request.
  Time since last request: 0.000023 seconds.
  path: Assets/VIRTI/VOXEL-Forniture-FREE/Example/PostProcessing/Resources/Bluenoise64/LDR_LLL1_26.png
  artifactKey: Guid(09f6c01f98a3ded4daf1afc52a3c260f) Importer(815301076,1909f56bfc062723c751e8b465ee728b)
Start importing Assets/VIRTI/VOXEL-Forniture-FREE/Example/PostProcessing/Resources/Bluenoise64/LDR_LLL1_26.png using Guid(09f6c01f98a3ded4daf1afc52a3c260f) Importer(815301076,1909f56bfc062723c751e8b465ee728b)  -> (artifact id: 'f8f5ce5504d67a04623333de394f6ba6') in 0.007999 seconds 
========================================================================
Received Import Request.
  Time since last request: 0.000031 seconds.
  path: Assets/VIRTI/VOXEL-Forniture-FREE/Example/PostProcessing/Resources/Bluenoise64/LDR_LLL1_4.png
  artifactKey: Guid(6fa5cf178eaaa5f42b820f636bb6e0bd) Importer(815301076,1909f56bfc062723c751e8b465ee728b)
Start importing Assets/VIRTI/VOXEL-Forniture-FREE/Example/PostProcessing/Resources/Bluenoise64/LDR_LLL1_4.png using Guid(6fa5cf178eaaa5f42b820f636bb6e0bd) Importer(815301076,1909f56bfc062723c751e8b465ee728b)  -> (artifact id: '73f8f4424b885bb86c456c44ec8baf79') in 0.008094 seconds 
========================================================================
Received Import Request.
  Time since last request: 0.000025 seconds.
  path: Assets/VIRTI/VOXEL-Forniture-FREE/Example/PostProcessing/Resources/Bluenoise64/LDR_LLL1_41.png
  artifactKey: Guid(cd9006dc442cc244e89b3f492384d46a) Importer(815301076,1909f56bfc062723c751e8b465ee728b)
Start importing Assets/VIRTI/VOXEL-Forniture-FREE/Example/PostProcessing/Resources/Bluenoise64/LDR_LLL1_41.png using Guid(cd9006dc442cc244e89b3f492384d46a) Importer(815301076,1909f56bfc062723c751e8b465ee728b)  -> (artifact id: '3e3315506562e893389108aeca611894') in 0.007128 seconds 
========================================================================
Received Import Request.
  Time since last request: 0.000034 seconds.
  path: Assets/VIRTI/VOXEL-Forniture-FREE/Example/PostProcessing/Resources/Bluenoise64/LDR_LLL1_44.png
  artifactKey: Guid(15e54aa23a938444389469d53765d741) Importer(815301076,1909f56bfc062723c751e8b465ee728b)
Start importing Assets/VIRTI/VOXEL-Forniture-FREE/Example/PostProcessing/Resources/Bluenoise64/LDR_LLL1_44.png using Guid(15e54aa23a938444389469d53765d741) Importer(815301076,1909f56bfc062723c751e8b465ee728b)  -> (artifact id: 'f4a7a4f466b5d9e94b2a10d42a2abc84') in 0.007484 seconds 
========================================================================
Received Import Request.
  Time since last request: 0.000025 seconds.
  path: Assets/VIRTI/VOXEL-Forniture-FREE/Example/PostProcessing/Resources/Bluenoise64/LDR_LLL1_47.png
  artifactKey: Guid(1378a33cdd085d64c9da863d2484ff21) Importer(815301076,1909f56bfc062723c751e8b465ee728b)
Start importing Assets/VIRTI/VOXEL-Forniture-FREE/Example/PostProcessing/Resources/Bluenoise64/LDR_LLL1_47.png using Guid(1378a33cdd085d64c9da863d2484ff21) Importer(815301076,1909f56bfc062723c751e8b465ee728b)  -> (artifact id: '6b935702dfbbd641ff99693ba861bf73') in 0.008082 seconds 
========================================================================
Received Import Request.
  Time since last request: 0.000028 seconds.
  path: Assets/VIRTI/VOXEL-Forniture-FREE/Example/PostProcessing/Resources/Bluenoise64/LDR_LLL1_43.png
  artifactKey: Guid(71bc1b6b66e8b784b972199b7e90204e) Importer(815301076,1909f56bfc062723c751e8b465ee728b)
Start importing Assets/VIRTI/VOXEL-Forniture-FREE/Example/PostProcessing/Resources/Bluenoise64/LDR_LLL1_43.png using Guid(71bc1b6b66e8b784b972199b7e90204e) Importer(815301076,1909f56bfc062723c751e8b465ee728b)  -> (artifact id: 'eabe6449d083c1240d5ecd75423be604') in 0.006888 seconds 
========================================================================
Received Import Request.
  Time since last request: 0.000024 seconds.
  path: Assets/TMI - Kitchen/Models/kitchen_stand 2.png
  artifactKey: Guid(c06416d49d594464197b37bf2540c8fd) Importer(815301076,1909f56bfc062723c751e8b465ee728b)
Start importing Assets/TMI - Kitchen/Models/kitchen_stand 2.png using Guid(c06416d49d594464197b37bf2540c8fd) Importer(815301076,1909f56bfc062723c751e8b465ee728b)  -> (artifact id: '9942cf95e8ed5a258fe21af453283334') in 0.006712 seconds 
========================================================================
Received Import Request.
  Time since last request: 0.000023 seconds.
  path: Assets/VIRTI/VOXEL-Forniture-FREE/Example/PostProcessing/Resources/Bluenoise64/LDR_LLL1_0.png
  artifactKey: Guid(50b54341495978843a6f85583ed4417d) Importer(815301076,1909f56bfc062723c751e8b465ee728b)
Start importing Assets/VIRTI/VOXEL-Forniture-FREE/Example/PostProcessing/Resources/Bluenoise64/LDR_LLL1_0.png using Guid(50b54341495978843a6f85583ed4417d) Importer(815301076,1909f56bfc062723c751e8b465ee728b)  -> (artifact id: '1362979871f0e6caee9a7601cdc5ade2') in 0.007097 seconds 
========================================================================
Received Import Request.
  Time since last request: 0.000036 seconds.
  path: Assets/TMI - Kitchen/Models/frying pan.png
  artifactKey: Guid(5ac2eac825bcd0b4bb346686787968cc) Importer(815301076,1909f56bfc062723c751e8b465ee728b)
Start importing Assets/TMI - Kitchen/Models/frying pan.png using Guid(5ac2eac825bcd0b4bb346686787968cc) Importer(815301076,1909f56bfc062723c751e8b465ee728b)  -> (artifact id: 'afcb15d653b21ad782887cf1e4bd59a6') in 0.009274 seconds 
========================================================================
Received Import Request.
  Time since last request: 0.000023 seconds.
  path: Assets/VIRTI/VOXEL-Forniture-FREE/Example/PostProcessing/Resources/Bluenoise64/LDR_LLL1_53.png
  artifactKey: Guid(c94b57b5a32a22d43ade66e09f6a4bd2) Importer(815301076,1909f56bfc062723c751e8b465ee728b)
Start importing Assets/VIRTI/VOXEL-Forniture-FREE/Example/PostProcessing/Resources/Bluenoise64/LDR_LLL1_53.png using Guid(c94b57b5a32a22d43ade66e09f6a4bd2) Importer(815301076,1909f56bfc062723c751e8b465ee728b)  -> (artifact id: '72d976da84a18670f4d548935587f624') in 0.006668 seconds 
========================================================================
Received Import Request.
  Time since last request: 0.000027 seconds.
  path: Assets/VIRTI/VOXEL-Forniture-FREE/Example/PostProcessing/Resources/Bluenoise64/LDR_LLL1_54.png
  artifactKey: Guid(936dea238abb0864ab3985a995e16a29) Importer(815301076,1909f56bfc062723c751e8b465ee728b)
Start importing Assets/VIRTI/VOXEL-Forniture-FREE/Example/PostProcessing/Resources/Bluenoise64/LDR_LLL1_54.png using Guid(936dea238abb0864ab3985a995e16a29) Importer(815301076,1909f56bfc062723c751e8b465ee728b)  -> (artifact id: 'e73d42eee01072d19ed78ea4cdea5a53') in 0.007477 seconds 
========================================================================
Received Import Request.
  Time since last request: 0.022532 seconds.
  path: Assets/VIRTI/VOXEL-Forniture-FREE/Example/PostProcessing/Resources/Bluenoise64/LDR_LLL1_58.png
  artifactKey: Guid(85a45a6d8b2ffb84987d2b028ecfb220) Importer(815301076,1909f56bfc062723c751e8b465ee728b)
Start importing Assets/VIRTI/VOXEL-Forniture-FREE/Example/PostProcessing/Resources/Bluenoise64/LDR_LLL1_58.png using Guid(85a45a6d8b2ffb84987d2b028ecfb220) Importer(815301076,1909f56bfc062723c751e8b465ee728b)  -> (artifact id: '982690978501dbeb2190965f81c3aaa4') in 0.007191 seconds 
========================================================================
Received Import Request.
  Time since last request: 0.504331 seconds.
  path: Assets/VIRTI/VOXEL-Forniture-FREE/Example/PostProcessing/Resources/Bluenoise64/LDR_LLL1_60.png
  artifactKey: Guid(404fa8def46b1c447817e1ebdaa7144e) Importer(815301076,1909f56bfc062723c751e8b465ee728b)
Start importing Assets/VIRTI/VOXEL-Forniture-FREE/Example/PostProcessing/Resources/Bluenoise64/LDR_LLL1_60.png using Guid(404fa8def46b1c447817e1ebdaa7144e) Importer(815301076,1909f56bfc062723c751e8b465ee728b)  -> (artifact id: '6a60248792006f39d33a89caf176df65') in 0.007653 seconds 
========================================================================
Received Import Request.
  Time since last request: 0.026597 seconds.
  path: Assets/VIRTI/VOXEL-Forniture-FREE/Example/PostProcessing/Resources/Bluenoise64/LDR_LLL1_62.png
  artifactKey: Guid(a03c400b0e3959f428ee99dfc6cfc263) Importer(815301076,1909f56bfc062723c751e8b465ee728b)
Start importing Assets/VIRTI/VOXEL-Forniture-FREE/Example/PostProcessing/Resources/Bluenoise64/LDR_LLL1_62.png using Guid(a03c400b0e3959f428ee99dfc6cfc263) Importer(815301076,1909f56bfc062723c751e8b465ee728b)  -> (artifact id: '1fe2cedee6f4825d1bdafb4cb4c46590') in 0.007205 seconds 
========================================================================
Received Import Request.
  Time since last request: 0.000019 seconds.
  path: Assets/VIRTI/VOXEL-Forniture-FREE/Example/PostProcessing/Textures/Lens Dirt/LensDirt00.png
  artifactKey: Guid(69e847bbff1cf5449a4ee0bbd045dbc9) Importer(815301076,1909f56bfc062723c751e8b465ee728b)
Start importing Assets/VIRTI/VOXEL-Forniture-FREE/Example/PostProcessing/Textures/Lens Dirt/LensDirt00.png using Guid(69e847bbff1cf5449a4ee0bbd045dbc9) Importer(815301076,1909f56bfc062723c751e8b465ee728b)  -> (artifact id: '7ad12b64e2325b4fd196f6c555aa9497') in 0.008662 seconds 
========================================================================
Received Import Request.
  Time since last request: 0.013796 seconds.
  path: Assets/VIRTI/VOXEL-Forniture-FREE/Example/PostProcessing/Textures/Lens Dirt/LensDirt02.png
  artifactKey: Guid(a2960ffde020f27409e070d92fb2e00b) Importer(815301076,1909f56bfc062723c751e8b465ee728b)
Start importing Assets/VIRTI/VOXEL-Forniture-FREE/Example/PostProcessing/Textures/Lens Dirt/LensDirt02.png using Guid(a2960ffde020f27409e070d92fb2e00b) Importer(815301076,1909f56bfc062723c751e8b465ee728b)  -> (artifact id: '369bd91731a94874248140a1aa12d21a') in 0.008192 seconds 
========================================================================
Received Import Request.
  Time since last request: 0.000020 seconds.
  path: Assets/TMI - Kitchen/Models/microwave.png
  artifactKey: Guid(689ef5f765715844c83db81eeeaab071) Importer(815301076,1909f56bfc062723c751e8b465ee728b)
Start importing Assets/TMI - Kitchen/Models/microwave.png using Guid(689ef5f765715844c83db81eeeaab071) Importer(815301076,1909f56bfc062723c751e8b465ee728b)  -> (artifact id: '27b2298714a46e366825a3df1d3b7e87') in 0.006312 seconds 
========================================================================
Received Import Request.
  Time since last request: 0.016759 seconds.
  path: Assets/VIRTI/VOXEL-Forniture-FREE/Example/PostProcessing/Editor Resources/UI/MotionBlendingIcon.png
  artifactKey: Guid(c0fa58091049bd24394fa15b0b6d4c5a) Importer(815301076,1909f56bfc062723c751e8b465ee728b)
Start importing Assets/VIRTI/VOXEL-Forniture-FREE/Example/PostProcessing/Editor Resources/UI/MotionBlendingIcon.png using Guid(c0fa58091049bd24394fa15b0b6d4c5a) Importer(815301076,1909f56bfc062723c751e8b465ee728b)  -> (artifact id: 'a4ce289d98a3054276dde45effb3c0ee') in 0.007782 seconds 
========================================================================
Received Import Request.
  Time since last request: 0.005727 seconds.
  path: Assets/VIRTI/VOXEL-Forniture-FREE/Example/PostProcessing/Textures/LUTs/NeutralLUT_16.png
  artifactKey: Guid(e45483e270a314c4bbc6e317771d56ab) Importer(815301076,1909f56bfc062723c751e8b465ee728b)
Start importing Assets/VIRTI/VOXEL-Forniture-FREE/Example/PostProcessing/Textures/LUTs/NeutralLUT_16.png using Guid(e45483e270a314c4bbc6e317771d56ab) Importer(815301076,1909f56bfc062723c751e8b465ee728b)  -> (artifact id: '5547989c5c43e7746e719af3900d47a8') in 0.007227 seconds 
========================================================================
Received Import Request.
  Time since last request: 0.005818 seconds.
  path: Assets/TMI - Kitchen/Models/oven 1.png
  artifactKey: Guid(28988277cac2a754b95c2029af5e667a) Importer(815301076,1909f56bfc062723c751e8b465ee728b)
Start importing Assets/TMI - Kitchen/Models/oven 1.png using Guid(28988277cac2a754b95c2029af5e667a) Importer(815301076,1909f56bfc062723c751e8b465ee728b)  -> (artifact id: 'd335ddab213e9c974a55ea8263ff9fcb') in 0.006434 seconds 
========================================================================
Received Import Request.
  Time since last request: 0.006997 seconds.
  path: Assets/TMI - Living Room/Textures/plant.png
  artifactKey: Guid(5c464c1399b979441acf26b7f26578f4) Importer(815301076,1909f56bfc062723c751e8b465ee728b)
Start importing Assets/TMI - Living Room/Textures/plant.png using Guid(5c464c1399b979441acf26b7f26578f4) Importer(815301076,1909f56bfc062723c751e8b465ee728b)  -> (artifact id: 'c6b759a1854940b00dc2ba7fe3d115cf') in 0.007705 seconds 
========================================================================
Received Import Request.
  Time since last request: 0.006040 seconds.
  path: Assets/VIRTI/VOXEL-Forniture-FREE/Models/Textures/quadro1.png
  artifactKey: Guid(d9019dc363768744bb4cd66148cc5515) Importer(815301076,1909f56bfc062723c751e8b465ee728b)
Start importing Assets/VIRTI/VOXEL-Forniture-FREE/Models/Textures/quadro1.png using Guid(d9019dc363768744bb4cd66148cc5515) Importer(815301076,1909f56bfc062723c751e8b465ee728b)  -> (artifact id: '6296e34207fa50d8da92890017d816e4') in 0.012568 seconds 
========================================================================
Received Import Request.
  Time since last request: 0.003621 seconds.
  path: Assets/TMI - Living Room/Textures/short table.png
  artifactKey: Guid(e8def3f4c3138764c982efb84a32e4e3) Importer(815301076,1909f56bfc062723c751e8b465ee728b)
Start importing Assets/TMI - Living Room/Textures/short table.png using Guid(e8def3f4c3138764c982efb84a32e4e3) Importer(815301076,1909f56bfc062723c751e8b465ee728b)  -> (artifact id: 'e8159712e82cc4c99c33b192afbc31be') in 0.006772 seconds 
========================================================================
Received Import Request.
  Time since last request: 0.007125 seconds.
  path: Assets/VIRTI/VOXEL-Forniture-FREE/Example/Standard Assets/CrossPlatformInput/Sprites/SliderBackgroundSprite.png
  artifactKey: Guid(ea5873cfd9158664f89459f0c9e1d853) Importer(815301076,1909f56bfc062723c751e8b465ee728b)
Start importing Assets/VIRTI/VOXEL-Forniture-FREE/Example/Standard Assets/CrossPlatformInput/Sprites/SliderBackgroundSprite.png using Guid(ea5873cfd9158664f89459f0c9e1d853) Importer(815301076,1909f56bfc062723c751e8b465ee728b)  -> (artifact id: '05a63897b9c5ce1b9dbbc3357bc42d1e') in 0.015055 seconds 
========================================================================
Received Import Request.
  Time since last request: 0.000019 seconds.
  path: Assets/TMI - Living Room/Textures/sofa.png
  artifactKey: Guid(d309bc3851d87c34b9d3be2629e1e0cd) Importer(815301076,1909f56bfc062723c751e8b465ee728b)
Start importing Assets/TMI - Living Room/Textures/sofa.png using Guid(d309bc3851d87c34b9d3be2629e1e0cd) Importer(815301076,1909f56bfc062723c751e8b465ee728b)  -> (artifact id: '264ad6389d01c53e30672af02566c115') in 0.006713 seconds 
========================================================================
Received Import Request.
  Time since last request: 0.006713 seconds.
  path: Assets/VIRTI/VOXEL-Forniture-FREE/Example/PostProcessing/Textures/Spectral LUTs/SpectralLut_GreenPurple.tga
  artifactKey: Guid(4a8f054acfbd08043a931cd22760758d) Importer(815301076,1909f56bfc062723c751e8b465ee728b)
Start importing Assets/VIRTI/VOXEL-Forniture-FREE/Example/PostProcessing/Textures/Spectral LUTs/SpectralLut_GreenPurple.tga using Guid(4a8f054acfbd08043a931cd22760758d) Importer(815301076,1909f56bfc062723c751e8b465ee728b)  -> (artifact id: '5536bef0f56a3dacce105e1508b58001') in 0.013527 seconds 
========================================================================
Received Import Request.
  Time since last request: 0.019620 seconds.
  path: Assets/TMI - Kitchen/Models/square napkin.png
  artifactKey: Guid(63a3b8b8d9b92fb46b1f87fd2ddc693d) Importer(815301076,1909f56bfc062723c751e8b465ee728b)
Start importing Assets/TMI - Kitchen/Models/square napkin.png using Guid(63a3b8b8d9b92fb46b1f87fd2ddc693d) Importer(815301076,1909f56bfc062723c751e8b465ee728b)  -> (artifact id: '00a843e75c77a4bc17c0dfdff6a8388b') in 0.007190 seconds 
========================================================================
Received Import Request.
  Time since last request: 0.000020 seconds.
  path: Assets/TMI - Kitchen/Models/toaster.png
  artifactKey: Guid(2ba2de7749063f14c8da2bc214f135ca) Importer(815301076,1909f56bfc062723c751e8b465ee728b)
Start importing Assets/TMI - Kitchen/Models/toaster.png using Guid(2ba2de7749063f14c8da2bc214f135ca) Importer(815301076,1909f56bfc062723c751e8b465ee728b)  -> (artifact id: '6ec91589a8dfddc141f221b8a4f8a894') in 0.006550 seconds 
========================================================================
Received Import Request.
  Time since last request: 0.016248 seconds.
  path: Assets/VIRTI/VOXEL-Forniture-FREE/Example/Standard Assets/CrossPlatformInput/Sprites/TouchpadSprite.png
  artifactKey: Guid(e4f1fee3de32377429fd1348fae62b10) Importer(815301076,1909f56bfc062723c751e8b465ee728b)
Start importing Assets/VIRTI/VOXEL-Forniture-FREE/Example/Standard Assets/CrossPlatformInput/Sprites/TouchpadSprite.png using Guid(e4f1fee3de32377429fd1348fae62b10) Importer(815301076,1909f56bfc062723c751e8b465ee728b)  -> (artifact id: '172f809f97ea9df68d3b1ed2974341ff') in 0.019394 seconds 
========================================================================
Received Import Request.
  Time since last request: 0.015263 seconds.
  path: Assets/TMI - Living Room/Textures/TV.png
  artifactKey: Guid(d5458c27e1291bd4d8bc845fab11ab85) Importer(815301076,1909f56bfc062723c751e8b465ee728b)
Start importing Assets/TMI - Living Room/Textures/TV.png using Guid(d5458c27e1291bd4d8bc845fab11ab85) Importer(815301076,1909f56bfc062723c751e8b465ee728b)  -> (artifact id: '510468c9e93781ef2b3a238318f1fb64') in 0.006707 seconds 
========================================================================
Received Import Request.
  Time since last request: 0.018187 seconds.
  path: Assets/VIRTI/VOXEL-Forniture-FREE/Models/Textures/tv1.png
  artifactKey: Guid(a2012d0c62dcc4849a0991ace3e430d8) Importer(815301076,1909f56bfc062723c751e8b465ee728b)
Start importing Assets/VIRTI/VOXEL-Forniture-FREE/Models/Textures/tv1.png using Guid(a2012d0c62dcc4849a0991ace3e430d8) Importer(815301076,1909f56bfc062723c751e8b465ee728b)  -> (artifact id: '1d120663b2c9de63b5b163db2d0f1828') in 0.010661 seconds 
========================================================================
Received Import Request.
  Time since last request: 0.077341 seconds.
  path: Assets/VIRTI/VOXEL-Forniture-FREE/Example/PostProcessing/Utilities/CustomMotionTexture/Textures/UVChecker.png
  artifactKey: Guid(a08960dd6e8274e7f8fca616e09c48ed) Importer(815301076,1909f56bfc062723c751e8b465ee728b)
Start importing Assets/VIRTI/VOXEL-Forniture-FREE/Example/PostProcessing/Utilities/CustomMotionTexture/Textures/UVChecker.png using Guid(a08960dd6e8274e7f8fca616e09c48ed) Importer(815301076,1909f56bfc062723c751e8b465ee728b)  -> (artifact id: '125741ba2cbff8f1bb8e32f65b388287') in 0.007264 seconds 
========================================================================
Received Import Request.
  Time since last request: 0.038386 seconds.
  path: Assets/TMI - Kitchen/Models/waffle machine top.png
  artifactKey: Guid(063cccac6aa1d084baacf73097270365) Importer(815301076,1909f56bfc062723c751e8b465ee728b)
Start importing Assets/TMI - Kitchen/Models/waffle machine top.png using Guid(063cccac6aa1d084baacf73097270365) Importer(815301076,1909f56bfc062723c751e8b465ee728b)  -> (artifact id: '9765652ccc3e25d43c125988e42efbed') in 0.006106 seconds 
========================================================================
Received Import Request.
  Time since last request: 0.228993 seconds.
  path: Assets/VIRTI/VOXEL-Forniture-FREE/Example/PostProcessing/Utilities/CustomMotionTexture/Textures/WheelMotionVectors.png
  artifactKey: Guid(d1cc06458fe724df8837423c0a2f8f93) Importer(815301076,1909f56bfc062723c751e8b465ee728b)
Start importing Assets/VIRTI/VOXEL-Forniture-FREE/Example/PostProcessing/Utilities/CustomMotionTexture/Textures/WheelMotionVectors.png using Guid(d1cc06458fe724df8837423c0a2f8f93) Importer(815301076,1909f56bfc062723c751e8b465ee728b)  -> (artifact id: '9452329b7571f4997d9c1151bbe69e62') in 0.007912 seconds 
========================================================================
Received Import Request.
  Time since last request: 0.021321 seconds.
  path: Assets/TMI - Kitchen/Models/wine cup.png
  artifactKey: Guid(5cb8d997db7b92a419a93b342f4d3288) Importer(815301076,1909f56bfc062723c751e8b465ee728b)
Start importing Assets/TMI - Kitchen/Models/wine cup.png using Guid(5cb8d997db7b92a419a93b342f4d3288) Importer(815301076,1909f56bfc062723c751e8b465ee728b)  -> (artifact id: 'a2d5054d448dec6a57f4c290e2d0f44a') in 0.006172 seconds 
========================================================================
Received Import Request.
  Time since last request: 0.108745 seconds.
  path: Assets/TMI - Kitchen/Models/wooden spoon.png
  artifactKey: Guid(79117bcc23dd64f4492f8d1201317b11) Importer(815301076,1909f56bfc062723c751e8b465ee728b)
Start importing Assets/TMI - Kitchen/Models/wooden spoon.png using Guid(79117bcc23dd64f4492f8d1201317b11) Importer(815301076,1909f56bfc062723c751e8b465ee728b)  -> (artifact id: '33a5d30e00e04ba0336a234c41a82f92') in 0.006169 seconds 
========================================================================
Received Import Request.
  Time since last request: 405.819156 seconds.
  path: Assets/Content/Textures/Wallpaper-4.png
  artifactKey: Guid(58d8ddac0673870438a5870dfcb080ea) Importer(815301076,1909f56bfc062723c751e8b465ee728b)
Start importing Assets/Content/Textures/Wallpaper-4.png using Guid(58d8ddac0673870438a5870dfcb080ea) Importer(815301076,1909f56bfc062723c751e8b465ee728b)  -> (artifact id: '3c40dd20d77bedd2926ec5004c90448e') in 0.008679 seconds 
========================================================================
Received Import Request.
  Time since last request: 21.092036 seconds.
  path: Assets/Content/Textures/Wallpaper-4.png
  artifactKey: Guid(58d8ddac0673870438a5870dfcb080ea) Importer(815301076,1909f56bfc062723c751e8b465ee728b)
Start importing Assets/Content/Textures/Wallpaper-4.png using Guid(58d8ddac0673870438a5870dfcb080ea) Importer(815301076,1909f56bfc062723c751e8b465ee728b)  -> (artifact id: '64dde553760254ed474abb2e60b3ba25') in 0.013717 seconds 
========================================================================
Received Import Request.
  Time since last request: 307.909338 seconds.
  path: Assets/Content/Materials/Wallpaper-9.mat
  artifactKey: Guid(7a66c66df461dcd46b98d910418c81dd) Importer(815301076,1909f56bfc062723c751e8b465ee728b)
Start importing Assets/Content/Materials/Wallpaper-9.mat using Guid(7a66c66df461dcd46b98d910418c81dd) Importer(815301076,1909f56bfc062723c751e8b465ee728b)  -> (artifact id: 'f8b88a82acc9d180e257538fa710b933') in 0.302322 seconds 
========================================================================
Received Import Request.
  Time since last request: 0.000024 seconds.
  path: Assets/Content/Materials/Wallpaper-15.mat
  artifactKey: Guid(efb32beedfe3f264798fe97c284dd0c7) Importer(815301076,1909f56bfc062723c751e8b465ee728b)
Start importing Assets/Content/Materials/Wallpaper-15.mat using Guid(efb32beedfe3f264798fe97c284dd0c7) Importer(815301076,1909f56bfc062723c751e8b465ee728b)  -> (artifact id: '4af19c93ea72ad3f18375e61712efad0') in 0.008675 seconds 
========================================================================
Received Import Request.
  Time since last request: 0.000035 seconds.
  path: Assets/Content/Materials/Wallpaper-13.mat
  artifactKey: Guid(919d676a67c7c3c49bd01ddef8912263) Importer(815301076,1909f56bfc062723c751e8b465ee728b)
Start importing Assets/Content/Materials/Wallpaper-13.mat using Guid(919d676a67c7c3c49bd01ddef8912263) Importer(815301076,1909f56bfc062723c751e8b465ee728b)  -> (artifact id: '1174e5a58fe71cc4f3b18f6f1756b62d') in 0.008652 seconds 
========================================================================
Received Import Request.
  Time since last request: 0.000026 seconds.
  path: Assets/Content/Materials/Wallpaper-11.mat
  artifactKey: Guid(dd5cc4c65e245e543a08d0bd6f91ffc8) Importer(815301076,1909f56bfc062723c751e8b465ee728b)
Start importing Assets/Content/Materials/Wallpaper-11.mat using Guid(dd5cc4c65e245e543a08d0bd6f91ffc8) Importer(815301076,1909f56bfc062723c751e8b465ee728b)  -> (artifact id: '386ed40814cc08202f3741f34aedc6fc') in 0.009595 seconds 
========================================================================
Received Import Request.
  Time since last request: 48.562559 seconds.
  path: Assets/Content/Materials/Ceiling-1.mat
  artifactKey: Guid(4dd223ee77913524b997102e1a9f006c) Importer(815301076,1909f56bfc062723c751e8b465ee728b)
Start importing Assets/Content/Materials/Ceiling-1.mat using Guid(4dd223ee77913524b997102e1a9f006c) Importer(815301076,1909f56bfc062723c751e8b465ee728b)  -> (artifact id: 'e4cf6765acbc1fdaf95f90b612aadc81') in 0.008620 seconds 
========================================================================
Received Import Request.
  Time since last request: 916.917173 seconds.
  path: Assets/Content/Textures/Wallpaper-4.png
  artifactKey: Guid(58d8ddac0673870438a5870dfcb080ea) Importer(815301076,1909f56bfc062723c751e8b465ee728b)
Start importing Assets/Content/Textures/Wallpaper-4.png using Guid(58d8ddac0673870438a5870dfcb080ea) Importer(815301076,1909f56bfc062723c751e8b465ee728b)  -> (artifact id: 'fb85d935b2f2c32f618de6eb4b39880f') in 0.008602 seconds 
========================================================================
Received Import Request.
  Time since last request: 8.145506 seconds.
  path: Assets/Content/Materials/Tile-1.mat
  artifactKey: Guid(270a6897e0f1bb542a939e90dd06b921) Importer(815301076,1909f56bfc062723c751e8b465ee728b)
Start importing Assets/Content/Materials/Tile-1.mat using Guid(270a6897e0f1bb542a939e90dd06b921) Importer(815301076,1909f56bfc062723c751e8b465ee728b)  -> (artifact id: '423bddfb74b09db44463accc2b3c6ff9') in 0.010416 seconds 
========================================================================
Received Import Request.
  Time since last request: 0.000029 seconds.
  path: Assets/Content/Materials/Wallpaper-8.mat
  artifactKey: Guid(81ac488ed1d84bf40ba2073972d24197) Importer(815301076,1909f56bfc062723c751e8b465ee728b)
Start importing Assets/Content/Materials/Wallpaper-8.mat using Guid(81ac488ed1d84bf40ba2073972d24197) Importer(815301076,1909f56bfc062723c751e8b465ee728b)  -> (artifact id: '89003d08a77f3827cb3993d62fec7d3d') in 0.009066 seconds 
========================================================================
Received Import Request.
  Time since last request: 0.000027 seconds.
  path: Assets/Content/Materials/Wallpaper-7.mat
  artifactKey: Guid(a8be58e599d78a14ba3a4fac4f6740ba) Importer(815301076,1909f56bfc062723c751e8b465ee728b)
Start importing Assets/Content/Materials/Wallpaper-7.mat using Guid(a8be58e599d78a14ba3a4fac4f6740ba) Importer(815301076,1909f56bfc062723c751e8b465ee728b)  -> (artifact id: 'c10c8e5b41c0dc94efe881d0afcb468e') in 0.009629 seconds 
========================================================================
Received Import Request.
  Time since last request: 0.000041 seconds.
  path: Assets/Content/Materials/Wallpaper-6.mat
  artifactKey: Guid(03157718a947e804484abdfd082d11f6) Importer(815301076,1909f56bfc062723c751e8b465ee728b)
Start importing Assets/Content/Materials/Wallpaper-6.mat using Guid(03157718a947e804484abdfd082d11f6) Importer(815301076,1909f56bfc062723c751e8b465ee728b)  -> (artifact id: 'ea13b1076bd1992c7a2b0f4a719cbbb5') in 0.008441 seconds 
========================================================================
Received Import Request.
  Time since last request: 0.000022 seconds.
  path: Assets/Content/Materials/Wallpaper-5.mat
  artifactKey: Guid(56f69d77ea8a3574cbf8671ff5efd143) Importer(815301076,1909f56bfc062723c751e8b465ee728b)
Start importing Assets/Content/Materials/Wallpaper-5.mat using Guid(56f69d77ea8a3574cbf8671ff5efd143) Importer(815301076,1909f56bfc062723c751e8b465ee728b)  -> (artifact id: 'ff75dcbb35bf1e361e84109853f751f9') in 0.008422 seconds 
========================================================================
Received Import Request.
  Time since last request: 0.000026 seconds.
  path: Assets/Content/Materials/Wood-2.mat
  artifactKey: Guid(36abd0a4b55626b4d8bf6637529a03b7) Importer(815301076,1909f56bfc062723c751e8b465ee728b)
Start importing Assets/Content/Materials/Wood-2.mat using Guid(36abd0a4b55626b4d8bf6637529a03b7) Importer(815301076,1909f56bfc062723c751e8b465ee728b)  -> (artifact id: '1ed0cd88857193d51cdad5485a237994') in 0.008319 seconds 
========================================================================
Received Import Request.
  Time since last request: 0.000026 seconds.
  path: Assets/Content/Materials/Wallpaper-4.mat
  artifactKey: Guid(d559c13eae56d574faee81254f6eb9bf) Importer(815301076,1909f56bfc062723c751e8b465ee728b)
Start importing Assets/Content/Materials/Wallpaper-4.mat using Guid(d559c13eae56d574faee81254f6eb9bf) Importer(815301076,1909f56bfc062723c751e8b465ee728b)  -> (artifact id: '4b423b61dbf4c6c275006d3e9f1b9508') in 0.009137 seconds 
========================================================================
Received Import Request.
  Time since last request: 0.000024 seconds.
  path: Assets/Content/Materials/Wallpaper-2.mat
  artifactKey: Guid(2a9080d0daef906469fc88dab585a38d) Importer(815301076,1909f56bfc062723c751e8b465ee728b)
Start importing Assets/Content/Materials/Wallpaper-2.mat using Guid(2a9080d0daef906469fc88dab585a38d) Importer(815301076,1909f56bfc062723c751e8b465ee728b)  -> (artifact id: '0402f1742b611625846a817cd53c367f') in 0.008842 seconds 
========================================================================
Received Import Request.
  Time since last request: 0.000024 seconds.
  path: Assets/Content/Materials/Wood-3.mat
  artifactKey: Guid(664791398538dbf4a960c2edf39d62de) Importer(815301076,1909f56bfc062723c751e8b465ee728b)
Start importing Assets/Content/Materials/Wood-3.mat using Guid(664791398538dbf4a960c2edf39d62de) Importer(815301076,1909f56bfc062723c751e8b465ee728b)  -> (artifact id: 'f843de4cf93683b83344a1b708524f9a') in 0.009427 seconds 
========================================================================
Received Import Request.
  Time since last request: 0.000021 seconds.
  path: Assets/Content/Materials/Wood-1.mat
  artifactKey: Guid(fe2b51ae09552eb458e4dac2d3653f59) Importer(815301076,1909f56bfc062723c751e8b465ee728b)
Start importing Assets/Content/Materials/Wood-1.mat using Guid(fe2b51ae09552eb458e4dac2d3653f59) Importer(815301076,1909f56bfc062723c751e8b465ee728b)  -> (artifact id: '0e5b08f86057a2ef96e7a0d7f2a47472') in 0.010212 seconds 
========================================================================
Received Import Request.
  Time since last request: 0.000021 seconds.
  path: Assets/Content/Materials/Wallpaper-3.mat
  artifactKey: Guid(817a4c67b151e5341a65d8eadda0bd8e) Importer(815301076,1909f56bfc062723c751e8b465ee728b)
Start importing Assets/Content/Materials/Wallpaper-3.mat using Guid(817a4c67b151e5341a65d8eadda0bd8e) Importer(815301076,1909f56bfc062723c751e8b465ee728b)  -> (artifact id: 'f97d89429fe4956e7c3064eed504db8f') in 0.009064 seconds 
========================================================================
Received Import Request.
  Time since last request: 0.000034 seconds.
  path: Assets/Content/Materials/Wallpaper-1.mat
  artifactKey: Guid(c4c3f6bf144da654abfc2ab0d7d625b7) Importer(815301076,1909f56bfc062723c751e8b465ee728b)
Start importing Assets/Content/Materials/Wallpaper-1.mat using Guid(c4c3f6bf144da654abfc2ab0d7d625b7) Importer(815301076,1909f56bfc062723c751e8b465ee728b)  -> (artifact id: '7ff3d3876082d2d39dfab126884b90ba') in 0.009300 seconds 
Editor requested this worker to shutdown with reason: Scaling down because of idle timeout
AssetImportWorker is now disconnected from the server
Process exiting
Exiting without the bug reporter. Application will terminate with return code 0