Using pre-set license
Built from '2021.3/staging' branch; Version is '2021.3.5f1 (40eb3a945986) revision 4254522'; Using compiler version '192829333'; Build Type 'Release'
OS: 'Windows 10  (10.0.19044) 64bit Professional' Language: 'ru' Physical Memory: 16304 MB
BatchMode: 1, IsHumanControllingUs: 0, StartBugReporterOnCrash: 0, Is64bit: 1, IsPro: 1

COMMAND LINE ARGUMENTS:
D:\unity\2021.3.5f1\Editor\Unity.exe
-adb2
-batchMode
-noUpm
-name
AssetImportWorker2
-projectPath
D:/GameUnity/Hide & Seek Alarm Clocks
-logFile
Logs/AssetImportWorker2.log
-srvPort
52093
Successfully changed project path to: D:/GameUnity/Hide & Seek Alarm Clocks
D:/GameUnity/Hide & Seek Alarm Clocks
[UnityMemory] Configuration Parameters - Can be set up in boot.config
    "memorysetup-bucket-allocator-granularity=16"
    "memorysetup-bucket-allocator-bucket-count=8"
    "memorysetup-bucket-allocator-block-size=33554432"
    "memorysetup-bucket-allocator-block-count=8"
    "memorysetup-main-allocator-block-size=16777216"
    "memorysetup-thread-allocator-block-size=16777216"
    "memorysetup-gfx-main-allocator-block-size=16777216"
    "memorysetup-gfx-thread-allocator-block-size=16777216"
    "memorysetup-cache-allocator-block-size=4194304"
    "memorysetup-typetree-allocator-block-size=2097152"
    "memorysetup-profiler-bucket-allocator-granularity=16"
    "memorysetup-profiler-bucket-allocator-bucket-count=8"
    "memorysetup-profiler-bucket-allocator-block-size=33554432"
    "memorysetup-profiler-bucket-allocator-block-count=8"
    "memorysetup-profiler-allocator-block-size=16777216"
    "memorysetup-profiler-editor-allocator-block-size=1048576"
    "memorysetup-temp-allocator-size-main=16777216"
    "memorysetup-job-temp-allocator-block-size=2097152"
    "memorysetup-job-temp-allocator-block-size-background=1048576"
    "memorysetup-job-temp-allocator-reduction-small-platforms=262144"
    "memorysetup-temp-allocator-size-background-worker=32768"
    "memorysetup-temp-allocator-size-job-worker=262144"
    "memorysetup-temp-allocator-size-preload-manager=33554432"
    "memorysetup-temp-allocator-size-nav-mesh-worker=65536"
    "memorysetup-temp-allocator-size-audio-worker=65536"
    "memorysetup-temp-allocator-size-cloud-worker=32768"
    "memorysetup-temp-allocator-size-gi-baking-worker=262144"
    "memorysetup-temp-allocator-size-gfx=262144"
Refreshing native plugins compatible for Editor in 126.27 ms, found 3 plugins.
Preloading 0 native plugins for Editor in 0.00 ms.
Initialize engine version: 2021.3.5f1 (40eb3a945986)
[Subsystems] Discovering subsystems at path D:/unity/2021.3.5f1/Editor/Data/Resources/UnitySubsystems
[Subsystems] Discovering subsystems at path D:/GameUnity/Hide & Seek Alarm Clocks/Assets
GfxDevice: creating device client; threaded=0; jobified=0
Direct3D:
    Version:  Direct3D 11.0 [level 11.1]
    Renderer: NVIDIA GeForce GTX 1060 6GB (ID=0x1c03)
    Vendor:   NVIDIA
    VRAM:     6052 MB
    Driver:   30.0.15.1123
Initialize mono
Mono path[0] = 'D:/unity/2021.3.5f1/Editor/Data/Managed'
Mono path[1] = 'D:/unity/2021.3.5f1/Editor/Data/MonoBleedingEdge/lib/mono/unityjit-win32'
Mono config path = 'D:/unity/2021.3.5f1/Editor/Data/MonoBleedingEdge/etc'
Using monoOptions --debugger-agent=transport=dt_socket,embedding=1,server=y,suspend=n,address=127.0.0.1:56104
Begin MonoManager ReloadAssembly
Registering precompiled unity dll's ...
Register platform support module: D:/unity/2021.3.5f1/Editor/Data/PlaybackEngines/WebGLSupport/UnityEditor.WebGL.Extensions.dll
Register platform support module: D:/unity/2021.3.5f1/Editor/Data/PlaybackEngines/WindowsStandaloneSupport/UnityEditor.WindowsStandalone.Extensions.dll
Registered in 0.004699 seconds.
Native extension for WindowsStandalone target not found
Native extension for WebGL target not found
Refreshing native plugins compatible for Editor in 129.22 ms, found 3 plugins.
Preloading 0 native plugins for Editor in 0.00 ms.
Mono: successfully reloaded assembly
- Completed reload, in  0.926 seconds
Domain Reload Profiling:
	ReloadAssembly (927ms)
		BeginReloadAssembly (100ms)
			ExecutionOrderSort (0ms)
			DisableScriptedObjects (0ms)
			BackupInstance (0ms)
			ReleaseScriptingObjects (0ms)
			CreateAndSetChildDomain (1ms)
		EndReloadAssembly (672ms)
			LoadAssemblies (98ms)
			RebuildTransferFunctionScriptingTraits (0ms)
			SetupTypeCache (149ms)
			ReleaseScriptCaches (0ms)
			RebuildScriptCaches (43ms)
			SetupLoadedEditorAssemblies (409ms)
				LogAssemblyErrors (0ms)
				InitializePlatformSupportModulesInManaged (11ms)
				SetLoadedEditorAssemblies (0ms)
				RefreshPlugins (129ms)
				BeforeProcessingInitializeOnLoad (2ms)
				ProcessInitializeOnLoadAttributes (195ms)
				ProcessInitializeOnLoadMethodAttributes (71ms)
				AfterProcessingInitializeOnLoad (0ms)
				EditorAssembliesLoaded (0ms)
			ExecutionOrderSort2 (0ms)
			AwakeInstancesAfterBackupRestoration (0ms)
Platform modules already initialized, skipping
Registering precompiled user dll's ...
Registered in 0.005168 seconds.
Begin MonoManager ReloadAssembly
Symbol file LoadedFromMemory doesn't match image D:\GameUnity\Hide & Seek Alarm Clocks\Library\PackageCache\com.unity.visualscripting@1.7.8\Editor\VisualScripting.Core\Dependencies\YamlDotNet\Unity.VisualScripting.YamlDotNet.dll
Symbol file LoadedFromMemory doesn't match image D:\GameUnity\Hide & Seek Alarm Clocks\Library\PackageCache\com.unity.visualscripting@1.7.8\Editor\VisualScripting.Core\Dependencies\DotNetZip\Unity.VisualScripting.IonicZip.dll
Native extension for WindowsStandalone target not found
Native extension for WebGL target not found
Refreshing native plugins compatible for Editor in 0.91 ms, found 3 plugins.
Preloading 0 native plugins for Editor in 0.00 ms.
[ScriptCompilation] NOT recompiling all scripts because this is an import worker process. Reason to compile was: Define symbols changed
System.ArgumentException: There is no a valid NamedBuildTarget for BuildTargetGroup 'PSM'
  at UnityEditor.Build.NamedBuildTarget.FromBuildTargetGroup (UnityEditor.BuildTargetGroup buildTargetGroup) [0x0014e] in <1f0be198f5164d2489de92f22c998266>:0 
  at UnityEditor.PlayerSettings.GetScriptingDefineSymbolsForGroup (UnityEditor.BuildTargetGroup targetGroup) [0x00000] in <1f0be198f5164d2489de92f22c998266>:0 
  at UnityStandardAssets.CrossPlatformInput.Inspector.CrossPlatformInitialize.GetDefinesList (UnityEditor.BuildTargetGroup group) [0x00000] in D:\GameUnity\Hide & Seek Alarm Clocks\Assets\VIRTI\VOXEL-Forniture-FREE\Example\Standard Assets\Editor\CrossPlatformInput\CrossPlatformInputInitialize.cs:135 
  at UnityStandardAssets.CrossPlatformInput.Inspector.CrossPlatformInitialize.SetEnabled (System.String defineName, System.Boolean enable, System.Boolean mobile) [0x00018] in D:\GameUnity\Hide & Seek Alarm Clocks\Assets\VIRTI\VOXEL-Forniture-FREE\Example\Standard Assets\Editor\CrossPlatformInput\CrossPlatformInputInitialize.cs:107 
  at UnityStandardAssets.CrossPlatformInput.Inspector.CrossPlatformInitialize..cctor () [0x00050] in D:\GameUnity\Hide & Seek Alarm Clocks\Assets\VIRTI\VOXEL-Forniture-FREE\Example\Standard Assets\Editor\CrossPlatformInput\CrossPlatformInputInitialize.cs:22 
UnityEngine.StackTraceUtility:ExtractStackTrace ()
UnityEngine.DebugLogHandler:LogFormat (UnityEngine.LogType,UnityEngine.Object,string,object[])
UnityEngine.Logger:Log (UnityEngine.LogType,object)
UnityEngine.Debug:LogError (object)
UnityEditor.EditorAssemblies:ProcessInitializeOnLoadAttributes (System.Type[])

Mono: successfully reloaded assembly
- Completed reload, in  1.597 seconds
Domain Reload Profiling:
	ReloadAssembly (1598ms)
		BeginReloadAssembly (149ms)
			ExecutionOrderSort (0ms)
			DisableScriptedObjects (9ms)
			BackupInstance (0ms)
			ReleaseScriptingObjects (0ms)
			CreateAndSetChildDomain (24ms)
		EndReloadAssembly (1263ms)
			LoadAssemblies (109ms)
			RebuildTransferFunctionScriptingTraits (0ms)
			SetupTypeCache (432ms)
			ReleaseScriptCaches (1ms)
			RebuildScriptCaches (84ms)
			SetupLoadedEditorAssemblies (572ms)
				LogAssemblyErrors (0ms)
				InitializePlatformSupportModulesInManaged (8ms)
				SetLoadedEditorAssemblies (1ms)
				RefreshPlugins (1ms)
				BeforeProcessingInitializeOnLoad (129ms)
				ProcessInitializeOnLoadAttributes (382ms)
				ProcessInitializeOnLoadMethodAttributes (46ms)
				AfterProcessingInitializeOnLoad (5ms)
				EditorAssembliesLoaded (0ms)
			ExecutionOrderSort2 (0ms)
			AwakeInstancesAfterBackupRestoration (9ms)
Platform modules already initialized, skipping
========================================================================
Worker process is ready to serve import requests
Launched and connected shader compiler UnityShaderCompiler.exe after 0.12 seconds
Refreshing native plugins compatible for Editor in 1.43 ms, found 3 plugins.
Preloading 0 native plugins for Editor in 0.00 ms.
Unloading 3510 Unused Serialized files (Serialized files now loaded: 0)
Unloading 31 unused Assets / (396.2 KB). Loaded Objects now: 3963.
Memory consumption went from 128.0 MB to 127.6 MB.
Total: 7.455800 ms (FindLiveObjects: 0.647300 ms CreateObjectMapping: 0.227000 ms MarkObjects: 6.291100 ms  DeleteObjects: 0.288400 ms)

AssetImportParameters requested are different than current active one (requested -> active):
  custom:video-decoder-ogg-theora: a1e56fd34408186e4bbccfd4996cb3dc -> 
  custom:container-muxer-webm: aa71ff27fc2769a1b78a27578f13a17b -> 
  custom:container-demuxer-webm: 4f35f7cbe854078d1ac9338744f61a02 -> 
  custom:video-encoder-webm-vp8: eb34c28f22e8b96e1ab97ce403110664 -> 
  custom:audio-encoder-webm-vorbis: bf7c407c2cedff20999df2af8eb42d56 -> 
  custom:framework-win-MediaFoundation: 216162199b28c13a410421893ffa2e32 -> 
  custom:container-demuxer-ogg: 62fdf1f143b41e24485cea50d1cbac27 -> 
  custom:video-decoder-webm-vp8: 9c59270c3fd7afecdb556c50c9e8de78 -> 
  custom:audio-decoder-ogg-vorbis: bf7c407c2cedff20999df2af8eb42d56 -> 
========================================================================
Received Import Request.
  Time since last request: 146378.308650 seconds.
  path: Assets/Scenes/Test Room.unity
  artifactKey: Guid(663bbee806b30df4a84c714fdebd8c09) Importer(815301076,1909f56bfc062723c751e8b465ee728b)
Start importing Assets/Scenes/Test Room.unity using Guid(663bbee806b30df4a84c714fdebd8c09) Importer(815301076,1909f56bfc062723c751e8b465ee728b)  -> (artifact id: '6188017702cac8edb4c75b167a7702f7') in 0.009888 seconds 
========================================================================
Received Import Request.
  Time since last request: 43.770026 seconds.
  path: Assets/Content/Textures/Ceiling-1.png
  artifactKey: Guid(f90844aa9b2c5d244a5c4306f5312180) Importer(815301076,1909f56bfc062723c751e8b465ee728b)
Start importing Assets/Content/Textures/Ceiling-1.png using Guid(f90844aa9b2c5d244a5c4306f5312180) Importer(815301076,1909f56bfc062723c751e8b465ee728b)  -> (artifact id: 'b63b888c1f717a405355cbc3835a7177') in 0.130151 seconds 
========================================================================
Received Import Request.
  Time since last request: 0.000028 seconds.
  path: Assets/Content/Textures/Wood-3.png
  artifactKey: Guid(c82bcd8b51a1d3d439544a24c7f0fdf2) Importer(815301076,1909f56bfc062723c751e8b465ee728b)
Start importing Assets/Content/Textures/Wood-3.png using Guid(c82bcd8b51a1d3d439544a24c7f0fdf2) Importer(815301076,1909f56bfc062723c751e8b465ee728b)  -> (artifact id: '7dc41f46fdc6f88aad9991a3427786dd') in 0.010732 seconds 
========================================================================
Received Import Request.
  Time since last request: 0.000039 seconds.
  path: Assets/Content/Textures/Wallpaper-7.png
  artifactKey: Guid(7befd8c552d5dae479bf5c8d0c8393ed) Importer(815301076,1909f56bfc062723c751e8b465ee728b)
Start importing Assets/Content/Textures/Wallpaper-7.png using Guid(7befd8c552d5dae479bf5c8d0c8393ed) Importer(815301076,1909f56bfc062723c751e8b465ee728b)  -> (artifact id: 'f8c40e9bf40117b9fa5906fe86e21ef2') in 0.007535 seconds 
========================================================================
Received Import Request.
  Time since last request: 0.000027 seconds.
  path: Assets/Content/Textures/Wallpaper-6.png
  artifactKey: Guid(809434eaf3d741a48a614ab5beee670e) Importer(815301076,1909f56bfc062723c751e8b465ee728b)
Start importing Assets/Content/Textures/Wallpaper-6.png using Guid(809434eaf3d741a48a614ab5beee670e) Importer(815301076,1909f56bfc062723c751e8b465ee728b)  -> (artifact id: '7307f81a7428904bf513c5163e56b1a9') in 0.009069 seconds 
========================================================================
Received Import Request.
  Time since last request: 0.000028 seconds.
  path: Assets/Content/Textures/Wallpaper-4.png
  artifactKey: Guid(58d8ddac0673870438a5870dfcb080ea) Importer(815301076,1909f56bfc062723c751e8b465ee728b)
Start importing Assets/Content/Textures/Wallpaper-4.png using Guid(58d8ddac0673870438a5870dfcb080ea) Importer(815301076,1909f56bfc062723c751e8b465ee728b)  -> (artifact id: '50dc83246dd92278aa08a777dd8f703d') in 0.007122 seconds 
========================================================================
Received Import Request.
  Time since last request: 0.000027 seconds.
  path: Assets/Content/Textures/Wallpaper-2.png
  artifactKey: Guid(4544f9bd25187244a8d34457420f8fc3) Importer(815301076,1909f56bfc062723c751e8b465ee728b)
Start importing Assets/Content/Textures/Wallpaper-2.png using Guid(4544f9bd25187244a8d34457420f8fc3) Importer(815301076,1909f56bfc062723c751e8b465ee728b)  -> (artifact id: '2c168c1b09dee05387804157777360b3') in 0.007226 seconds 
========================================================================
Received Import Request.
  Time since last request: 0.000030 seconds.
  path: Assets/Content/Textures/Wood-1.png
  artifactKey: Guid(6296d1e217b94bc40b640ccf0fd6931f) Importer(815301076,1909f56bfc062723c751e8b465ee728b)
Start importing Assets/Content/Textures/Wood-1.png using Guid(6296d1e217b94bc40b640ccf0fd6931f) Importer(815301076,1909f56bfc062723c751e8b465ee728b)  -> (artifact id: 'b0b083e32f20aea89b84ba239ea4850f') in 0.007816 seconds 
Editor requested this worker to shutdown with reason: Scaling down because of idle timeout
AssetImportWorker is now disconnected from the server
Process exiting
Exiting without the bug reporter. Application will terminate with return code 0