Using pre-set license
Built from '2021.3/staging' branch; Version is '2021.3.5f1 (40eb3a945986) revision 4254522'; Using compiler version '192829333'; Build Type 'Release'
OS: 'Windows 10  (10.0.19044) 64bit Professional' Language: 'ru' Physical Memory: 16304 MB
BatchMode: 1, IsHumanControllingUs: 0, StartBugReporterOnCrash: 0, Is64bit: 1, IsPro: 1

COMMAND LINE ARGUMENTS:
D:\unity\2021.3.5f1\Editor\Unity.exe
-adb2
-batchMode
-noUpm
-name
AssetImportWorker13
-projectPath
D:/GameUnity/Hide & Seek Alarm Clocks
-logFile
Logs/AssetImportWorker13.log
-srvPort
52093
Successfully changed project path to: D:/GameUnity/Hide & Seek Alarm Clocks
D:/GameUnity/Hide & Seek Alarm Clocks
[UnityMemory] Configuration Parameters - Can be set up in boot.config
    "memorysetup-bucket-allocator-granularity=16"
    "memorysetup-bucket-allocator-bucket-count=8"
    "memorysetup-bucket-allocator-block-size=33554432"
    "memorysetup-bucket-allocator-block-count=8"
    "memorysetup-main-allocator-block-size=16777216"
    "memorysetup-thread-allocator-block-size=16777216"
    "memorysetup-gfx-main-allocator-block-size=16777216"
    "memorysetup-gfx-thread-allocator-block-size=16777216"
    "memorysetup-cache-allocator-block-size=4194304"
    "memorysetup-typetree-allocator-block-size=2097152"
    "memorysetup-profiler-bucket-allocator-granularity=16"
    "memorysetup-profiler-bucket-allocator-bucket-count=8"
    "memorysetup-profiler-bucket-allocator-block-size=33554432"
    "memorysetup-profiler-bucket-allocator-block-count=8"
    "memorysetup-profiler-allocator-block-size=16777216"
    "memorysetup-profiler-editor-allocator-block-size=1048576"
    "memorysetup-temp-allocator-size-main=16777216"
    "memorysetup-job-temp-allocator-block-size=2097152"
    "memorysetup-job-temp-allocator-block-size-background=1048576"
    "memorysetup-job-temp-allocator-reduction-small-platforms=262144"
    "memorysetup-temp-allocator-size-background-worker=32768"
    "memorysetup-temp-allocator-size-job-worker=262144"
    "memorysetup-temp-allocator-size-preload-manager=33554432"
    "memorysetup-temp-allocator-size-nav-mesh-worker=65536"
    "memorysetup-temp-allocator-size-audio-worker=65536"
    "memorysetup-temp-allocator-size-cloud-worker=32768"
    "memorysetup-temp-allocator-size-gi-baking-worker=262144"
    "memorysetup-temp-allocator-size-gfx=262144"
Refreshing native plugins compatible for Editor in 126.61 ms, found 3 plugins.
Preloading 0 native plugins for Editor in 0.00 ms.
Initialize engine version: 2021.3.5f1 (40eb3a945986)
[Subsystems] Discovering subsystems at path D:/unity/2021.3.5f1/Editor/Data/Resources/UnitySubsystems
[Subsystems] Discovering subsystems at path D:/GameUnity/Hide & Seek Alarm Clocks/Assets
GfxDevice: creating device client; threaded=0; jobified=0
Direct3D:
    Version:  Direct3D 11.0 [level 11.1]
    Renderer: NVIDIA GeForce GTX 1060 6GB (ID=0x1c03)
    Vendor:   NVIDIA
    VRAM:     6052 MB
    Driver:   30.0.15.1123
Initialize mono
Mono path[0] = 'D:/unity/2021.3.5f1/Editor/Data/Managed'
Mono path[1] = 'D:/unity/2021.3.5f1/Editor/Data/MonoBleedingEdge/lib/mono/unityjit-win32'
Mono config path = 'D:/unity/2021.3.5f1/Editor/Data/MonoBleedingEdge/etc'
Using monoOptions --debugger-agent=transport=dt_socket,embedding=1,server=y,suspend=n,address=127.0.0.1:56784
Begin MonoManager ReloadAssembly
Registering precompiled unity dll's ...
Register platform support module: D:/unity/2021.3.5f1/Editor/Data/PlaybackEngines/WebGLSupport/UnityEditor.WebGL.Extensions.dll
Register platform support module: D:/unity/2021.3.5f1/Editor/Data/PlaybackEngines/WindowsStandaloneSupport/UnityEditor.WindowsStandalone.Extensions.dll
Registered in 0.004494 seconds.
Native extension for WindowsStandalone target not found
Native extension for WebGL target not found
Refreshing native plugins compatible for Editor in 122.98 ms, found 3 plugins.
Preloading 0 native plugins for Editor in 0.00 ms.
Mono: successfully reloaded assembly
- Completed reload, in  0.894 seconds
Domain Reload Profiling:
	ReloadAssembly (894ms)
		BeginReloadAssembly (95ms)
			ExecutionOrderSort (0ms)
			DisableScriptedObjects (0ms)
			BackupInstance (0ms)
			ReleaseScriptingObjects (0ms)
			CreateAndSetChildDomain (1ms)
		EndReloadAssembly (652ms)
			LoadAssemblies (93ms)
			RebuildTransferFunctionScriptingTraits (0ms)
			SetupTypeCache (152ms)
			ReleaseScriptCaches (0ms)
			RebuildScriptCaches (42ms)
			SetupLoadedEditorAssemblies (388ms)
				LogAssemblyErrors (0ms)
				InitializePlatformSupportModulesInManaged (11ms)
				SetLoadedEditorAssemblies (0ms)
				RefreshPlugins (123ms)
				BeforeProcessingInitializeOnLoad (2ms)
				ProcessInitializeOnLoadAttributes (184ms)
				ProcessInitializeOnLoadMethodAttributes (67ms)
				AfterProcessingInitializeOnLoad (0ms)
				EditorAssembliesLoaded (0ms)
			ExecutionOrderSort2 (0ms)
			AwakeInstancesAfterBackupRestoration (0ms)
Platform modules already initialized, skipping
Registering precompiled user dll's ...
Registered in 0.005210 seconds.
Begin MonoManager ReloadAssembly
Symbol file LoadedFromMemory doesn't match image D:\GameUnity\Hide & Seek Alarm Clocks\Library\PackageCache\com.unity.visualscripting@1.7.8\Editor\VisualScripting.Core\Dependencies\YamlDotNet\Unity.VisualScripting.YamlDotNet.dll
Symbol file LoadedFromMemory doesn't match image D:\GameUnity\Hide & Seek Alarm Clocks\Library\PackageCache\com.unity.visualscripting@1.7.8\Editor\VisualScripting.Core\Dependencies\DotNetZip\Unity.VisualScripting.IonicZip.dll
Native extension for WindowsStandalone target not found
Native extension for WebGL target not found
Refreshing native plugins compatible for Editor in 0.79 ms, found 3 plugins.
Preloading 0 native plugins for Editor in 0.00 ms.
Mono: successfully reloaded assembly
- Completed reload, in  1.445 seconds
Domain Reload Profiling:
	ReloadAssembly (1446ms)
		BeginReloadAssembly (145ms)
			ExecutionOrderSort (0ms)
			DisableScriptedObjects (9ms)
			BackupInstance (0ms)
			ReleaseScriptingObjects (0ms)
			CreateAndSetChildDomain (23ms)
		EndReloadAssembly (1136ms)
			LoadAssemblies (98ms)
			RebuildTransferFunctionScriptingTraits (0ms)
			SetupTypeCache (378ms)
			ReleaseScriptCaches (1ms)
			RebuildScriptCaches (75ms)
			SetupLoadedEditorAssemblies (527ms)
				LogAssemblyErrors (0ms)
				InitializePlatformSupportModulesInManaged (8ms)
				SetLoadedEditorAssemblies (1ms)
				RefreshPlugins (1ms)
				BeforeProcessingInitializeOnLoad (120ms)
				ProcessInitializeOnLoadAttributes (352ms)
				ProcessInitializeOnLoadMethodAttributes (41ms)
				AfterProcessingInitializeOnLoad (5ms)
				EditorAssembliesLoaded (0ms)
			ExecutionOrderSort2 (0ms)
			AwakeInstancesAfterBackupRestoration (8ms)
Platform modules already initialized, skipping
========================================================================
Worker process is ready to serve import requests
Launched and connected shader compiler UnityShaderCompiler.exe after 0.12 seconds
Refreshing native plugins compatible for Editor in 0.87 ms, found 3 plugins.
Preloading 0 native plugins for Editor in 0.00 ms.
Unloading 3510 Unused Serialized files (Serialized files now loaded: 0)
Unloading 31 unused Assets / (396.7 KB). Loaded Objects now: 3971.
Memory consumption went from 130.3 MB to 129.9 MB.
Total: 4.232400 ms (FindLiveObjects: 0.318700 ms CreateObjectMapping: 0.169100 ms MarkObjects: 3.553500 ms  DeleteObjects: 0.189600 ms)

AssetImportParameters requested are different than current active one (requested -> active):
  custom:video-decoder-ogg-theora: a1e56fd34408186e4bbccfd4996cb3dc -> 
  custom:container-muxer-webm: aa71ff27fc2769a1b78a27578f13a17b -> 
  custom:container-demuxer-webm: 4f35f7cbe854078d1ac9338744f61a02 -> 
  custom:video-encoder-webm-vp8: eb34c28f22e8b96e1ab97ce403110664 -> 
  custom:audio-encoder-webm-vorbis: bf7c407c2cedff20999df2af8eb42d56 -> 
  custom:framework-win-MediaFoundation: 216162199b28c13a410421893ffa2e32 -> 
  custom:container-demuxer-ogg: 62fdf1f143b41e24485cea50d1cbac27 -> 
  custom:video-decoder-webm-vp8: 9c59270c3fd7afecdb556c50c9e8de78 -> 
  custom:audio-decoder-ogg-vorbis: bf7c407c2cedff20999df2af8eb42d56 -> 
========================================================================
Received Import Request.
  Time since last request: 153868.184715 seconds.
  path: Assets/Content/Materials/Door-3.mat
  artifactKey: Guid(25170379181475a489568e64b513e808) Importer(815301076,1909f56bfc062723c751e8b465ee728b)
Start importing Assets/Content/Materials/Door-3.mat using Guid(25170379181475a489568e64b513e808) Importer(815301076,1909f56bfc062723c751e8b465ee728b)  -> (artifact id: 'e4acdf1d884f5981408713174c576cfc') in 0.166072 seconds 
========================================================================
Received Import Request.
  Time since last request: 810.854975 seconds.
  path: Assets/VIRTI/VOXEL-Forniture-FREE/Models/Bathroom/Materials/bathSink_base2.mat
  artifactKey: Guid(656cfa2fd92a77b48bb6c3db9638f9a1) Importer(815301076,1909f56bfc062723c751e8b465ee728b)
Start importing Assets/VIRTI/VOXEL-Forniture-FREE/Models/Bathroom/Materials/bathSink_base2.mat using Guid(656cfa2fd92a77b48bb6c3db9638f9a1) Importer(815301076,1909f56bfc062723c751e8b465ee728b)  -> (artifact id: 'afa14da7b7be94e26ea4cfd58eae353e') in 0.012029 seconds 
========================================================================
Received Import Request.
  Time since last request: 0.000023 seconds.
  path: Assets/TMI - Kitchen/Models/cooking pot.obj
  artifactKey: Guid(19e8f6ae4592f114098b8b949511d596) Importer(815301076,1909f56bfc062723c751e8b465ee728b)
Start importing Assets/TMI - Kitchen/Models/cooking pot.obj using Guid(19e8f6ae4592f114098b8b949511d596) Importer(815301076,1909f56bfc062723c751e8b465ee728b)  -> (artifact id: '08c297a5b69cfc92db04d632ca57fd7f') in 0.097443 seconds 
========================================================================
Received Import Request.
  Time since last request: 0.000029 seconds.
  path: Assets/VIRTI/VOXEL-Forniture-FREE/Models/Extras/Materials/door2_base 3.mat
  artifactKey: Guid(f5d141c783fd0e94fae77bf079c8ec61) Importer(815301076,1909f56bfc062723c751e8b465ee728b)
Start importing Assets/VIRTI/VOXEL-Forniture-FREE/Models/Extras/Materials/door2_base 3.mat using Guid(f5d141c783fd0e94fae77bf079c8ec61) Importer(815301076,1909f56bfc062723c751e8b465ee728b)  -> (artifact id: '3422aa7f19f59edd742ec5f86a0b98c1') in 0.011195 seconds 
========================================================================
Received Import Request.
  Time since last request: 0.000035 seconds.
  path: Assets/VIRTI/VOXEL-Forniture-FREE/Example/PostProcessing/Utilities/CustomMotionTexture/Materials/DebugMotionVectors.mat
  artifactKey: Guid(d7daeefbca4f14360bac0e1df1bdacd4) Importer(815301076,1909f56bfc062723c751e8b465ee728b)
Start importing Assets/VIRTI/VOXEL-Forniture-FREE/Example/PostProcessing/Utilities/CustomMotionTexture/Materials/DebugMotionVectors.mat using Guid(d7daeefbca4f14360bac0e1df1bdacd4) Importer(815301076,1909f56bfc062723c751e8b465ee728b)  -> (artifact id: '78cac01b5c270143b34603ea00e4d755') in 0.010780 seconds 
========================================================================
Received Import Request.
  Time since last request: 0.000030 seconds.
  path: Assets/TMI - Kitchen/Materials/fridge_door.mat
  artifactKey: Guid(82b56e2b4ce7c1d4797631c052e93e1b) Importer(815301076,1909f56bfc062723c751e8b465ee728b)
Start importing Assets/TMI - Kitchen/Materials/fridge_door.mat using Guid(82b56e2b4ce7c1d4797631c052e93e1b) Importer(815301076,1909f56bfc062723c751e8b465ee728b)  -> (artifact id: '3315dabab2a8528c9ec196858cc0825a') in 0.009838 seconds 
========================================================================
Received Import Request.
  Time since last request: 0.000022 seconds.
  path: Assets/VIRTI/VOXEL-Forniture-FREE/Models/Decoration/Materials/frame_base2.mat
  artifactKey: Guid(13be6f1956d257b4d96ee518000de542) Importer(815301076,1909f56bfc062723c751e8b465ee728b)
Start importing Assets/VIRTI/VOXEL-Forniture-FREE/Models/Decoration/Materials/frame_base2.mat using Guid(13be6f1956d257b4d96ee518000de542) Importer(815301076,1909f56bfc062723c751e8b465ee728b)  -> (artifact id: '8959f1d48231bf563e4cd5d8ba8ad56c') in 0.009885 seconds 
========================================================================
Received Import Request.
  Time since last request: 0.000026 seconds.
  path: Assets/VIRTI/VOXEL-Forniture-FREE/Models/BedRoom/Materials/drawer_base.mat
  artifactKey: Guid(a034121118875f843adbf678df2ab6e5) Importer(815301076,1909f56bfc062723c751e8b465ee728b)
Start importing Assets/VIRTI/VOXEL-Forniture-FREE/Models/BedRoom/Materials/drawer_base.mat using Guid(a034121118875f843adbf678df2ab6e5) Importer(815301076,1909f56bfc062723c751e8b465ee728b)  -> (artifact id: '68b6cb2c1559d6b4a5851bc9436dc375') in 0.009332 seconds 
========================================================================
Received Import Request.
  Time since last request: 0.000020 seconds.
  path: Assets/VIRTI/VOXEL-Forniture-FREE/Models/BedRoom/Materials/bed_bedSheet.mat
  artifactKey: Guid(22423c7984e967e4eb6184d2d5be3fc0) Importer(815301076,1909f56bfc062723c751e8b465ee728b)
Start importing Assets/VIRTI/VOXEL-Forniture-FREE/Models/BedRoom/Materials/bed_bedSheet.mat using Guid(22423c7984e967e4eb6184d2d5be3fc0) Importer(815301076,1909f56bfc062723c751e8b465ee728b)  -> (artifact id: '21169bcc52fbb2f763c4ee58c6ee8089') in 0.009608 seconds 
========================================================================
Received Import Request.
  Time since last request: 0.000023 seconds.
  path: Assets/VIRTI/VOXEL-Forniture-FREE/Models/Bathroom/Materials/bathTrash_base.mat
  artifactKey: Guid(bc3b1045d80c9b04780b5faf4ce0ad5a) Importer(815301076,1909f56bfc062723c751e8b465ee728b)
Start importing Assets/VIRTI/VOXEL-Forniture-FREE/Models/Bathroom/Materials/bathTrash_base.mat using Guid(bc3b1045d80c9b04780b5faf4ce0ad5a) Importer(815301076,1909f56bfc062723c751e8b465ee728b)  -> (artifact id: '68eecf75c754afdc6d0031ba34c0a744') in 0.008629 seconds 
========================================================================
Received Import Request.
  Time since last request: 0.000020 seconds.
  path: Assets/VIRTI/VOXEL-Forniture-FREE/Models/BedRoom/Materials/drawer_details.mat
  artifactKey: Guid(7a09baf2b8f1fb947b5736a63fb71504) Importer(815301076,1909f56bfc062723c751e8b465ee728b)
Start importing Assets/VIRTI/VOXEL-Forniture-FREE/Models/BedRoom/Materials/drawer_details.mat using Guid(7a09baf2b8f1fb947b5736a63fb71504) Importer(815301076,1909f56bfc062723c751e8b465ee728b)  -> (artifact id: '4a3291c66f3b6550987f90dfc89f74e2') in 0.008157 seconds 
========================================================================
Received Import Request.
  Time since last request: 0.000028 seconds.
  path: Assets/TMI - Kitchen/Materials/chair.mat
  artifactKey: Guid(3e4d7427d7a88294cb0c94d082e2d2af) Importer(815301076,1909f56bfc062723c751e8b465ee728b)
Start importing Assets/TMI - Kitchen/Materials/chair.mat using Guid(3e4d7427d7a88294cb0c94d082e2d2af) Importer(815301076,1909f56bfc062723c751e8b465ee728b)  -> (artifact id: '082a5b606625f09e97db948c13c6b3cd') in 0.009393 seconds 
========================================================================
Received Import Request.
  Time since last request: 0.000022 seconds.
  path: Assets/VIRTI/VOXEL-Forniture-FREE/Models/Extras/Materials/door2_base 2.mat
  artifactKey: Guid(8463ded0c05bd724a9a4c5ee52aecd3f) Importer(815301076,1909f56bfc062723c751e8b465ee728b)
Start importing Assets/VIRTI/VOXEL-Forniture-FREE/Models/Extras/Materials/door2_base 2.mat using Guid(8463ded0c05bd724a9a4c5ee52aecd3f) Importer(815301076,1909f56bfc062723c751e8b465ee728b)  -> (artifact id: 'df32fb8b31fc58b8202bbe474bc77a27') in 0.008200 seconds 
========================================================================
Received Import Request.
  Time since last request: 0.000028 seconds.
  path: Assets/VIRTI/VOXEL-Forniture-FREE/Models/Decoration/Materials/frame_picture.mat
  artifactKey: Guid(ef70cb5bbb968fa4d80b83ddf27b2ffa) Importer(815301076,1909f56bfc062723c751e8b465ee728b)
Start importing Assets/VIRTI/VOXEL-Forniture-FREE/Models/Decoration/Materials/frame_picture.mat using Guid(ef70cb5bbb968fa4d80b83ddf27b2ffa) Importer(815301076,1909f56bfc062723c751e8b465ee728b)  -> (artifact id: '5534169940e5c1f48ef8015a0a953d74') in 0.009121 seconds 
========================================================================
Received Import Request.
  Time since last request: 0.000022 seconds.
  path: Assets/VIRTI/VOXEL-Forniture-FREE/Models/Bathroom/Materials/bathTrash_base2.mat
  artifactKey: Guid(6a43ad3278d977349b17656997475091) Importer(815301076,1909f56bfc062723c751e8b465ee728b)
Start importing Assets/VIRTI/VOXEL-Forniture-FREE/Models/Bathroom/Materials/bathTrash_base2.mat using Guid(6a43ad3278d977349b17656997475091) Importer(815301076,1909f56bfc062723c751e8b465ee728b)  -> (artifact id: 'cd41cee403cc203391900b22e79a293e') in 0.008757 seconds 
========================================================================
Received Import Request.
  Time since last request: 0.000027 seconds.
  path: Assets/VIRTI/VOXEL-Forniture-FREE/Models/LivingRoom/Materials/couch_base3.mat
  artifactKey: Guid(4b2daaf7e17609246b14b400b5e29908) Importer(815301076,1909f56bfc062723c751e8b465ee728b)
Start importing Assets/VIRTI/VOXEL-Forniture-FREE/Models/LivingRoom/Materials/couch_base3.mat using Guid(4b2daaf7e17609246b14b400b5e29908) Importer(815301076,1909f56bfc062723c751e8b465ee728b)  -> (artifact id: '6ad5b5f4f3020e7c8148e005276e321d') in 0.009972 seconds 
========================================================================
Received Import Request.
  Time since last request: 0.000024 seconds.
  path: Assets/VIRTI/VOXEL-Forniture-FREE/Models/Extras/Materials/flower2_dirt.mat
  artifactKey: Guid(6bb681da29296594cb54a8f3073699cb) Importer(815301076,1909f56bfc062723c751e8b465ee728b)
Start importing Assets/VIRTI/VOXEL-Forniture-FREE/Models/Extras/Materials/flower2_dirt.mat using Guid(6bb681da29296594cb54a8f3073699cb) Importer(815301076,1909f56bfc062723c751e8b465ee728b)  -> (artifact id: '833435655f40312e5816cf65e85161e7') in 0.009962 seconds 
========================================================================
Received Import Request.
  Time since last request: 0.000030 seconds.
  path: Assets/VIRTI/VOXEL-Forniture-FREE/Models/Decoration/Materials/frame_base.mat
  artifactKey: Guid(64ed1036d9078654cb27e4e728feee79) Importer(815301076,1909f56bfc062723c751e8b465ee728b)
Start importing Assets/VIRTI/VOXEL-Forniture-FREE/Models/Decoration/Materials/frame_base.mat using Guid(64ed1036d9078654cb27e4e728feee79) Importer(815301076,1909f56bfc062723c751e8b465ee728b)  -> (artifact id: '638e62b1eec7dc98ed05c705785b660c') in 0.008271 seconds 
========================================================================
Received Import Request.
  Time since last request: 0.000031 seconds.
  path: Assets/TMI - Kitchen/Materials/champagne cup.mat
  artifactKey: Guid(be1441e74adf048409890697fdb82d29) Importer(815301076,1909f56bfc062723c751e8b465ee728b)
Start importing Assets/TMI - Kitchen/Materials/champagne cup.mat using Guid(be1441e74adf048409890697fdb82d29) Importer(815301076,1909f56bfc062723c751e8b465ee728b)  -> (artifact id: 'f18ea10449e608911df32e5102428550') in 0.010713 seconds 
========================================================================
Received Import Request.
  Time since last request: 0.000022 seconds.
  path: Assets/TMI - Kitchen/Models/cooking pot 2.obj
  artifactKey: Guid(aa14a5ce723a25249a57d63d9f70fef6) Importer(815301076,1909f56bfc062723c751e8b465ee728b)
Start importing Assets/TMI - Kitchen/Models/cooking pot 2.obj using Guid(aa14a5ce723a25249a57d63d9f70fef6) Importer(815301076,1909f56bfc062723c751e8b465ee728b)  -> (artifact id: '449168e92570c41f08383089569a08ff') in 0.028393 seconds 
========================================================================
Received Import Request.
  Time since last request: 0.000027 seconds.
  path: Assets/VIRTI/VOXEL-Forniture-FREE/Models/Extras/Materials/door2_handPlace.mat
  artifactKey: Guid(1270c5bf5828d954eb5fd70b3fa01a75) Importer(815301076,1909f56bfc062723c751e8b465ee728b)
Start importing Assets/VIRTI/VOXEL-Forniture-FREE/Models/Extras/Materials/door2_handPlace.mat using Guid(1270c5bf5828d954eb5fd70b3fa01a75) Importer(815301076,1909f56bfc062723c751e8b465ee728b)  -> (artifact id: '8f55ae4eb81930d32e62d460b31be7f1') in 0.008728 seconds 
Editor requested this worker to shutdown with reason: Scaling down because of idle timeout
AssetImportWorker is now disconnected from the server
Process exiting
Exiting without the bug reporter. Application will terminate with return code 0