Using pre-set license
Built from '2021.3/staging' branch; Version is '2021.3.5f1 (40eb3a945986) revision 4254522'; Using compiler version '192829333'; Build Type 'Release'
OS: 'Windows 10  (10.0.19044) 64bit Professional' Language: 'ru' Physical Memory: 16304 MB
BatchMode: 1, IsHumanControllingUs: 0, StartBugReporterOnCrash: 0, Is64bit: 1, IsPro: 1

COMMAND LINE ARGUMENTS:
D:\unity\2021.3.5f1\Editor\Unity.exe
-adb2
-batchMode
-noUpm
-name
AssetImportWorker17
-projectPath
D:/GameUnity/Hide & Seek Alarm Clocks
-logFile
Logs/AssetImportWorker17.log
-srvPort
52093
Successfully changed project path to: D:/GameUnity/Hide & Seek Alarm Clocks
D:/GameUnity/Hide & Seek Alarm Clocks
[UnityMemory] Configuration Parameters - Can be set up in boot.config
    "memorysetup-bucket-allocator-granularity=16"
    "memorysetup-bucket-allocator-bucket-count=8"
    "memorysetup-bucket-allocator-block-size=33554432"
    "memorysetup-bucket-allocator-block-count=8"
    "memorysetup-main-allocator-block-size=16777216"
    "memorysetup-thread-allocator-block-size=16777216"
    "memorysetup-gfx-main-allocator-block-size=16777216"
    "memorysetup-gfx-thread-allocator-block-size=16777216"
    "memorysetup-cache-allocator-block-size=4194304"
    "memorysetup-typetree-allocator-block-size=2097152"
    "memorysetup-profiler-bucket-allocator-granularity=16"
    "memorysetup-profiler-bucket-allocator-bucket-count=8"
    "memorysetup-profiler-bucket-allocator-block-size=33554432"
    "memorysetup-profiler-bucket-allocator-block-count=8"
    "memorysetup-profiler-allocator-block-size=16777216"
    "memorysetup-profiler-editor-allocator-block-size=1048576"
    "memorysetup-temp-allocator-size-main=16777216"
    "memorysetup-job-temp-allocator-block-size=2097152"
    "memorysetup-job-temp-allocator-block-size-background=1048576"
    "memorysetup-job-temp-allocator-reduction-small-platforms=262144"
    "memorysetup-temp-allocator-size-background-worker=32768"
    "memorysetup-temp-allocator-size-job-worker=262144"
    "memorysetup-temp-allocator-size-preload-manager=33554432"
    "memorysetup-temp-allocator-size-nav-mesh-worker=65536"
    "memorysetup-temp-allocator-size-audio-worker=65536"
    "memorysetup-temp-allocator-size-cloud-worker=32768"
    "memorysetup-temp-allocator-size-gi-baking-worker=262144"
    "memorysetup-temp-allocator-size-gfx=262144"
Refreshing native plugins compatible for Editor in 133.03 ms, found 3 plugins.
Preloading 0 native plugins for Editor in 0.00 ms.
Initialize engine version: 2021.3.5f1 (40eb3a945986)
[Subsystems] Discovering subsystems at path D:/unity/2021.3.5f1/Editor/Data/Resources/UnitySubsystems
[Subsystems] Discovering subsystems at path D:/GameUnity/Hide & Seek Alarm Clocks/Assets
GfxDevice: creating device client; threaded=0; jobified=0
Direct3D:
    Version:  Direct3D 11.0 [level 11.1]
    Renderer: NVIDIA GeForce GTX 1060 6GB (ID=0x1c03)
    Vendor:   NVIDIA
    VRAM:     6052 MB
    Driver:   30.0.15.1123
Initialize mono
Mono path[0] = 'D:/unity/2021.3.5f1/Editor/Data/Managed'
Mono path[1] = 'D:/unity/2021.3.5f1/Editor/Data/MonoBleedingEdge/lib/mono/unityjit-win32'
Mono config path = 'D:/unity/2021.3.5f1/Editor/Data/MonoBleedingEdge/etc'
Using monoOptions --debugger-agent=transport=dt_socket,embedding=1,server=y,suspend=n,address=127.0.0.1:56996
Begin MonoManager ReloadAssembly
Registering precompiled unity dll's ...
Register platform support module: D:/unity/2021.3.5f1/Editor/Data/PlaybackEngines/WebGLSupport/UnityEditor.WebGL.Extensions.dll
Register platform support module: D:/unity/2021.3.5f1/Editor/Data/PlaybackEngines/WindowsStandaloneSupport/UnityEditor.WindowsStandalone.Extensions.dll
Registered in 0.005916 seconds.
Native extension for WindowsStandalone target not found
Native extension for WebGL target not found
Refreshing native plugins compatible for Editor in 138.51 ms, found 3 plugins.
Preloading 0 native plugins for Editor in 0.00 ms.
Mono: successfully reloaded assembly
- Completed reload, in  0.977 seconds
Domain Reload Profiling:
	ReloadAssembly (978ms)
		BeginReloadAssembly (99ms)
			ExecutionOrderSort (0ms)
			DisableScriptedObjects (0ms)
			BackupInstance (0ms)
			ReleaseScriptingObjects (0ms)
			CreateAndSetChildDomain (1ms)
		EndReloadAssembly (713ms)
			LoadAssemblies (97ms)
			RebuildTransferFunctionScriptingTraits (0ms)
			SetupTypeCache (176ms)
			ReleaseScriptCaches (0ms)
			RebuildScriptCaches (46ms)
			SetupLoadedEditorAssemblies (408ms)
				LogAssemblyErrors (0ms)
				InitializePlatformSupportModulesInManaged (12ms)
				SetLoadedEditorAssemblies (0ms)
				RefreshPlugins (139ms)
				BeforeProcessingInitializeOnLoad (2ms)
				ProcessInitializeOnLoadAttributes (186ms)
				ProcessInitializeOnLoadMethodAttributes (69ms)
				AfterProcessingInitializeOnLoad (0ms)
				EditorAssembliesLoaded (0ms)
			ExecutionOrderSort2 (0ms)
			AwakeInstancesAfterBackupRestoration (0ms)
Platform modules already initialized, skipping
Registering precompiled user dll's ...
Registered in 0.005164 seconds.
Begin MonoManager ReloadAssembly
Symbol file LoadedFromMemory doesn't match image D:\GameUnity\Hide & Seek Alarm Clocks\Library\PackageCache\com.unity.visualscripting@1.7.8\Editor\VisualScripting.Core\Dependencies\YamlDotNet\Unity.VisualScripting.YamlDotNet.dll
Symbol file LoadedFromMemory doesn't match image D:\GameUnity\Hide & Seek Alarm Clocks\Library\PackageCache\com.unity.visualscripting@1.7.8\Editor\VisualScripting.Core\Dependencies\DotNetZip\Unity.VisualScripting.IonicZip.dll
Native extension for WindowsStandalone target not found
Native extension for WebGL target not found
Refreshing native plugins compatible for Editor in 0.91 ms, found 3 plugins.
Preloading 0 native plugins for Editor in 0.00 ms.
Mono: successfully reloaded assembly
- Completed reload, in  1.552 seconds
Domain Reload Profiling:
	ReloadAssembly (1553ms)
		BeginReloadAssembly (158ms)
			ExecutionOrderSort (0ms)
			DisableScriptedObjects (10ms)
			BackupInstance (0ms)
			ReleaseScriptingObjects (0ms)
			CreateAndSetChildDomain (24ms)
		EndReloadAssembly (1223ms)
			LoadAssemblies (109ms)
			RebuildTransferFunctionScriptingTraits (0ms)
			SetupTypeCache (404ms)
			ReleaseScriptCaches (1ms)
			RebuildScriptCaches (88ms)
			SetupLoadedEditorAssemblies (559ms)
				LogAssemblyErrors (0ms)
				InitializePlatformSupportModulesInManaged (8ms)
				SetLoadedEditorAssemblies (1ms)
				RefreshPlugins (1ms)
				BeforeProcessingInitializeOnLoad (123ms)
				ProcessInitializeOnLoadAttributes (373ms)
				ProcessInitializeOnLoadMethodAttributes (48ms)
				AfterProcessingInitializeOnLoad (5ms)
				EditorAssembliesLoaded (0ms)
			ExecutionOrderSort2 (0ms)
			AwakeInstancesAfterBackupRestoration (9ms)
Platform modules already initialized, skipping
========================================================================
Worker process is ready to serve import requests
Launched and connected shader compiler UnityShaderCompiler.exe after 0.12 seconds
Refreshing native plugins compatible for Editor in 0.95 ms, found 3 plugins.
Preloading 0 native plugins for Editor in 0.00 ms.
Unloading 3510 Unused Serialized files (Serialized files now loaded: 0)
Unloading 31 unused Assets / (396.6 KB). Loaded Objects now: 3984.
Memory consumption went from 141.9 MB to 141.5 MB.
Total: 4.173300 ms (FindLiveObjects: 0.334600 ms CreateObjectMapping: 0.171500 ms MarkObjects: 3.490400 ms  DeleteObjects: 0.175000 ms)

AssetImportParameters requested are different than current active one (requested -> active):
  custom:video-decoder-ogg-theora: a1e56fd34408186e4bbccfd4996cb3dc -> 
  custom:container-muxer-webm: aa71ff27fc2769a1b78a27578f13a17b -> 
  custom:container-demuxer-webm: 4f35f7cbe854078d1ac9338744f61a02 -> 
  custom:video-encoder-webm-vp8: eb34c28f22e8b96e1ab97ce403110664 -> 
  custom:audio-encoder-webm-vorbis: bf7c407c2cedff20999df2af8eb42d56 -> 
  custom:framework-win-MediaFoundation: 216162199b28c13a410421893ffa2e32 -> 
  custom:container-demuxer-ogg: 62fdf1f143b41e24485cea50d1cbac27 -> 
  custom:video-decoder-webm-vp8: 9c59270c3fd7afecdb556c50c9e8de78 -> 
  custom:audio-decoder-ogg-vorbis: bf7c407c2cedff20999df2af8eb42d56 -> 
========================================================================
Received Import Request.
  Time since last request: 155834.809476 seconds.
  path: Assets/DigitalKonstrukt/Prototyping_Pack_Free/Resources/Prefabs/Doors/PTK_Door_Medium_2.prefab
  artifactKey: Guid(a5050ce036dee2d4d9287249a1e60440) Importer(815301076,1909f56bfc062723c751e8b465ee728b)
Start importing Assets/DigitalKonstrukt/Prototyping_Pack_Free/Resources/Prefabs/Doors/PTK_Door_Medium_2.prefab using Guid(a5050ce036dee2d4d9287249a1e60440) Importer(815301076,1909f56bfc062723c751e8b465ee728b)  -> (artifact id: '9e81c747a12876f3765cb818d8fe58fd') in 0.191476 seconds 
========================================================================
Received Import Request.
  Time since last request: 124.024652 seconds.
  path: Assets/DigitalKonstrukt/Prototyping_Pack_Free/Resources/Prefabs/Collectables/PTK_Collectable_1_green.prefab
  artifactKey: Guid(17d2571d67fb94a47a33e65ff8c88d3c) Importer(815301076,1909f56bfc062723c751e8b465ee728b)
Start importing Assets/DigitalKonstrukt/Prototyping_Pack_Free/Resources/Prefabs/Collectables/PTK_Collectable_1_green.prefab using Guid(17d2571d67fb94a47a33e65ff8c88d3c) Importer(815301076,1909f56bfc062723c751e8b465ee728b)  -> (artifact id: 'ca03017c34ba523b2c06cf5bb5a89915') in 0.017851 seconds 
========================================================================
Received Import Request.
  Time since last request: 0.000030 seconds.
  path: Assets/DigitalKonstrukt/Prototyping_Pack_Free/Resources/Prefabs/Collectables/PTK_Collectable_2_blue.prefab
  artifactKey: Guid(862bcb9ece6e0994f8868d4d6af41ffb) Importer(815301076,1909f56bfc062723c751e8b465ee728b)
Start importing Assets/DigitalKonstrukt/Prototyping_Pack_Free/Resources/Prefabs/Collectables/PTK_Collectable_2_blue.prefab using Guid(862bcb9ece6e0994f8868d4d6af41ffb) Importer(815301076,1909f56bfc062723c751e8b465ee728b)  -> (artifact id: '57dafcff6a70fb64c9e17ae15a5b9177') in 0.010443 seconds 
========================================================================
Received Import Request.
  Time since last request: 0.000030 seconds.
  path: Assets/DigitalKonstrukt/Prototyping_Pack_Free/Resources/Prefabs/Collectables/PTK_Collectable_1_red.prefab
  artifactKey: Guid(70e177edaef3e0c4e8b3eb1bdc204afc) Importer(815301076,1909f56bfc062723c751e8b465ee728b)
Start importing Assets/DigitalKonstrukt/Prototyping_Pack_Free/Resources/Prefabs/Collectables/PTK_Collectable_1_red.prefab using Guid(70e177edaef3e0c4e8b3eb1bdc204afc) Importer(815301076,1909f56bfc062723c751e8b465ee728b)  -> (artifact id: '2005571757310ce17b21cefb9afc45f7') in 0.010626 seconds 
========================================================================
Received Import Request.
  Time since last request: 0.299205 seconds.
  path: Assets/DigitalKonstrukt/Prototyping_Pack_Free/Resources/Prefabs/Bridges/PTK_Bridge_Medium.prefab
  artifactKey: Guid(00f60f742cf562d458751248bfefdcd7) Importer(815301076,1909f56bfc062723c751e8b465ee728b)
Start importing Assets/DigitalKonstrukt/Prototyping_Pack_Free/Resources/Prefabs/Bridges/PTK_Bridge_Medium.prefab using Guid(00f60f742cf562d458751248bfefdcd7) Importer(815301076,1909f56bfc062723c751e8b465ee728b)  -> (artifact id: '7798e84ef2bd43d823b3fa4a54a3b35b') in 0.009968 seconds 
========================================================================
Received Import Request.
  Time since last request: 9.341282 seconds.
  path: Assets/DigitalKonstrukt/Prototyping_Pack_Free/Resources/Prefabs/Cubes/PTK_Cube_2.prefab
  artifactKey: Guid(886758c00f5412747bef0c21f6f30418) Importer(815301076,1909f56bfc062723c751e8b465ee728b)
Start importing Assets/DigitalKonstrukt/Prototyping_Pack_Free/Resources/Prefabs/Cubes/PTK_Cube_2.prefab using Guid(886758c00f5412747bef0c21f6f30418) Importer(815301076,1909f56bfc062723c751e8b465ee728b)  -> (artifact id: 'e4c51b2a0e8187892692393338c08868') in 0.010094 seconds 
========================================================================
Received Import Request.
  Time since last request: 16.431613 seconds.
  path: Assets/Content/Prefabs/PTK_Stairs_Large.prefab
  artifactKey: Guid(bcb5c50335d5ead4abea041e6e413ccd) Importer(815301076,1909f56bfc062723c751e8b465ee728b)
Start importing Assets/Content/Prefabs/PTK_Stairs_Large.prefab using Guid(bcb5c50335d5ead4abea041e6e413ccd) Importer(815301076,1909f56bfc062723c751e8b465ee728b)  -> (artifact id: '00344cb85d3db7df07f170582e78a2e1') in 0.004549 seconds 
========================================================================
Received Import Request.
  Time since last request: 0.000028 seconds.
  path: Assets/Content/Prefabs/PTK_Stairs_Small.prefab
  artifactKey: Guid(7c86d38630d69c3428eaa64a2437111f) Importer(815301076,1909f56bfc062723c751e8b465ee728b)
Start importing Assets/Content/Prefabs/PTK_Stairs_Small.prefab using Guid(7c86d38630d69c3428eaa64a2437111f) Importer(815301076,1909f56bfc062723c751e8b465ee728b)  -> (artifact id: '0cf4d4547214f79a7871b4bb811c796b') in 0.004136 seconds 
========================================================================
Received Import Request.
  Time since last request: 105.005646 seconds.
  path: Assets/Content/Prefabs/PTK_Lamp.prefab
  artifactKey: Guid(5ccb7635a0b4e9c408b824b36c335674) Importer(815301076,1909f56bfc062723c751e8b465ee728b)
Start importing Assets/Content/Prefabs/PTK_Lamp.prefab using Guid(5ccb7635a0b4e9c408b824b36c335674) Importer(815301076,1909f56bfc062723c751e8b465ee728b)  -> (artifact id: '7a584706be594751491899de0d006b55') in 0.011832 seconds 
========================================================================
Received Import Request.
  Time since last request: 0.000035 seconds.
  path: Assets/Content/Prefabs/PTK_Stairs_Medium.prefab
  artifactKey: Guid(3730624d7a1898441b246db63cde09ec) Importer(815301076,1909f56bfc062723c751e8b465ee728b)
Start importing Assets/Content/Prefabs/PTK_Stairs_Medium.prefab using Guid(3730624d7a1898441b246db63cde09ec) Importer(815301076,1909f56bfc062723c751e8b465ee728b)  -> (artifact id: '511b26370c45c72c2ec384c134494b8c') in 0.009773 seconds 
========================================================================
Received Import Request.
  Time since last request: 0.000028 seconds.
  path: Assets/Content/Prefabs/PTK_Stairs_Small.prefab
  artifactKey: Guid(7c86d38630d69c3428eaa64a2437111f) Importer(815301076,1909f56bfc062723c751e8b465ee728b)
Start importing Assets/Content/Prefabs/PTK_Stairs_Small.prefab using Guid(7c86d38630d69c3428eaa64a2437111f) Importer(815301076,1909f56bfc062723c751e8b465ee728b)  -> (artifact id: 'cbc244b6e60a7834bbd05951adbff16c') in 0.009534 seconds 
========================================================================
Received Import Request.
  Time since last request: 1030.202250 seconds.
  path: Assets/Content/Sprites
  artifactKey: Guid(1ba3f30da2157684eb563b2491f4140e) Importer(815301076,1909f56bfc062723c751e8b465ee728b)
Start importing Assets/Content/Sprites using Guid(1ba3f30da2157684eb563b2491f4140e) Importer(815301076,1909f56bfc062723c751e8b465ee728b)  -> (artifact id: '59e5e3c54a057ca3202dd09a10a9dfed') in 0.001260 seconds 
========================================================================
Received Import Request.
  Time since last request: 20.512639 seconds.
  path: Assets/Content/Sprites/1b72d888c9d6895e66cfd8eb89e61339.png
  artifactKey: Guid(0d6a43a43cd322e4596f156817a00179) Importer(815301076,1909f56bfc062723c751e8b465ee728b)
Start importing Assets/Content/Sprites/1b72d888c9d6895e66cfd8eb89e61339.png using Guid(0d6a43a43cd322e4596f156817a00179) Importer(815301076,1909f56bfc062723c751e8b465ee728b)  -> (artifact id: '5a580da7986c3fa098565e7ca874540b') in 0.064194 seconds 
========================================================================
Received Import Request.
  Time since last request: 22.436828 seconds.
  path: Assets/Content/Sprites/1b72d888c9d6895e66cfd8eb89e61339.png
  artifactKey: Guid(0d6a43a43cd322e4596f156817a00179) Importer(815301076,1909f56bfc062723c751e8b465ee728b)
Start importing Assets/Content/Sprites/1b72d888c9d6895e66cfd8eb89e61339.png using Guid(0d6a43a43cd322e4596f156817a00179) Importer(815301076,1909f56bfc062723c751e8b465ee728b)  -> (artifact id: '16a81d9d61e5f7d3f782f18d50a727e8') in 0.246503 seconds 
========================================================================
Received Import Request.
  Time since last request: 136.384237 seconds.
  path: Assets/Content/Sprites/12334.png
  artifactKey: Guid(ffa32224e7b6f1d438b85e81c5a2b293) Importer(815301076,1909f56bfc062723c751e8b465ee728b)
Start importing Assets/Content/Sprites/12334.png using Guid(ffa32224e7b6f1d438b85e81c5a2b293) Importer(815301076,1909f56bfc062723c751e8b465ee728b)  -> (artifact id: '10e90a6b60b17e68218908059bcbd9df') in 0.009696 seconds 
========================================================================
Received Import Request.
  Time since last request: 8.932713 seconds.
  path: Assets/Content/Sprites/12334.png
  artifactKey: Guid(ffa32224e7b6f1d438b85e81c5a2b293) Importer(815301076,1909f56bfc062723c751e8b465ee728b)
Start importing Assets/Content/Sprites/12334.png using Guid(ffa32224e7b6f1d438b85e81c5a2b293) Importer(815301076,1909f56bfc062723c751e8b465ee728b)  -> (artifact id: '5a774969d103d1d1dbbabb2666c6ee59') in 0.173906 seconds 
========================================================================
Received Import Request.
  Time since last request: 75.150391 seconds.
  path: Assets/Content/Sprites/Materials
  artifactKey: Guid(acfd202c1e491c9488d3fe07c9379fe2) Importer(815301076,1909f56bfc062723c751e8b465ee728b)
Start importing Assets/Content/Sprites/Materials using Guid(acfd202c1e491c9488d3fe07c9379fe2) Importer(815301076,1909f56bfc062723c751e8b465ee728b)  -> (artifact id: '91300864e442fd145387cf7f2c726655') in 0.001097 seconds 
========================================================================
Received Import Request.
  Time since last request: 0.105954 seconds.
  path: Assets/Content/Sprites/Materials/1b72d888c9d6895e66cfd8eb89e61339.mat
  artifactKey: Guid(60fee9a43b998f74ba8340b763bdadff) Importer(815301076,1909f56bfc062723c751e8b465ee728b)
Start importing Assets/Content/Sprites/Materials/1b72d888c9d6895e66cfd8eb89e61339.mat using Guid(60fee9a43b998f74ba8340b763bdadff) Importer(815301076,1909f56bfc062723c751e8b465ee728b)  -> (artifact id: 'ec08c1873da7d2650631ddcdd42b74eb') in 0.034164 seconds 
