Using pre-set license
Built from '2021.3/staging' branch; Version is '2021.3.5f1 (40eb3a945986) revision 4254522'; Using compiler version '192829333'; Build Type 'Release'
OS: 'Windows 10  (10.0.19044) 64bit Professional' Language: 'ru' Physical Memory: 16304 MB
BatchMode: 1, IsHumanControllingUs: 0, StartBugReporterOnCrash: 0, Is64bit: 1, IsPro: 1

COMMAND LINE ARGUMENTS:
D:\unity\2021.3.5f1\Editor\Unity.exe
-adb2
-batchMode
-noUpm
-name
AssetImportWorker10
-projectPath
D:/GameUnity/Hide & Seek Alarm Clocks
-logFile
Logs/AssetImportWorker10.log
-srvPort
52093
Successfully changed project path to: D:/GameUnity/Hide & Seek Alarm Clocks
D:/GameUnity/Hide & Seek Alarm Clocks
[UnityMemory] Configuration Parameters - Can be set up in boot.config
    "memorysetup-bucket-allocator-granularity=16"
    "memorysetup-bucket-allocator-bucket-count=8"
    "memorysetup-bucket-allocator-block-size=33554432"
    "memorysetup-bucket-allocator-block-count=8"
    "memorysetup-main-allocator-block-size=16777216"
    "memorysetup-thread-allocator-block-size=16777216"
    "memorysetup-gfx-main-allocator-block-size=16777216"
    "memorysetup-gfx-thread-allocator-block-size=16777216"
    "memorysetup-cache-allocator-block-size=4194304"
    "memorysetup-typetree-allocator-block-size=2097152"
    "memorysetup-profiler-bucket-allocator-granularity=16"
    "memorysetup-profiler-bucket-allocator-bucket-count=8"
    "memorysetup-profiler-bucket-allocator-block-size=33554432"
    "memorysetup-profiler-bucket-allocator-block-count=8"
    "memorysetup-profiler-allocator-block-size=16777216"
    "memorysetup-profiler-editor-allocator-block-size=1048576"
    "memorysetup-temp-allocator-size-main=16777216"
    "memorysetup-job-temp-allocator-block-size=2097152"
    "memorysetup-job-temp-allocator-block-size-background=1048576"
    "memorysetup-job-temp-allocator-reduction-small-platforms=262144"
    "memorysetup-temp-allocator-size-background-worker=32768"
    "memorysetup-temp-allocator-size-job-worker=262144"
    "memorysetup-temp-allocator-size-preload-manager=33554432"
    "memorysetup-temp-allocator-size-nav-mesh-worker=65536"
    "memorysetup-temp-allocator-size-audio-worker=65536"
    "memorysetup-temp-allocator-size-cloud-worker=32768"
    "memorysetup-temp-allocator-size-gi-baking-worker=262144"
    "memorysetup-temp-allocator-size-gfx=262144"
Refreshing native plugins compatible for Editor in 125.93 ms, found 3 plugins.
Preloading 0 native plugins for Editor in 0.00 ms.
Initialize engine version: 2021.3.5f1 (40eb3a945986)
[Subsystems] Discovering subsystems at path D:/unity/2021.3.5f1/Editor/Data/Resources/UnitySubsystems
[Subsystems] Discovering subsystems at path D:/GameUnity/Hide & Seek Alarm Clocks/Assets
GfxDevice: creating device client; threaded=0; jobified=0
Direct3D:
    Version:  Direct3D 11.0 [level 11.1]
    Renderer: NVIDIA GeForce GTX 1060 6GB (ID=0x1c03)
    Vendor:   NVIDIA
    VRAM:     6052 MB
    Driver:   30.0.15.1123
Initialize mono
Mono path[0] = 'D:/unity/2021.3.5f1/Editor/Data/Managed'
Mono path[1] = 'D:/unity/2021.3.5f1/Editor/Data/MonoBleedingEdge/lib/mono/unityjit-win32'
Mono config path = 'D:/unity/2021.3.5f1/Editor/Data/MonoBleedingEdge/etc'
Using monoOptions --debugger-agent=transport=dt_socket,embedding=1,server=y,suspend=n,address=127.0.0.1:56316
Begin MonoManager ReloadAssembly
Registering precompiled unity dll's ...
Register platform support module: D:/unity/2021.3.5f1/Editor/Data/PlaybackEngines/WebGLSupport/UnityEditor.WebGL.Extensions.dll
Register platform support module: D:/unity/2021.3.5f1/Editor/Data/PlaybackEngines/WindowsStandaloneSupport/UnityEditor.WindowsStandalone.Extensions.dll
Registered in 0.004446 seconds.
Native extension for WindowsStandalone target not found
Native extension for WebGL target not found
Refreshing native plugins compatible for Editor in 133.74 ms, found 3 plugins.
Preloading 0 native plugins for Editor in 0.00 ms.
Mono: successfully reloaded assembly
- Completed reload, in  0.925 seconds
Domain Reload Profiling:
	ReloadAssembly (926ms)
		BeginReloadAssembly (96ms)
			ExecutionOrderSort (0ms)
			DisableScriptedObjects (0ms)
			BackupInstance (0ms)
			ReleaseScriptingObjects (0ms)
			CreateAndSetChildDomain (1ms)
		EndReloadAssembly (683ms)
			LoadAssemblies (94ms)
			RebuildTransferFunctionScriptingTraits (0ms)
			SetupTypeCache (151ms)
			ReleaseScriptCaches (0ms)
			RebuildScriptCaches (42ms)
			SetupLoadedEditorAssemblies (420ms)
				LogAssemblyErrors (0ms)
				InitializePlatformSupportModulesInManaged (11ms)
				SetLoadedEditorAssemblies (0ms)
				RefreshPlugins (134ms)
				BeforeProcessingInitializeOnLoad (2ms)
				ProcessInitializeOnLoadAttributes (205ms)
				ProcessInitializeOnLoadMethodAttributes (68ms)
				AfterProcessingInitializeOnLoad (0ms)
				EditorAssembliesLoaded (0ms)
			ExecutionOrderSort2 (0ms)
			AwakeInstancesAfterBackupRestoration (0ms)
Platform modules already initialized, skipping
Registering precompiled user dll's ...
Registered in 0.005165 seconds.
Begin MonoManager ReloadAssembly
Symbol file LoadedFromMemory doesn't match image D:\GameUnity\Hide & Seek Alarm Clocks\Library\PackageCache\com.unity.visualscripting@1.7.8\Editor\VisualScripting.Core\Dependencies\YamlDotNet\Unity.VisualScripting.YamlDotNet.dll
Symbol file LoadedFromMemory doesn't match image D:\GameUnity\Hide & Seek Alarm Clocks\Library\PackageCache\com.unity.visualscripting@1.7.8\Editor\VisualScripting.Core\Dependencies\DotNetZip\Unity.VisualScripting.IonicZip.dll
Native extension for WindowsStandalone target not found
Native extension for WebGL target not found
Refreshing native plugins compatible for Editor in 0.90 ms, found 3 plugins.
Preloading 0 native plugins for Editor in 0.00 ms.
Mono: successfully reloaded assembly
- Completed reload, in  1.442 seconds
Domain Reload Profiling:
	ReloadAssembly (1443ms)
		BeginReloadAssembly (146ms)
			ExecutionOrderSort (0ms)
			DisableScriptedObjects (9ms)
			BackupInstance (0ms)
			ReleaseScriptingObjects (0ms)
			CreateAndSetChildDomain (23ms)
		EndReloadAssembly (1136ms)
			LoadAssemblies (99ms)
			RebuildTransferFunctionScriptingTraits (0ms)
			SetupTypeCache (380ms)
			ReleaseScriptCaches (1ms)
			RebuildScriptCaches (76ms)
			SetupLoadedEditorAssemblies (523ms)
				LogAssemblyErrors (0ms)
				InitializePlatformSupportModulesInManaged (8ms)
				SetLoadedEditorAssemblies (1ms)
				RefreshPlugins (1ms)
				BeforeProcessingInitializeOnLoad (120ms)
				ProcessInitializeOnLoadAttributes (347ms)
				ProcessInitializeOnLoadMethodAttributes (41ms)
				AfterProcessingInitializeOnLoad (5ms)
				EditorAssembliesLoaded (0ms)
			ExecutionOrderSort2 (0ms)
			AwakeInstancesAfterBackupRestoration (8ms)
Platform modules already initialized, skipping
========================================================================
Worker process is ready to serve import requests
Launched and connected shader compiler UnityShaderCompiler.exe after 0.11 seconds
Refreshing native plugins compatible for Editor in 0.92 ms, found 3 plugins.
Preloading 0 native plugins for Editor in 0.00 ms.
Unloading 3510 Unused Serialized files (Serialized files now loaded: 0)
Unloading 31 unused Assets / (396.6 KB). Loaded Objects now: 3971.
Memory consumption went from 130.3 MB to 129.9 MB.
Total: 4.167700 ms (FindLiveObjects: 0.388900 ms CreateObjectMapping: 0.208000 ms MarkObjects: 3.390200 ms  DeleteObjects: 0.179300 ms)

AssetImportParameters requested are different than current active one (requested -> active):
  custom:video-decoder-ogg-theora: a1e56fd34408186e4bbccfd4996cb3dc -> 
  custom:container-muxer-webm: aa71ff27fc2769a1b78a27578f13a17b -> 
  custom:container-demuxer-webm: 4f35f7cbe854078d1ac9338744f61a02 -> 
  custom:video-encoder-webm-vp8: eb34c28f22e8b96e1ab97ce403110664 -> 
  custom:audio-encoder-webm-vorbis: bf7c407c2cedff20999df2af8eb42d56 -> 
  custom:framework-win-MediaFoundation: 216162199b28c13a410421893ffa2e32 -> 
  custom:container-demuxer-ogg: 62fdf1f143b41e24485cea50d1cbac27 -> 
  custom:video-decoder-webm-vp8: 9c59270c3fd7afecdb556c50c9e8de78 -> 
  custom:audio-decoder-ogg-vorbis: bf7c407c2cedff20999df2af8eb42d56 -> 
========================================================================
Received Import Request.
  Time since last request: 153485.158271 seconds.
  path: Assets/TMI - Living Room/Materials
  artifactKey: Guid(9ee4143e93b105442ba57cb81771b5df) Importer(815301076,1909f56bfc062723c751e8b465ee728b)
Start importing Assets/TMI - Living Room/Materials using Guid(9ee4143e93b105442ba57cb81771b5df) Importer(815301076,1909f56bfc062723c751e8b465ee728b)  -> (artifact id: '0ee42db42ce44f31da33911acc83bf9c') in 0.009647 seconds 
========================================================================
Received Import Request.
  Time since last request: 0.048657 seconds.
  path: Assets/TMI - Living Room/Materials/3x3 Shelf.mat
  artifactKey: Guid(0eb17477edeafc3409a3badc3157a9bb) Importer(815301076,1909f56bfc062723c751e8b465ee728b)
Start importing Assets/TMI - Living Room/Materials/3x3 Shelf.mat using Guid(0eb17477edeafc3409a3badc3157a9bb) Importer(815301076,1909f56bfc062723c751e8b465ee728b)  -> (artifact id: 'f88615c7008a2e702fe80b91fd13b1bc') in 0.172770 seconds 
========================================================================
Received Import Request.
  Time since last request: 0.000022 seconds.
  path: Assets/TMI - Living Room/Materials/decoration.mat
  artifactKey: Guid(cc7acc29d42276649ab57f855c5b4ec1) Importer(815301076,1909f56bfc062723c751e8b465ee728b)
Start importing Assets/TMI - Living Room/Materials/decoration.mat using Guid(cc7acc29d42276649ab57f855c5b4ec1) Importer(815301076,1909f56bfc062723c751e8b465ee728b)  -> (artifact id: 'eb8f1d8f5c3fe2e73fa48e5a10e093c0') in 0.010521 seconds 
========================================================================
Received Import Request.
  Time since last request: 0.000031 seconds.
  path: Assets/TMI - Living Room/Materials/TV.mat
  artifactKey: Guid(7e41f60cdd8d2944ca97e317e00a3f88) Importer(815301076,1909f56bfc062723c751e8b465ee728b)
Start importing Assets/TMI - Living Room/Materials/TV.mat using Guid(7e41f60cdd8d2944ca97e317e00a3f88) Importer(815301076,1909f56bfc062723c751e8b465ee728b)  -> (artifact id: '7b1815fcd03e51d604c0d642df802d02') in 0.008988 seconds 
========================================================================
Received Import Request.
  Time since last request: 0.000028 seconds.
  path: Assets/TMI - Living Room/Materials/rug.mat
  artifactKey: Guid(ff3e77341739ce44a904b51f3ed7cb41) Importer(815301076,1909f56bfc062723c751e8b465ee728b)
Start importing Assets/TMI - Living Room/Materials/rug.mat using Guid(ff3e77341739ce44a904b51f3ed7cb41) Importer(815301076,1909f56bfc062723c751e8b465ee728b)  -> (artifact id: 'fc9cd16acb5d387def79918e953b747c') in 0.008433 seconds 
========================================================================
Received Import Request.
  Time since last request: 0.000023 seconds.
  path: Assets/TMI - Living Room/Materials/short table.mat
  artifactKey: Guid(7375f6073d0edcf46bd6c9f91b9daa79) Importer(815301076,1909f56bfc062723c751e8b465ee728b)
Start importing Assets/TMI - Living Room/Materials/short table.mat using Guid(7375f6073d0edcf46bd6c9f91b9daa79) Importer(815301076,1909f56bfc062723c751e8b465ee728b)  -> (artifact id: '2bc686ff2cef62186c80f8234c28b9aa') in 0.009266 seconds 
========================================================================
Received Import Request.
  Time since last request: 0.000024 seconds.
  path: Assets/TMI - Living Room/Materials/single shelf.mat
  artifactKey: Guid(fceb86a17f957ff4e9a3c26d708ffd71) Importer(815301076,1909f56bfc062723c751e8b465ee728b)
Start importing Assets/TMI - Living Room/Materials/single shelf.mat using Guid(fceb86a17f957ff4e9a3c26d708ffd71) Importer(815301076,1909f56bfc062723c751e8b465ee728b)  -> (artifact id: '13e98e6bf7f474a95f92bf41f949f884') in 0.010888 seconds 
========================================================================
Received Import Request.
  Time since last request: 0.000028 seconds.
  path: Assets/TMI - Living Room/Materials/circle rug.mat
  artifactKey: Guid(7db238dd0ae4a7e4598f4b113aa5c4db) Importer(815301076,1909f56bfc062723c751e8b465ee728b)
Start importing Assets/TMI - Living Room/Materials/circle rug.mat using Guid(7db238dd0ae4a7e4598f4b113aa5c4db) Importer(815301076,1909f56bfc062723c751e8b465ee728b)  -> (artifact id: '7c0566da8fd1daabf0df1dd6de46d479') in 0.011102 seconds 
========================================================================
Received Import Request.
  Time since last request: 0.000020 seconds.
  path: Assets/TMI - Living Room/Materials/sofa.mat
  artifactKey: Guid(90e1c883c440d464b82b562047a5afd7) Importer(815301076,1909f56bfc062723c751e8b465ee728b)
Start importing Assets/TMI - Living Room/Materials/sofa.mat using Guid(90e1c883c440d464b82b562047a5afd7) Importer(815301076,1909f56bfc062723c751e8b465ee728b)  -> (artifact id: 'c83b9d6334e729c1bb4c9ee935144053') in 0.009688 seconds 
========================================================================
Received Import Request.
  Time since last request: 0.000021 seconds.
  path: Assets/TMI - Living Room/Materials/TV 2.mat
  artifactKey: Guid(0eca083571481b746a48b8789123e383) Importer(815301076,1909f56bfc062723c751e8b465ee728b)
Start importing Assets/TMI - Living Room/Materials/TV 2.mat using Guid(0eca083571481b746a48b8789123e383) Importer(815301076,1909f56bfc062723c751e8b465ee728b)  -> (artifact id: 'beed22b57941678442f53963da2ed4cd') in 0.008753 seconds 
========================================================================
Received Import Request.
  Time since last request: 14.177913 seconds.
  path: Assets/TMI - Living Room/Models/bookA.obj
  artifactKey: Guid(b546c32caf1fd6d4e8da3273e17b14a8) Importer(815301076,1909f56bfc062723c751e8b465ee728b)
Start importing Assets/TMI - Living Room/Models/bookA.obj using Guid(b546c32caf1fd6d4e8da3273e17b14a8) Importer(815301076,1909f56bfc062723c751e8b465ee728b)  -> (artifact id: '0a399d339b6288a6dc2ae1fa6309828c') in 0.105428 seconds 
========================================================================
Received Import Request.
  Time since last request: 0.000022 seconds.
  path: Assets/TMI - Living Room/Models/circle rug.obj
  artifactKey: Guid(b8e2629dfe565f343946be4dfc58b57a) Importer(815301076,1909f56bfc062723c751e8b465ee728b)
Start importing Assets/TMI - Living Room/Models/circle rug.obj using Guid(b8e2629dfe565f343946be4dfc58b57a) Importer(815301076,1909f56bfc062723c751e8b465ee728b)  -> (artifact id: 'd0a0cc5e3f53a3f46908bd0c754e529a') in 0.029612 seconds 
========================================================================
Received Import Request.
  Time since last request: 0.000031 seconds.
  path: Assets/TMI - Living Room/Models/decoration.obj
  artifactKey: Guid(4da9b560e81f3b0408029cadcf0008f7) Importer(815301076,1909f56bfc062723c751e8b465ee728b)
Start importing Assets/TMI - Living Room/Models/decoration.obj using Guid(4da9b560e81f3b0408029cadcf0008f7) Importer(815301076,1909f56bfc062723c751e8b465ee728b)  -> (artifact id: 'd012780291d71f2cdc7658612914fe25') in 0.029351 seconds 
========================================================================
Received Import Request.
  Time since last request: 0.000026 seconds.
  path: Assets/TMI - Living Room/Models/rug.obj
  artifactKey: Guid(2fec2e32ec2b9924d9821aa6ee4bbfeb) Importer(815301076,1909f56bfc062723c751e8b465ee728b)
Start importing Assets/TMI - Living Room/Models/rug.obj using Guid(2fec2e32ec2b9924d9821aa6ee4bbfeb) Importer(815301076,1909f56bfc062723c751e8b465ee728b)  -> (artifact id: '1a08f4db7653926d38e7e7c8eb598b45') in 0.024721 seconds 
========================================================================
Received Import Request.
  Time since last request: 0.000026 seconds.
  path: Assets/TMI - Living Room/Models/short table.obj
  artifactKey: Guid(264cb45c279d8f446a290481e39c4ccb) Importer(815301076,1909f56bfc062723c751e8b465ee728b)
Start importing Assets/TMI - Living Room/Models/short table.obj using Guid(264cb45c279d8f446a290481e39c4ccb) Importer(815301076,1909f56bfc062723c751e8b465ee728b)  -> (artifact id: 'f4c9760a7f09aaccddfb6b9ce64af551') in 0.024272 seconds 
========================================================================
Received Import Request.
  Time since last request: 0.000036 seconds.
  path: Assets/TMI - Living Room/Models/mug.obj
  artifactKey: Guid(d13f69f7ae411ee4d96be9e94faae0b9) Importer(815301076,1909f56bfc062723c751e8b465ee728b)
Start importing Assets/TMI - Living Room/Models/mug.obj using Guid(d13f69f7ae411ee4d96be9e94faae0b9) Importer(815301076,1909f56bfc062723c751e8b465ee728b)  -> (artifact id: 'ba8ed57f9dbaa33f049c583f8b7d5636') in 0.027725 seconds 
========================================================================
Received Import Request.
  Time since last request: 1.487885 seconds.
  path: Assets/TMI - Living Room/Prefabs/Book.prefab
  artifactKey: Guid(2d2a17fcba37e044eae2da3bc27ce970) Importer(815301076,1909f56bfc062723c751e8b465ee728b)
Start importing Assets/TMI - Living Room/Prefabs/Book.prefab using Guid(2d2a17fcba37e044eae2da3bc27ce970) Importer(815301076,1909f56bfc062723c751e8b465ee728b)  -> (artifact id: '2e5e2c2a194fcca5b93e764bb28d7ecd') in 0.016603 seconds 
========================================================================
Received Import Request.
  Time since last request: 0.000022 seconds.
  path: Assets/TMI - Living Room/Prefabs/Tea Cup.prefab
  artifactKey: Guid(7c101d08871213f459edcca44cb19d35) Importer(815301076,1909f56bfc062723c751e8b465ee728b)
Start importing Assets/TMI - Living Room/Prefabs/Tea Cup.prefab using Guid(7c101d08871213f459edcca44cb19d35) Importer(815301076,1909f56bfc062723c751e8b465ee728b)  -> (artifact id: 'c453ea23880f37c97aebba456ce733c2') in 0.009066 seconds 
========================================================================
Received Import Request.
  Time since last request: 0.000024 seconds.
  path: Assets/TMI - Living Room/Prefabs/Circle Rug.prefab
  artifactKey: Guid(987def3a4023b6e4295b676f68243ec5) Importer(815301076,1909f56bfc062723c751e8b465ee728b)
Start importing Assets/TMI - Living Room/Prefabs/Circle Rug.prefab using Guid(987def3a4023b6e4295b676f68243ec5) Importer(815301076,1909f56bfc062723c751e8b465ee728b)  -> (artifact id: '11ac529a9c5a824194a6e423b9e0228e') in 0.009503 seconds 
========================================================================
Received Import Request.
  Time since last request: 0.000027 seconds.
  path: Assets/TMI - Living Room/Prefabs/Short Table.prefab
  artifactKey: Guid(5c2dbd023beb8164fbb77c4ace48de98) Importer(815301076,1909f56bfc062723c751e8b465ee728b)
Start importing Assets/TMI - Living Room/Prefabs/Short Table.prefab using Guid(5c2dbd023beb8164fbb77c4ace48de98) Importer(815301076,1909f56bfc062723c751e8b465ee728b)  -> (artifact id: 'db3fe4a1d3709efe8be9552ebbca440d') in 0.009862 seconds 
========================================================================
Received Import Request.
  Time since last request: 81.287211 seconds.
  path: Assets/Content/Materials/Door-1 1.mat
  artifactKey: Guid(74e6bcf6f0cdaa8428bce1aab6bac602) Importer(815301076,1909f56bfc062723c751e8b465ee728b)
Start importing Assets/Content/Materials/Door-1 1.mat using Guid(74e6bcf6f0cdaa8428bce1aab6bac602) Importer(815301076,1909f56bfc062723c751e8b465ee728b)  -> (artifact id: '8e8c3702c0c210784e9b6abd888fb1bc') in 0.010119 seconds 
========================================================================
Received Import Request.
  Time since last request: 0.000039 seconds.
  path: Assets/Content/Materials/Tile-1.mat
  artifactKey: Guid(270a6897e0f1bb542a939e90dd06b921) Importer(815301076,1909f56bfc062723c751e8b465ee728b)
Start importing Assets/Content/Materials/Tile-1.mat using Guid(270a6897e0f1bb542a939e90dd06b921) Importer(815301076,1909f56bfc062723c751e8b465ee728b)  -> (artifact id: 'ef5f7b285ff85a6bb588de1861efbfcb') in 0.009733 seconds 
========================================================================
Received Import Request.
  Time since last request: 0.000027 seconds.
  path: Assets/Content/Materials/Wallpaper-7.mat
  artifactKey: Guid(a8be58e599d78a14ba3a4fac4f6740ba) Importer(815301076,1909f56bfc062723c751e8b465ee728b)
Start importing Assets/Content/Materials/Wallpaper-7.mat using Guid(a8be58e599d78a14ba3a4fac4f6740ba) Importer(815301076,1909f56bfc062723c751e8b465ee728b)  -> (artifact id: '4e80af8f44e824e353415791caeae1e9') in 0.010467 seconds 
========================================================================
Received Import Request.
  Time since last request: 0.000040 seconds.
  path: Assets/Content/Materials/Wallpaper-5.mat
  artifactKey: Guid(56f69d77ea8a3574cbf8671ff5efd143) Importer(815301076,1909f56bfc062723c751e8b465ee728b)
Start importing Assets/Content/Materials/Wallpaper-5.mat using Guid(56f69d77ea8a3574cbf8671ff5efd143) Importer(815301076,1909f56bfc062723c751e8b465ee728b)  -> (artifact id: 'b4434fac602c92c6606db13ad3435c9a') in 0.009327 seconds 
========================================================================
Received Import Request.
  Time since last request: 0.000028 seconds.
  path: Assets/Content/Materials/Door-1.mat
  artifactKey: Guid(1901bd4afb6cc6641a51a5fc73ad5c8f) Importer(815301076,1909f56bfc062723c751e8b465ee728b)
Start importing Assets/Content/Materials/Door-1.mat using Guid(1901bd4afb6cc6641a51a5fc73ad5c8f) Importer(815301076,1909f56bfc062723c751e8b465ee728b)  -> (artifact id: '5ccf1d4ad22229aca22722124269c204') in 0.008581 seconds 
========================================================================
Received Import Request.
  Time since last request: 0.000030 seconds.
  path: Assets/Content/Materials/Tile-2.mat
  artifactKey: Guid(ad969d6a9945cac4384a87ef82ef512e) Importer(815301076,1909f56bfc062723c751e8b465ee728b)
Start importing Assets/Content/Materials/Tile-2.mat using Guid(ad969d6a9945cac4384a87ef82ef512e) Importer(815301076,1909f56bfc062723c751e8b465ee728b)  -> (artifact id: '4571e788f0ce59faab91e85a410a6078') in 0.009952 seconds 
========================================================================
Received Import Request.
  Time since last request: 0.000040 seconds.
  path: Assets/Content/Materials/Wood-3.mat
  artifactKey: Guid(664791398538dbf4a960c2edf39d62de) Importer(815301076,1909f56bfc062723c751e8b465ee728b)
Start importing Assets/Content/Materials/Wood-3.mat using Guid(664791398538dbf4a960c2edf39d62de) Importer(815301076,1909f56bfc062723c751e8b465ee728b)  -> (artifact id: '59c6557a9670bf0c4ccb3229e6be4a07') in 0.009728 seconds 
========================================================================
Received Import Request.
  Time since last request: 0.000031 seconds.
  path: Assets/Content/Materials/Wallpaper-3.mat
  artifactKey: Guid(817a4c67b151e5341a65d8eadda0bd8e) Importer(815301076,1909f56bfc062723c751e8b465ee728b)
Start importing Assets/Content/Materials/Wallpaper-3.mat using Guid(817a4c67b151e5341a65d8eadda0bd8e) Importer(815301076,1909f56bfc062723c751e8b465ee728b)  -> (artifact id: 'c3197bceb0b7f0491e728502fd34d756') in 0.010488 seconds 
Editor requested this worker to shutdown with reason: Scaling down because of idle timeout
AssetImportWorker is now disconnected from the server
Process exiting
Exiting without the bug reporter. Application will terminate with return code 0