Using pre-set license
Built from '2021.3/staging' branch; Version is '2021.3.5f1 (40eb3a945986) revision 4254522'; Using compiler version '192829333'; Build Type 'Release'
OS: 'Windows 10  (10.0.19044) 64bit Professional' Language: 'ru' Physical Memory: 8036 MB
BatchMode: 1, IsHumanControllingUs: 0, StartBugReporterOnCrash: 0, Is64bit: 1, IsPro: 1

COMMAND LINE ARGUMENTS:
D:\Unity\2021.3.5f1\Editor\Unity.exe
-adb2
-batchMode
-noUpm
-name
AssetImportWorker2
-projectPath
D:/LY/Hide and Seek
-logFile
Logs/AssetImportWorker2.log
-srvPort
<<<<<<< HEAD
60459
Successfully changed project path to: D:/GameUnity/Hide & Seek Alarm Clocks
D:/GameUnity/Hide & Seek Alarm Clocks
=======
64055
Successfully changed project path to: D:/LY/Hide and Seek
D:/LY/Hide and Seek
>>>>>>> remotes/origin/DenKach
[UnityMemory] Configuration Parameters - Can be set up in boot.config
    "memorysetup-bucket-allocator-granularity=16"
    "memorysetup-bucket-allocator-bucket-count=8"
    "memorysetup-bucket-allocator-block-size=33554432"
    "memorysetup-bucket-allocator-block-count=8"
    "memorysetup-main-allocator-block-size=16777216"
    "memorysetup-thread-allocator-block-size=16777216"
    "memorysetup-gfx-main-allocator-block-size=16777216"
    "memorysetup-gfx-thread-allocator-block-size=16777216"
    "memorysetup-cache-allocator-block-size=4194304"
    "memorysetup-typetree-allocator-block-size=2097152"
    "memorysetup-profiler-bucket-allocator-granularity=16"
    "memorysetup-profiler-bucket-allocator-bucket-count=8"
    "memorysetup-profiler-bucket-allocator-block-size=33554432"
    "memorysetup-profiler-bucket-allocator-block-count=8"
    "memorysetup-profiler-allocator-block-size=16777216"
    "memorysetup-profiler-editor-allocator-block-size=1048576"
    "memorysetup-temp-allocator-size-main=16777216"
    "memorysetup-job-temp-allocator-block-size=2097152"
    "memorysetup-job-temp-allocator-block-size-background=1048576"
    "memorysetup-job-temp-allocator-reduction-small-platforms=262144"
    "memorysetup-temp-allocator-size-background-worker=32768"
    "memorysetup-temp-allocator-size-job-worker=262144"
    "memorysetup-temp-allocator-size-preload-manager=33554432"
    "memorysetup-temp-allocator-size-nav-mesh-worker=65536"
    "memorysetup-temp-allocator-size-audio-worker=65536"
    "memorysetup-temp-allocator-size-cloud-worker=32768"
    "memorysetup-temp-allocator-size-gi-baking-worker=262144"
    "memorysetup-temp-allocator-size-gfx=262144"
<<<<<<< HEAD
Refreshing native plugins compatible for Editor in 125.40 ms, found 3 plugins.
=======
Refreshing native plugins compatible for Editor in 108.73 ms, found 3 plugins.
>>>>>>> remotes/origin/DenKach
Preloading 0 native plugins for Editor in 0.00 ms.
Initialize engine version: 2021.3.5f1 (40eb3a945986)
[Subsystems] Discovering subsystems at path D:/Unity/2021.3.5f1/Editor/Data/Resources/UnitySubsystems
[Subsystems] Discovering subsystems at path D:/LY/Hide and Seek/Assets
GfxDevice: creating device client; threaded=0; jobified=0
Direct3D:
    Version:  Direct3D 11.0 [level 11.1]
    Renderer: NVIDIA GeForce GTX 1050 Ti (ID=0x1c8f)
    Vendor:   NVIDIA
    VRAM:     4021 MB
    Driver:   30.0.14.9649
Initialize mono
<<<<<<< HEAD
Mono path[0] = 'D:/unity/2021.3.5f1/Editor/Data/Managed'
Mono path[1] = 'D:/unity/2021.3.5f1/Editor/Data/MonoBleedingEdge/lib/mono/unityjit-win32'
Mono config path = 'D:/unity/2021.3.5f1/Editor/Data/MonoBleedingEdge/etc'
Using monoOptions --debugger-agent=transport=dt_socket,embedding=1,server=y,suspend=n,address=127.0.0.1:56720
Begin MonoManager ReloadAssembly
Registering precompiled unity dll's ...
Register platform support module: D:/unity/2021.3.5f1/Editor/Data/PlaybackEngines/WebGLSupport/UnityEditor.WebGL.Extensions.dll
Register platform support module: D:/unity/2021.3.5f1/Editor/Data/PlaybackEngines/WindowsStandaloneSupport/UnityEditor.WindowsStandalone.Extensions.dll
Registered in 0.004496 seconds.
Native extension for WindowsStandalone target not found
Native extension for WebGL target not found
Refreshing native plugins compatible for Editor in 125.93 ms, found 3 plugins.
Preloading 0 native plugins for Editor in 0.00 ms.
Mono: successfully reloaded assembly
- Completed reload, in  0.928 seconds
Domain Reload Profiling:
	ReloadAssembly (929ms)
		BeginReloadAssembly (100ms)
=======
Mono path[0] = 'D:/Unity/2021.3.5f1/Editor/Data/Managed'
Mono path[1] = 'D:/Unity/2021.3.5f1/Editor/Data/MonoBleedingEdge/lib/mono/unityjit-win32'
Mono config path = 'D:/Unity/2021.3.5f1/Editor/Data/MonoBleedingEdge/etc'
Using monoOptions --debugger-agent=transport=dt_socket,embedding=1,server=y,suspend=n,address=127.0.0.1:56004
Begin MonoManager ReloadAssembly
Registering precompiled unity dll's ...
Trying to register platform support module: D:/Unity/2021.3.5f1/Editor/Data/PlaybackEngines/WebGLSupport/UnityEditor.WebGL.Extensions.dll (that doesn't exist). Retrying without overrides.
Platform support module is not available: D:/Unity/2021.3.5f1/Editor/Data/PlaybackEngines/WebGLSupport/UnityEditor.WebGL.Extensions.dll
Register platform support module: D:/Unity/2021.3.5f1/Editor/Data/PlaybackEngines/WindowsStandaloneSupport/UnityEditor.WindowsStandalone.Extensions.dll
Registered in 0.004156 seconds.
Native extension for WindowsStandalone target not found
Refreshing native plugins compatible for Editor in 104.44 ms, found 3 plugins.
Preloading 0 native plugins for Editor in 0.00 ms.
Mono: successfully reloaded assembly
- Completed reload, in  0.998 seconds
Domain Reload Profiling:
	ReloadAssembly (998ms)
		BeginReloadAssembly (83ms)
>>>>>>> remotes/origin/DenKach
			ExecutionOrderSort (0ms)
			DisableScriptedObjects (0ms)
			BackupInstance (0ms)
			ReleaseScriptingObjects (0ms)
			CreateAndSetChildDomain (1ms)
		EndReloadAssembly (672ms)
<<<<<<< HEAD
			LoadAssemblies (98ms)
			RebuildTransferFunctionScriptingTraits (0ms)
			SetupTypeCache (156ms)
			ReleaseScriptCaches (0ms)
			RebuildScriptCaches (43ms)
			SetupLoadedEditorAssemblies (402ms)
=======
			LoadAssemblies (82ms)
			RebuildTransferFunctionScriptingTraits (0ms)
			SetupTypeCache (249ms)
			ReleaseScriptCaches (0ms)
			RebuildScriptCaches (33ms)
			SetupLoadedEditorAssemblies (337ms)
>>>>>>> remotes/origin/DenKach
				LogAssemblyErrors (0ms)
				InitializePlatformSupportModulesInManaged (7ms)
				SetLoadedEditorAssemblies (0ms)
<<<<<<< HEAD
				RefreshPlugins (126ms)
				BeforeProcessingInitializeOnLoad (2ms)
				ProcessInitializeOnLoadAttributes (192ms)
				ProcessInitializeOnLoadMethodAttributes (69ms)
=======
				RefreshPlugins (105ms)
				BeforeProcessingInitializeOnLoad (2ms)
				ProcessInitializeOnLoadAttributes (166ms)
				ProcessInitializeOnLoadMethodAttributes (58ms)
>>>>>>> remotes/origin/DenKach
				AfterProcessingInitializeOnLoad (0ms)
				EditorAssembliesLoaded (0ms)
			ExecutionOrderSort2 (0ms)
			AwakeInstancesAfterBackupRestoration (0ms)
Platform modules already initialized, skipping
Registering precompiled user dll's ...
<<<<<<< HEAD
Registered in 0.005068 seconds.
=======
Registered in 0.004595 seconds.
>>>>>>> remotes/origin/DenKach
Begin MonoManager ReloadAssembly
Symbol file LoadedFromMemory doesn't match image D:\LY\Hide and Seek\Library\PackageCache\com.unity.visualscripting@1.7.8\Editor\VisualScripting.Core\Dependencies\YamlDotNet\Unity.VisualScripting.YamlDotNet.dll
Symbol file LoadedFromMemory doesn't match image D:\LY\Hide and Seek\Library\PackageCache\com.unity.visualscripting@1.7.8\Editor\VisualScripting.Core\Dependencies\DotNetZip\Unity.VisualScripting.IonicZip.dll
Native extension for WindowsStandalone target not found
<<<<<<< HEAD
Native extension for WebGL target not found
Refreshing native plugins compatible for Editor in 1.11 ms, found 3 plugins.
Preloading 0 native plugins for Editor in 0.00 ms.
Mono: successfully reloaded assembly
- Completed reload, in  1.507 seconds
Domain Reload Profiling:
	ReloadAssembly (1508ms)
		BeginReloadAssembly (153ms)
			ExecutionOrderSort (0ms)
			DisableScriptedObjects (9ms)
			BackupInstance (0ms)
			ReleaseScriptingObjects (0ms)
			CreateAndSetChildDomain (22ms)
		EndReloadAssembly (1184ms)
			LoadAssemblies (96ms)
			RebuildTransferFunctionScriptingTraits (0ms)
			SetupTypeCache (381ms)
			ReleaseScriptCaches (1ms)
			RebuildScriptCaches (81ms)
			SetupLoadedEditorAssemblies (559ms)
				LogAssemblyErrors (0ms)
				InitializePlatformSupportModulesInManaged (8ms)
				SetLoadedEditorAssemblies (1ms)
				RefreshPlugins (1ms)
				BeforeProcessingInitializeOnLoad (131ms)
				ProcessInitializeOnLoadAttributes (372ms)
				ProcessInitializeOnLoadMethodAttributes (41ms)
				AfterProcessingInitializeOnLoad (5ms)
				EditorAssembliesLoaded (0ms)
			ExecutionOrderSort2 (0ms)
			AwakeInstancesAfterBackupRestoration (8ms)
Platform modules already initialized, skipping
========================================================================
Worker process is ready to serve import requests
Launched and connected shader compiler UnityShaderCompiler.exe after 0.10 seconds
Refreshing native plugins compatible for Editor in 1.07 ms, found 3 plugins.
Preloading 0 native plugins for Editor in 0.00 ms.
Unloading 3394 Unused Serialized files (Serialized files now loaded: 0)
Unloading 28 unused Assets / (343.1 KB). Loaded Objects now: 3851.
Memory consumption went from 124.6 MB to 124.3 MB.
Total: 4.062300 ms (FindLiveObjects: 0.316900 ms CreateObjectMapping: 0.171100 ms MarkObjects: 3.444100 ms  DeleteObjects: 0.128700 ms)

AssetImportParameters requested are different than current active one (requested -> active):
  custom:video-decoder-ogg-theora: a1e56fd34408186e4bbccfd4996cb3dc -> 
  custom:container-muxer-webm: aa71ff27fc2769a1b78a27578f13a17b -> 
  custom:container-demuxer-webm: 4f35f7cbe854078d1ac9338744f61a02 -> 
  custom:video-encoder-webm-vp8: eb34c28f22e8b96e1ab97ce403110664 -> 
  custom:audio-encoder-webm-vorbis: bf7c407c2cedff20999df2af8eb42d56 -> 
  custom:framework-win-MediaFoundation: 216162199b28c13a410421893ffa2e32 -> 
  custom:container-demuxer-ogg: 62fdf1f143b41e24485cea50d1cbac27 -> 
  custom:video-decoder-webm-vp8: 9c59270c3fd7afecdb556c50c9e8de78 -> 
  custom:audio-decoder-ogg-vorbis: bf7c407c2cedff20999df2af8eb42d56 -> 
========================================================================
Received Prepare
Registering precompiled user dll's ...
Registered in 0.004624 seconds.
Begin MonoManager ReloadAssembly
Symbol file LoadedFromMemory doesn't match image D:\GameUnity\Hide & Seek Alarm Clocks\Library\PackageCache\com.unity.visualscripting@1.7.8\Editor\VisualScripting.Core\Dependencies\YamlDotNet\Unity.VisualScripting.YamlDotNet.dll
Symbol file LoadedFromMemory doesn't match image D:\GameUnity\Hide & Seek Alarm Clocks\Library\PackageCache\com.unity.visualscripting@1.7.8\Editor\VisualScripting.Core\Dependencies\DotNetZip\Unity.VisualScripting.IonicZip.dll
Native extension for WindowsStandalone target not found
Native extension for WebGL target not found
Refreshing native plugins compatible for Editor in 1.41 ms, found 3 plugins.
Preloading 0 native plugins for Editor in 0.00 ms.
Mono: successfully reloaded assembly
- Completed reload, in  1.413 seconds
Domain Reload Profiling:
	ReloadAssembly (1414ms)
		BeginReloadAssembly (174ms)
			ExecutionOrderSort (0ms)
			DisableScriptedObjects (9ms)
			BackupInstance (0ms)
			ReleaseScriptingObjects (0ms)
			CreateAndSetChildDomain (49ms)
		EndReloadAssembly (1105ms)
			LoadAssemblies (97ms)
			RebuildTransferFunctionScriptingTraits (0ms)
			SetupTypeCache (380ms)
			ReleaseScriptCaches (1ms)
			RebuildScriptCaches (66ms)
			SetupLoadedEditorAssemblies (488ms)
				LogAssemblyErrors (0ms)
				InitializePlatformSupportModulesInManaged (19ms)
				SetLoadedEditorAssemblies (1ms)
				RefreshPlugins (1ms)
				BeforeProcessingInitializeOnLoad (91ms)
				ProcessInitializeOnLoadAttributes (325ms)
				ProcessInitializeOnLoadMethodAttributes (44ms)
				AfterProcessingInitializeOnLoad (5ms)
				EditorAssembliesLoaded (0ms)
			ExecutionOrderSort2 (0ms)
			AwakeInstancesAfterBackupRestoration (10ms)
Platform modules already initialized, skipping
Refreshing native plugins compatible for Editor in 2.50 ms, found 3 plugins.
Preloading 0 native plugins for Editor in 0.00 ms.
Unloading 3366 Unused Serialized files (Serialized files now loaded: 0)
Unloading 21 unused Assets / (309.8 KB). Loaded Objects now: 3854.
Memory consumption went from 122.2 MB to 121.9 MB.
Total: 4.175600 ms (FindLiveObjects: 0.276800 ms CreateObjectMapping: 0.142500 ms MarkObjects: 3.686000 ms  DeleteObjects: 0.069000 ms)
=======
Refreshing native plugins compatible for Editor in 2.88 ms, found 3 plugins.
Preloading 0 native plugins for Editor in 0.00 ms.
Mono: successfully reloaded assembly
- Completed reload, in  2.308 seconds
Domain Reload Profiling:
	ReloadAssembly (2309ms)
		BeginReloadAssembly (129ms)
			ExecutionOrderSort (0ms)
			DisableScriptedObjects (8ms)
			BackupInstance (0ms)
			ReleaseScriptingObjects (0ms)
			CreateAndSetChildDomain (24ms)
		EndReloadAssembly (2053ms)
			LoadAssemblies (97ms)
			RebuildTransferFunctionScriptingTraits (0ms)
			SetupTypeCache (1060ms)
			ReleaseScriptCaches (1ms)
			RebuildScriptCaches (100ms)
			SetupLoadedEditorAssemblies (729ms)
				LogAssemblyErrors (0ms)
				InitializePlatformSupportModulesInManaged (11ms)
				SetLoadedEditorAssemblies (1ms)
				RefreshPlugins (3ms)
				BeforeProcessingInitializeOnLoad (105ms)
				ProcessInitializeOnLoadAttributes (335ms)
				ProcessInitializeOnLoadMethodAttributes (269ms)
				AfterProcessingInitializeOnLoad (3ms)
				EditorAssembliesLoaded (0ms)
			ExecutionOrderSort2 (0ms)
			AwakeInstancesAfterBackupRestoration (7ms)
Platform modules already initialized, skipping
========================================================================
Worker process is ready to serve import requests
Launched and connected shader compiler UnityShaderCompiler.exe after 1.98 seconds
Refreshing native plugins compatible for Editor in 1.87 ms, found 3 plugins.
Preloading 0 native plugins for Editor in 0.00 ms.
Unloading 3395 Unused Serialized files (Serialized files now loaded: 0)
Unloading 27 unused Assets / (317.5 KB). Loaded Objects now: 3874.
Memory consumption went from 143.4 MB to 143.1 MB.
Total: 5.702000 ms (FindLiveObjects: 0.432200 ms CreateObjectMapping: 0.415900 ms MarkObjects: 4.738900 ms  DeleteObjects: 0.112400 ms)
>>>>>>> remotes/origin/DenKach

AssetImportParameters requested are different than current active one (requested -> active):
  custom:video-decoder-ogg-theora: a1e56fd34408186e4bbccfd4996cb3dc -> 
  custom:container-muxer-webm: aa71ff27fc2769a1b78a27578f13a17b -> 
  custom:container-demuxer-webm: 4f35f7cbe854078d1ac9338744f61a02 -> 
  custom:video-encoder-webm-vp8: eb34c28f22e8b96e1ab97ce403110664 -> 
  custom:audio-encoder-webm-vorbis: bf7c407c2cedff20999df2af8eb42d56 -> 
  custom:framework-win-MediaFoundation: 216162199b28c13a410421893ffa2e32 -> 
  custom:container-demuxer-ogg: 62fdf1f143b41e24485cea50d1cbac27 -> 
  custom:video-decoder-webm-vp8: 9c59270c3fd7afecdb556c50c9e8de78 -> 
  custom:audio-decoder-ogg-vorbis: bf7c407c2cedff20999df2af8eb42d56 -> 
<<<<<<< HEAD
========================================================================
Received Import Request.
  Time since last request: 244360.731195 seconds.
  path: Assets/Content/Prefabs/Rooms/BedRoom/LogicCorridorPrefab 3.prefab
  artifactKey: Guid(1c8db6c7020f27e47a20de5e55b24365) Importer(815301076,1909f56bfc062723c751e8b465ee728b)
Start importing Assets/Content/Prefabs/Rooms/BedRoom/LogicCorridorPrefab 3.prefab using Guid(1c8db6c7020f27e47a20de5e55b24365) Importer(815301076,1909f56bfc062723c751e8b465ee728b)  -> (artifact id: 'adea243b5745d06fc2ab5f2046fe5136') in 0.309798 seconds 
========================================================================
Received Import Request.
  Time since last request: 1251.257047 seconds.
  path: Assets/Content/Prefabs/Rooms/BedRoom/LogicCorridorPrefab 3.prefab
  artifactKey: Guid(1c8db6c7020f27e47a20de5e55b24365) Importer(815301076,1909f56bfc062723c751e8b465ee728b)
Start importing Assets/Content/Prefabs/Rooms/BedRoom/LogicCorridorPrefab 3.prefab using Guid(1c8db6c7020f27e47a20de5e55b24365) Importer(815301076,1909f56bfc062723c751e8b465ee728b)  -> (artifact id: '899fe2eb351b1b698db2ce5c14625322') in 0.192484 seconds 
========================================================================
Received Import Request.
  Time since last request: 3.094000 seconds.
  path: Assets/Content/Prefabs/Rooms/Room_1.prefab
  artifactKey: Guid(bb82f8d17a1f79e44ad7cfdcf0aedff6) Importer(815301076,1909f56bfc062723c751e8b465ee728b)
Start importing Assets/Content/Prefabs/Rooms/Room_1.prefab using Guid(bb82f8d17a1f79e44ad7cfdcf0aedff6) Importer(815301076,1909f56bfc062723c751e8b465ee728b)  -> (artifact id: '7b4483e991319f1bb8c3f82edc4da72a') in 0.034397 seconds 
========================================================================
Received Import Request.
  Time since last request: 21.586735 seconds.
  path: Assets/Content/Prefabs/Rooms/Coridor
  artifactKey: Guid(7d839819c7ba9904bb5a8b8a33a1db68) Importer(815301076,1909f56bfc062723c751e8b465ee728b)
Start importing Assets/Content/Prefabs/Rooms/Coridor using Guid(7d839819c7ba9904bb5a8b8a33a1db68) Importer(815301076,1909f56bfc062723c751e8b465ee728b)  -> (artifact id: 'e9f9d9256be34d51cb314a56e6d4762f') in 0.001323 seconds 
========================================================================
Received Import Request.
  Time since last request: 1115.398602 seconds.
  path: Assets/Content/Prefabs/Circle Rug Variant.prefab
  artifactKey: Guid(fb44953e98ffed646800dd5de23f7c6a) Importer(815301076,1909f56bfc062723c751e8b465ee728b)
Start importing Assets/Content/Prefabs/Circle Rug Variant.prefab using Guid(fb44953e98ffed646800dd5de23f7c6a) Importer(815301076,1909f56bfc062723c751e8b465ee728b)  -> (artifact id: '94d4e4ae172699072e43f5b59bce6258') in 0.013507 seconds 
========================================================================
Received Import Request.
  Time since last request: 48.481188 seconds.
  path: Assets/Content/Sprites/1a0d71a8d4f4d4c61074d11f0553b668.png
  artifactKey: Guid(5c9eb19351ee3f442b032a6aa60ddb17) Importer(815301076,1909f56bfc062723c751e8b465ee728b)
Start importing Assets/Content/Sprites/1a0d71a8d4f4d4c61074d11f0553b668.png using Guid(5c9eb19351ee3f442b032a6aa60ddb17) Importer(815301076,1909f56bfc062723c751e8b465ee728b)  -> (artifact id: 'fb40eb13788b543a7a29107ba8e4ea12') in 0.069954 seconds 
========================================================================
Received Import Request.
  Time since last request: 0.000031 seconds.
  path: Assets/Content/Sprites/100002120324b0.png
  artifactKey: Guid(20a94ac8866733f4cacd7e8a1c7846f2) Importer(815301076,1909f56bfc062723c751e8b465ee728b)
Start importing Assets/Content/Sprites/100002120324b0.png using Guid(20a94ac8866733f4cacd7e8a1c7846f2) Importer(815301076,1909f56bfc062723c751e8b465ee728b)  -> (artifact id: '93eefbe1df5813c6cc0a7b0f0857d90d') in 0.008665 seconds 
========================================================================
Received Import Request.
  Time since last request: 0.000025 seconds.
  path: Assets/Content/Sprites/carnivalphantasm_22.png
  artifactKey: Guid(a13898d79c7dd274995e7cf780d8e596) Importer(815301076,1909f56bfc062723c751e8b465ee728b)
Start importing Assets/Content/Sprites/carnivalphantasm_22.png using Guid(a13898d79c7dd274995e7cf780d8e596) Importer(815301076,1909f56bfc062723c751e8b465ee728b)  -> (artifact id: 'c3fc724be6620f106d78a5af6966f945') in 0.008207 seconds 
========================================================================
Received Import Request.
  Time since last request: 0.000028 seconds.
  path: Assets/Content/Sprites/212807cf9573ee2b18775f7966153f0172107901r1-912-967v2_uhq.png
  artifactKey: Guid(15fa6d24a9f94374882479cf1520eab9) Importer(815301076,1909f56bfc062723c751e8b465ee728b)
Start importing Assets/Content/Sprites/212807cf9573ee2b18775f7966153f0172107901r1-912-967v2_uhq.png using Guid(15fa6d24a9f94374882479cf1520eab9) Importer(815301076,1909f56bfc062723c751e8b465ee728b)  -> (artifact id: 'ddfadb9c6ac3b74fe9f2388adc27f68c') in 0.008454 seconds 
=======
>>>>>>> remotes/origin/DenKach
Editor requested this worker to shutdown with reason: Scaling down because of idle timeout
AssetImportWorker is now disconnected from the server
Process exiting
Exiting without the bug reporter. Application will terminate with return code 0