Using pre-set license
Built from '2021.3/staging' branch; Version is '2021.3.5f1 (40eb3a945986) revision 4254522'; Using compiler version '192829333'; Build Type 'Release'
OS: 'Windows 10  (10.0.19044) 64bit Professional' Language: 'ru' Physical Memory: 16304 MB
BatchMode: 1, IsHumanControllingUs: 0, StartBugReporterOnCrash: 0, Is64bit: 1, IsPro: 1

COMMAND LINE ARGUMENTS:
D:\unity\2021.3.5f1\Editor\Unity.exe
-adb2
-batchMode
-noUpm
-name
AssetImportWorker1
-projectPath
D:/GameUnity/Hide & Seek Alarm Clocks
-logFile
Logs/AssetImportWorker1.log
-srvPort
60459
Successfully changed project path to: D:/GameUnity/Hide & Seek Alarm Clocks
D:/GameUnity/Hide & Seek Alarm Clocks
[UnityMemory] Configuration Parameters - Can be set up in boot.config
    "memorysetup-bucket-allocator-granularity=16"
    "memorysetup-bucket-allocator-bucket-count=8"
    "memorysetup-bucket-allocator-block-size=33554432"
    "memorysetup-bucket-allocator-block-count=8"
    "memorysetup-main-allocator-block-size=16777216"
    "memorysetup-thread-allocator-block-size=16777216"
    "memorysetup-gfx-main-allocator-block-size=16777216"
    "memorysetup-gfx-thread-allocator-block-size=16777216"
    "memorysetup-cache-allocator-block-size=4194304"
    "memorysetup-typetree-allocator-block-size=2097152"
    "memorysetup-profiler-bucket-allocator-granularity=16"
    "memorysetup-profiler-bucket-allocator-bucket-count=8"
    "memorysetup-profiler-bucket-allocator-block-size=33554432"
    "memorysetup-profiler-bucket-allocator-block-count=8"
    "memorysetup-profiler-allocator-block-size=16777216"
    "memorysetup-profiler-editor-allocator-block-size=1048576"
    "memorysetup-temp-allocator-size-main=16777216"
    "memorysetup-job-temp-allocator-block-size=2097152"
    "memorysetup-job-temp-allocator-block-size-background=1048576"
    "memorysetup-job-temp-allocator-reduction-small-platforms=262144"
    "memorysetup-temp-allocator-size-background-worker=32768"
    "memorysetup-temp-allocator-size-job-worker=262144"
    "memorysetup-temp-allocator-size-preload-manager=33554432"
    "memorysetup-temp-allocator-size-nav-mesh-worker=65536"
    "memorysetup-temp-allocator-size-audio-worker=65536"
    "memorysetup-temp-allocator-size-cloud-worker=32768"
    "memorysetup-temp-allocator-size-gi-baking-worker=262144"
    "memorysetup-temp-allocator-size-gfx=262144"
Refreshing native plugins compatible for Editor in 128.87 ms, found 3 plugins.
Preloading 0 native plugins for Editor in 0.00 ms.
Initialize engine version: 2021.3.5f1 (40eb3a945986)
[Subsystems] Discovering subsystems at path D:/unity/2021.3.5f1/Editor/Data/Resources/UnitySubsystems
[Subsystems] Discovering subsystems at path D:/GameUnity/Hide & Seek Alarm Clocks/Assets
GfxDevice: creating device client; threaded=0; jobified=0
Direct3D:
    Version:  Direct3D 11.0 [level 11.1]
    Renderer: NVIDIA GeForce GTX 1060 6GB (ID=0x1c03)
    Vendor:   NVIDIA
    VRAM:     6052 MB
    Driver:   30.0.15.1123
Initialize mono
Mono path[0] = 'D:/unity/2021.3.5f1/Editor/Data/Managed'
Mono path[1] = 'D:/unity/2021.3.5f1/Editor/Data/MonoBleedingEdge/lib/mono/unityjit-win32'
Mono config path = 'D:/unity/2021.3.5f1/Editor/Data/MonoBleedingEdge/etc'
Using monoOptions --debugger-agent=transport=dt_socket,embedding=1,server=y,suspend=n,address=127.0.0.1:56092
Begin MonoManager ReloadAssembly
Registering precompiled unity dll's ...
Register platform support module: D:/unity/2021.3.5f1/Editor/Data/PlaybackEngines/WebGLSupport/UnityEditor.WebGL.Extensions.dll
Register platform support module: D:/unity/2021.3.5f1/Editor/Data/PlaybackEngines/WindowsStandaloneSupport/UnityEditor.WindowsStandalone.Extensions.dll
Registered in 0.004385 seconds.
Native extension for WindowsStandalone target not found
Native extension for WebGL target not found
Refreshing native plugins compatible for Editor in 119.47 ms, found 3 plugins.
Preloading 0 native plugins for Editor in 0.00 ms.
Mono: successfully reloaded assembly
- Completed reload, in  0.891 seconds
Domain Reload Profiling:
	ReloadAssembly (892ms)
		BeginReloadAssembly (94ms)
			ExecutionOrderSort (0ms)
			DisableScriptedObjects (0ms)
			BackupInstance (0ms)
			ReleaseScriptingObjects (0ms)
			CreateAndSetChildDomain (1ms)
		EndReloadAssembly (650ms)
			LoadAssemblies (93ms)
			RebuildTransferFunctionScriptingTraits (0ms)
			SetupTypeCache (152ms)
			ReleaseScriptCaches (0ms)
			RebuildScriptCaches (43ms)
			SetupLoadedEditorAssemblies (385ms)
				LogAssemblyErrors (0ms)
				InitializePlatformSupportModulesInManaged (11ms)
				SetLoadedEditorAssemblies (0ms)
				RefreshPlugins (120ms)
				BeforeProcessingInitializeOnLoad (2ms)
				ProcessInitializeOnLoadAttributes (184ms)
				ProcessInitializeOnLoadMethodAttributes (68ms)
				AfterProcessingInitializeOnLoad (0ms)
				EditorAssembliesLoaded (0ms)
			ExecutionOrderSort2 (0ms)
			AwakeInstancesAfterBackupRestoration (0ms)
Platform modules already initialized, skipping
Registering precompiled user dll's ...
Registered in 0.006802 seconds.
Begin MonoManager ReloadAssembly
Symbol file LoadedFromMemory doesn't match image D:\GameUnity\Hide & Seek Alarm Clocks\Library\PackageCache\com.unity.visualscripting@1.7.8\Editor\VisualScripting.Core\Dependencies\YamlDotNet\Unity.VisualScripting.YamlDotNet.dll
Symbol file LoadedFromMemory doesn't match image D:\GameUnity\Hide & Seek Alarm Clocks\Library\PackageCache\com.unity.visualscripting@1.7.8\Editor\VisualScripting.Core\Dependencies\DotNetZip\Unity.VisualScripting.IonicZip.dll
Native extension for WindowsStandalone target not found
Native extension for WebGL target not found
Refreshing native plugins compatible for Editor in 1.03 ms, found 3 plugins.
Preloading 0 native plugins for Editor in 0.00 ms.
Mono: successfully reloaded assembly
- Completed reload, in  1.444 seconds
Domain Reload Profiling:
	ReloadAssembly (1446ms)
		BeginReloadAssembly (160ms)
			ExecutionOrderSort (0ms)
			DisableScriptedObjects (9ms)
			BackupInstance (0ms)
			ReleaseScriptingObjects (0ms)
			CreateAndSetChildDomain (23ms)
		EndReloadAssembly (1124ms)
			LoadAssemblies (100ms)
			RebuildTransferFunctionScriptingTraits (0ms)
			SetupTypeCache (381ms)
			ReleaseScriptCaches (1ms)
			RebuildScriptCaches (76ms)
			SetupLoadedEditorAssemblies (511ms)
				LogAssemblyErrors (0ms)
				InitializePlatformSupportModulesInManaged (8ms)
				SetLoadedEditorAssemblies (1ms)
				RefreshPlugins (1ms)
				BeforeProcessingInitializeOnLoad (119ms)
				ProcessInitializeOnLoadAttributes (335ms)
				ProcessInitializeOnLoadMethodAttributes (42ms)
				AfterProcessingInitializeOnLoad (5ms)
				EditorAssembliesLoaded (0ms)
			ExecutionOrderSort2 (0ms)
			AwakeInstancesAfterBackupRestoration (8ms)
Platform modules already initialized, skipping
========================================================================
Worker process is ready to serve import requests
Launched and connected shader compiler UnityShaderCompiler.exe after 0.10 seconds
Refreshing native plugins compatible for Editor in 1.03 ms, found 3 plugins.
Preloading 0 native plugins for Editor in 0.00 ms.
Unloading 3394 Unused Serialized files (Serialized files now loaded: 0)
Unloading 28 unused Assets / (343.2 KB). Loaded Objects now: 3851.
Memory consumption went from 124.6 MB to 124.3 MB.
Total: 4.067000 ms (FindLiveObjects: 0.310700 ms CreateObjectMapping: 0.163200 ms MarkObjects: 3.458000 ms  DeleteObjects: 0.133900 ms)

AssetImportParameters requested are different than current active one (requested -> active):
  custom:video-decoder-ogg-theora: a1e56fd34408186e4bbccfd4996cb3dc -> 
  custom:container-muxer-webm: aa71ff27fc2769a1b78a27578f13a17b -> 
  custom:container-demuxer-webm: 4f35f7cbe854078d1ac9338744f61a02 -> 
  custom:video-encoder-webm-vp8: eb34c28f22e8b96e1ab97ce403110664 -> 
  custom:audio-encoder-webm-vorbis: bf7c407c2cedff20999df2af8eb42d56 -> 
  custom:framework-win-MediaFoundation: 216162199b28c13a410421893ffa2e32 -> 
  custom:container-demuxer-ogg: 62fdf1f143b41e24485cea50d1cbac27 -> 
  custom:video-decoder-webm-vp8: 9c59270c3fd7afecdb556c50c9e8de78 -> 
  custom:audio-decoder-ogg-vorbis: bf7c407c2cedff20999df2af8eb42d56 -> 
========================================================================
Received Import Request.
  Time since last request: 242015.241288 seconds.
  path: Assets/Content/Materials/Wood-2.mat
  artifactKey: Guid(36abd0a4b55626b4d8bf6637529a03b7) Importer(815301076,1909f56bfc062723c751e8b465ee728b)
Start importing Assets/Content/Materials/Wood-2.mat using Guid(36abd0a4b55626b4d8bf6637529a03b7) Importer(815301076,1909f56bfc062723c751e8b465ee728b)  -> (artifact id: '727844839e2a30fca1758a60ab379626') in 0.162881 seconds 
========================================================================
Received Import Request.
  Time since last request: 1377.956858 seconds.
  path: Assets/TMI - Living Room/Textures/armchair.png
  artifactKey: Guid(992142356b3e1144cb8cd59f9aadc252) Importer(815301076,1909f56bfc062723c751e8b465ee728b)
Start importing Assets/TMI - Living Room/Textures/armchair.png using Guid(992142356b3e1144cb8cd59f9aadc252) Importer(815301076,1909f56bfc062723c751e8b465ee728b)  -> (artifact id: '87ddeb5ea0e2f5fc6929abcfcf627d9b') in 0.061727 seconds 
========================================================================
Received Import Request.
  Time since last request: 0.000026 seconds.
  path: Assets/TMI - Living Room/Textures/bookA.png
  artifactKey: Guid(502eef5f381044c4d8f295ffdf5a6826) Importer(815301076,1909f56bfc062723c751e8b465ee728b)
Start importing Assets/TMI - Living Room/Textures/bookA.png using Guid(502eef5f381044c4d8f295ffdf5a6826) Importer(815301076,1909f56bfc062723c751e8b465ee728b)  -> (artifact id: 'b710df56d33b8ecacca2d6a9784b6b4a') in 0.007904 seconds 
========================================================================
Received Import Request.
  Time since last request: 0.000019 seconds.
  path: Assets/TMI - Living Room/Textures/bookB.png
  artifactKey: Guid(a78116bd8bcfa6740971f28783fb86aa) Importer(815301076,1909f56bfc062723c751e8b465ee728b)
Start importing Assets/TMI - Living Room/Textures/bookB.png using Guid(a78116bd8bcfa6740971f28783fb86aa) Importer(815301076,1909f56bfc062723c751e8b465ee728b)  -> (artifact id: '3d571b3a973f52474a1f221f405376f5') in 0.006826 seconds 
========================================================================
Received Import Request.
  Time since last request: 0.000026 seconds.
  path: Assets/TMI - Living Room/Textures/short table.png
  artifactKey: Guid(e8def3f4c3138764c982efb84a32e4e3) Importer(815301076,1909f56bfc062723c751e8b465ee728b)
Start importing Assets/TMI - Living Room/Textures/short table.png using Guid(e8def3f4c3138764c982efb84a32e4e3) Importer(815301076,1909f56bfc062723c751e8b465ee728b)  -> (artifact id: '7c20a9aa86f5e267e5304a732194519b') in 0.006313 seconds 
========================================================================
Received Import Request.
  Time since last request: 0.000032 seconds.
  path: Assets/TMI - Living Room/Textures/Shelf.png
  artifactKey: Guid(d1e33d69d67007043a5875b2b5d2b8b7) Importer(815301076,1909f56bfc062723c751e8b465ee728b)
Start importing Assets/TMI - Living Room/Textures/Shelf.png using Guid(d1e33d69d67007043a5875b2b5d2b8b7) Importer(815301076,1909f56bfc062723c751e8b465ee728b)  -> (artifact id: '63fbff42352543e340ef1f9238d7ba09') in 0.009037 seconds 
========================================================================
Received Import Request.
  Time since last request: 0.000031 seconds.
  path: Assets/TMI - Living Room/Textures/tea cup.png
  artifactKey: Guid(aa7146361901fd04a8db64a55fbd7b77) Importer(815301076,1909f56bfc062723c751e8b465ee728b)
Start importing Assets/TMI - Living Room/Textures/tea cup.png using Guid(aa7146361901fd04a8db64a55fbd7b77) Importer(815301076,1909f56bfc062723c751e8b465ee728b)  -> (artifact id: 'd9239d69c2962d1bb4c491f46099af01') in 0.008708 seconds 
========================================================================
Received Import Request.
  Time since last request: 0.000026 seconds.
  path: Assets/TMI - Living Room/Textures/single shelf.png
  artifactKey: Guid(ad7a8d911fb03644f9aeedb2a684ebfe) Importer(815301076,1909f56bfc062723c751e8b465ee728b)
Start importing Assets/TMI - Living Room/Textures/single shelf.png using Guid(ad7a8d911fb03644f9aeedb2a684ebfe) Importer(815301076,1909f56bfc062723c751e8b465ee728b)  -> (artifact id: 'aec547ceeb02f6e638ffec5171d61d4a') in 0.007297 seconds 
========================================================================
Received Import Request.
  Time since last request: 0.000027 seconds.
  path: Assets/TMI - Living Room/Textures/sofa.png
  artifactKey: Guid(d309bc3851d87c34b9d3be2629e1e0cd) Importer(815301076,1909f56bfc062723c751e8b465ee728b)
Start importing Assets/TMI - Living Room/Textures/sofa.png using Guid(d309bc3851d87c34b9d3be2629e1e0cd) Importer(815301076,1909f56bfc062723c751e8b465ee728b)  -> (artifact id: 'bd367c434c340bddb8f964172f00a65c') in 0.008013 seconds 
Editor requested this worker to shutdown with reason: Scaling down because of idle timeout
AssetImportWorker is now disconnected from the server
Process exiting
Exiting without the bug reporter. Application will terminate with return code 0